[2023-05-11T15:27:41.386+0000] {processor.py:156} INFO - Started process (PID=34) to work on /opt/airflow/dags/dag1.py
[2023-05-11T15:27:41.388+0000] {processor.py:799} INFO - Processing file /opt/airflow/dags/dag1.py for tasks to queue
[2023-05-11T15:27:41.389+0000] {logging_mixin.py:149} INFO - [2023-05-11T15:27:41.389+0000] {dagbag.py:541} INFO - Filling up the DagBag from /opt/airflow/dags/dag1.py
[2023-05-11T15:27:41.440+0000] {processor.py:809} INFO - DAG(s) dict_keys(['first_dag']) retrieved from /opt/airflow/dags/dag1.py
[2023-05-11T15:27:41.499+0000] {logging_mixin.py:149} INFO - [2023-05-11T15:27:41.499+0000] {dag.py:2726} INFO - Sync 1 DAGs
[2023-05-11T15:27:41.514+0000] {logging_mixin.py:149} INFO - [2023-05-11T15:27:41.514+0000] {dag.py:3490} INFO - Setting next_dagrun for first_dag to 2022-01-01T00:00:00+00:00, run_after=2022-01-01T00:01:00+00:00
[2023-05-11T15:27:41.526+0000] {processor.py:178} INFO - Processing /opt/airflow/dags/dag1.py took 0.150 seconds
[2023-05-11T15:28:11.855+0000] {processor.py:156} INFO - Started process (PID=44) to work on /opt/airflow/dags/dag1.py
[2023-05-11T15:28:11.856+0000] {processor.py:799} INFO - Processing file /opt/airflow/dags/dag1.py for tasks to queue
[2023-05-11T15:28:11.857+0000] {logging_mixin.py:149} INFO - [2023-05-11T15:28:11.857+0000] {dagbag.py:541} INFO - Filling up the DagBag from /opt/airflow/dags/dag1.py
[2023-05-11T15:28:11.874+0000] {processor.py:809} INFO - DAG(s) dict_keys(['first_dag']) retrieved from /opt/airflow/dags/dag1.py
[2023-05-11T15:28:11.918+0000] {logging_mixin.py:149} INFO - [2023-05-11T15:28:11.917+0000] {dag.py:2726} INFO - Sync 1 DAGs
[2023-05-11T15:28:11.930+0000] {logging_mixin.py:149} INFO - [2023-05-11T15:28:11.930+0000] {dag.py:3490} INFO - Setting next_dagrun for first_dag to 2022-01-01T00:00:00+00:00, run_after=2022-01-01T00:01:00+00:00
[2023-05-11T15:28:11.941+0000] {processor.py:178} INFO - Processing /opt/airflow/dags/dag1.py took 0.089 seconds
[2023-05-11T15:28:42.264+0000] {processor.py:156} INFO - Started process (PID=55) to work on /opt/airflow/dags/dag1.py
[2023-05-11T15:28:42.265+0000] {processor.py:799} INFO - Processing file /opt/airflow/dags/dag1.py for tasks to queue
[2023-05-11T15:28:42.266+0000] {logging_mixin.py:149} INFO - [2023-05-11T15:28:42.266+0000] {dagbag.py:541} INFO - Filling up the DagBag from /opt/airflow/dags/dag1.py
[2023-05-11T15:28:42.282+0000] {processor.py:809} INFO - DAG(s) dict_keys(['first_dag']) retrieved from /opt/airflow/dags/dag1.py
[2023-05-11T15:28:42.324+0000] {logging_mixin.py:149} INFO - [2023-05-11T15:28:42.323+0000] {dag.py:2726} INFO - Sync 1 DAGs
[2023-05-11T15:28:42.336+0000] {logging_mixin.py:149} INFO - [2023-05-11T15:28:42.336+0000] {dag.py:3490} INFO - Setting next_dagrun for first_dag to 2022-01-01T00:00:00+00:00, run_after=2022-01-01T00:01:00+00:00
[2023-05-11T15:28:42.347+0000] {processor.py:178} INFO - Processing /opt/airflow/dags/dag1.py took 0.086 seconds
[2023-05-11T15:29:12.757+0000] {processor.py:156} INFO - Started process (PID=67) to work on /opt/airflow/dags/dag1.py
[2023-05-11T15:29:12.759+0000] {processor.py:799} INFO - Processing file /opt/airflow/dags/dag1.py for tasks to queue
[2023-05-11T15:29:12.761+0000] {logging_mixin.py:149} INFO - [2023-05-11T15:29:12.760+0000] {dagbag.py:541} INFO - Filling up the DagBag from /opt/airflow/dags/dag1.py
[2023-05-11T15:29:12.784+0000] {processor.py:809} INFO - DAG(s) dict_keys(['first_dag']) retrieved from /opt/airflow/dags/dag1.py
[2023-05-11T15:29:12.827+0000] {logging_mixin.py:149} INFO - [2023-05-11T15:29:12.827+0000] {dag.py:2726} INFO - Sync 1 DAGs
[2023-05-11T15:29:12.843+0000] {logging_mixin.py:149} INFO - [2023-05-11T15:29:12.842+0000] {dag.py:3490} INFO - Setting next_dagrun for first_dag to 2022-01-01T00:00:00+00:00, run_after=2022-01-01T00:01:00+00:00
[2023-05-11T15:29:12.853+0000] {processor.py:178} INFO - Processing /opt/airflow/dags/dag1.py took 0.101 seconds
[2023-05-11T15:29:43.309+0000] {processor.py:156} INFO - Started process (PID=81) to work on /opt/airflow/dags/dag1.py
[2023-05-11T15:29:43.310+0000] {processor.py:799} INFO - Processing file /opt/airflow/dags/dag1.py for tasks to queue
[2023-05-11T15:29:43.311+0000] {logging_mixin.py:149} INFO - [2023-05-11T15:29:43.311+0000] {dagbag.py:541} INFO - Filling up the DagBag from /opt/airflow/dags/dag1.py
[2023-05-11T15:29:43.328+0000] {processor.py:809} INFO - DAG(s) dict_keys(['first_dag']) retrieved from /opt/airflow/dags/dag1.py
[2023-05-11T15:29:43.373+0000] {logging_mixin.py:149} INFO - [2023-05-11T15:29:43.373+0000] {dag.py:2726} INFO - Sync 1 DAGs
[2023-05-11T15:29:43.390+0000] {logging_mixin.py:149} INFO - [2023-05-11T15:29:43.390+0000] {dag.py:3490} INFO - Setting next_dagrun for first_dag to 2022-01-01T00:00:00+00:00, run_after=2022-01-01T00:01:00+00:00
[2023-05-11T15:29:43.404+0000] {processor.py:178} INFO - Processing /opt/airflow/dags/dag1.py took 0.098 seconds
[2023-05-11T15:30:13.773+0000] {processor.py:156} INFO - Started process (PID=93) to work on /opt/airflow/dags/dag1.py
[2023-05-11T15:30:13.774+0000] {processor.py:799} INFO - Processing file /opt/airflow/dags/dag1.py for tasks to queue
[2023-05-11T15:30:13.775+0000] {logging_mixin.py:149} INFO - [2023-05-11T15:30:13.775+0000] {dagbag.py:541} INFO - Filling up the DagBag from /opt/airflow/dags/dag1.py
[2023-05-11T15:30:13.801+0000] {processor.py:809} INFO - DAG(s) dict_keys(['first_dag']) retrieved from /opt/airflow/dags/dag1.py
[2023-05-11T15:30:13.846+0000] {logging_mixin.py:149} INFO - [2023-05-11T15:30:13.846+0000] {dag.py:2726} INFO - Sync 1 DAGs
[2023-05-11T15:30:13.862+0000] {logging_mixin.py:149} INFO - [2023-05-11T15:30:13.861+0000] {dag.py:3490} INFO - Setting next_dagrun for first_dag to 2022-01-01T00:00:00+00:00, run_after=2022-01-01T00:01:00+00:00
[2023-05-11T15:30:13.873+0000] {processor.py:178} INFO - Processing /opt/airflow/dags/dag1.py took 0.105 seconds
[2023-05-11T15:30:44.223+0000] {processor.py:156} INFO - Started process (PID=103) to work on /opt/airflow/dags/dag1.py
[2023-05-11T15:30:44.224+0000] {processor.py:799} INFO - Processing file /opt/airflow/dags/dag1.py for tasks to queue
[2023-05-11T15:30:44.225+0000] {logging_mixin.py:149} INFO - [2023-05-11T15:30:44.225+0000] {dagbag.py:541} INFO - Filling up the DagBag from /opt/airflow/dags/dag1.py
[2023-05-11T15:30:44.248+0000] {processor.py:809} INFO - DAG(s) dict_keys(['first_dag']) retrieved from /opt/airflow/dags/dag1.py
[2023-05-11T15:30:44.291+0000] {logging_mixin.py:149} INFO - [2023-05-11T15:30:44.291+0000] {dag.py:2726} INFO - Sync 1 DAGs
[2023-05-11T15:30:44.306+0000] {logging_mixin.py:149} INFO - [2023-05-11T15:30:44.305+0000] {dag.py:3490} INFO - Setting next_dagrun for first_dag to 2022-01-01T00:00:00+00:00, run_after=2022-01-01T00:01:00+00:00
[2023-05-11T15:30:44.316+0000] {processor.py:178} INFO - Processing /opt/airflow/dags/dag1.py took 0.098 seconds
[2023-05-11T15:31:14.633+0000] {processor.py:156} INFO - Started process (PID=113) to work on /opt/airflow/dags/dag1.py
[2023-05-11T15:31:14.634+0000] {processor.py:799} INFO - Processing file /opt/airflow/dags/dag1.py for tasks to queue
[2023-05-11T15:31:14.635+0000] {logging_mixin.py:149} INFO - [2023-05-11T15:31:14.635+0000] {dagbag.py:541} INFO - Filling up the DagBag from /opt/airflow/dags/dag1.py
[2023-05-11T15:31:14.661+0000] {processor.py:809} INFO - DAG(s) dict_keys(['first_dag']) retrieved from /opt/airflow/dags/dag1.py
[2023-05-11T15:31:14.716+0000] {logging_mixin.py:149} INFO - [2023-05-11T15:31:14.716+0000] {dag.py:2726} INFO - Sync 1 DAGs
[2023-05-11T15:31:14.732+0000] {logging_mixin.py:149} INFO - [2023-05-11T15:31:14.732+0000] {dag.py:3490} INFO - Setting next_dagrun for first_dag to 2022-01-01T00:00:00+00:00, run_after=2022-01-01T00:01:00+00:00
[2023-05-11T15:31:14.746+0000] {processor.py:178} INFO - Processing /opt/airflow/dags/dag1.py took 0.116 seconds
[2023-05-11T15:31:45.337+0000] {processor.py:156} INFO - Started process (PID=126) to work on /opt/airflow/dags/dag1.py
[2023-05-11T15:31:45.340+0000] {processor.py:799} INFO - Processing file /opt/airflow/dags/dag1.py for tasks to queue
[2023-05-11T15:31:45.341+0000] {logging_mixin.py:149} INFO - [2023-05-11T15:31:45.341+0000] {dagbag.py:541} INFO - Filling up the DagBag from /opt/airflow/dags/dag1.py
[2023-05-11T15:31:45.367+0000] {processor.py:809} INFO - DAG(s) dict_keys(['first_dag']) retrieved from /opt/airflow/dags/dag1.py
[2023-05-11T15:31:45.413+0000] {logging_mixin.py:149} INFO - [2023-05-11T15:31:45.413+0000] {dag.py:2726} INFO - Sync 1 DAGs
[2023-05-11T15:31:45.428+0000] {logging_mixin.py:149} INFO - [2023-05-11T15:31:45.428+0000] {dag.py:3490} INFO - Setting next_dagrun for first_dag to 2022-01-01T00:00:00+00:00, run_after=2022-01-01T00:01:00+00:00
[2023-05-11T15:31:45.439+0000] {processor.py:178} INFO - Processing /opt/airflow/dags/dag1.py took 0.105 seconds
[2023-05-11T15:32:15.704+0000] {processor.py:156} INFO - Started process (PID=136) to work on /opt/airflow/dags/dag1.py
[2023-05-11T15:32:15.705+0000] {processor.py:799} INFO - Processing file /opt/airflow/dags/dag1.py for tasks to queue
[2023-05-11T15:32:15.706+0000] {logging_mixin.py:149} INFO - [2023-05-11T15:32:15.706+0000] {dagbag.py:541} INFO - Filling up the DagBag from /opt/airflow/dags/dag1.py
[2023-05-11T15:32:15.726+0000] {processor.py:809} INFO - DAG(s) dict_keys(['first_dag']) retrieved from /opt/airflow/dags/dag1.py
[2023-05-11T15:32:15.778+0000] {logging_mixin.py:149} INFO - [2023-05-11T15:32:15.778+0000] {dag.py:2726} INFO - Sync 1 DAGs
[2023-05-11T15:32:15.795+0000] {logging_mixin.py:149} INFO - [2023-05-11T15:32:15.794+0000] {dag.py:3490} INFO - Setting next_dagrun for first_dag to 2022-01-01T00:00:00+00:00, run_after=2022-01-01T00:01:00+00:00
[2023-05-11T15:32:15.806+0000] {processor.py:178} INFO - Processing /opt/airflow/dags/dag1.py took 0.105 seconds
[2023-05-11T15:32:46.149+0000] {processor.py:156} INFO - Started process (PID=146) to work on /opt/airflow/dags/dag1.py
[2023-05-11T15:32:46.151+0000] {processor.py:799} INFO - Processing file /opt/airflow/dags/dag1.py for tasks to queue
[2023-05-11T15:32:46.152+0000] {logging_mixin.py:149} INFO - [2023-05-11T15:32:46.152+0000] {dagbag.py:541} INFO - Filling up the DagBag from /opt/airflow/dags/dag1.py
[2023-05-11T15:32:46.171+0000] {processor.py:809} INFO - DAG(s) dict_keys(['first_dag']) retrieved from /opt/airflow/dags/dag1.py
[2023-05-11T15:32:46.218+0000] {logging_mixin.py:149} INFO - [2023-05-11T15:32:46.217+0000] {dag.py:2726} INFO - Sync 1 DAGs
[2023-05-11T15:32:46.231+0000] {logging_mixin.py:149} INFO - [2023-05-11T15:32:46.231+0000] {dag.py:3490} INFO - Setting next_dagrun for first_dag to 2022-01-01T00:00:00+00:00, run_after=2022-01-01T00:01:00+00:00
[2023-05-11T15:32:46.242+0000] {processor.py:178} INFO - Processing /opt/airflow/dags/dag1.py took 0.097 seconds
[2023-05-11T15:33:16.546+0000] {processor.py:156} INFO - Started process (PID=156) to work on /opt/airflow/dags/dag1.py
[2023-05-11T15:33:16.547+0000] {processor.py:799} INFO - Processing file /opt/airflow/dags/dag1.py for tasks to queue
[2023-05-11T15:33:16.549+0000] {logging_mixin.py:149} INFO - [2023-05-11T15:33:16.549+0000] {dagbag.py:541} INFO - Filling up the DagBag from /opt/airflow/dags/dag1.py
[2023-05-11T15:33:16.573+0000] {processor.py:809} INFO - DAG(s) dict_keys(['first_dag']) retrieved from /opt/airflow/dags/dag1.py
[2023-05-11T15:33:16.618+0000] {logging_mixin.py:149} INFO - [2023-05-11T15:33:16.618+0000] {dag.py:2726} INFO - Sync 1 DAGs
[2023-05-11T15:33:16.634+0000] {logging_mixin.py:149} INFO - [2023-05-11T15:33:16.634+0000] {dag.py:3490} INFO - Setting next_dagrun for first_dag to 2022-01-01T00:00:00+00:00, run_after=2022-01-01T00:01:00+00:00
[2023-05-11T15:33:16.644+0000] {processor.py:178} INFO - Processing /opt/airflow/dags/dag1.py took 0.103 seconds
[2023-05-11T15:33:46.961+0000] {processor.py:156} INFO - Started process (PID=166) to work on /opt/airflow/dags/dag1.py
[2023-05-11T15:33:46.963+0000] {processor.py:799} INFO - Processing file /opt/airflow/dags/dag1.py for tasks to queue
[2023-05-11T15:33:46.965+0000] {logging_mixin.py:149} INFO - [2023-05-11T15:33:46.965+0000] {dagbag.py:541} INFO - Filling up the DagBag from /opt/airflow/dags/dag1.py
[2023-05-11T15:33:46.988+0000] {processor.py:809} INFO - DAG(s) dict_keys(['first_dag']) retrieved from /opt/airflow/dags/dag1.py
[2023-05-11T15:33:47.044+0000] {logging_mixin.py:149} INFO - [2023-05-11T15:33:47.044+0000] {dag.py:2726} INFO - Sync 1 DAGs
[2023-05-11T15:33:47.066+0000] {logging_mixin.py:149} INFO - [2023-05-11T15:33:47.066+0000] {dag.py:3490} INFO - Setting next_dagrun for first_dag to 2022-01-01T00:00:00+00:00, run_after=2022-01-01T00:01:00+00:00
[2023-05-11T15:33:47.077+0000] {processor.py:178} INFO - Processing /opt/airflow/dags/dag1.py took 0.120 seconds
[2023-05-11T15:34:17.349+0000] {processor.py:156} INFO - Started process (PID=176) to work on /opt/airflow/dags/dag1.py
[2023-05-11T15:34:17.350+0000] {processor.py:799} INFO - Processing file /opt/airflow/dags/dag1.py for tasks to queue
[2023-05-11T15:34:17.351+0000] {logging_mixin.py:149} INFO - [2023-05-11T15:34:17.350+0000] {dagbag.py:541} INFO - Filling up the DagBag from /opt/airflow/dags/dag1.py
[2023-05-11T15:34:17.366+0000] {processor.py:809} INFO - DAG(s) dict_keys(['first_dag']) retrieved from /opt/airflow/dags/dag1.py
[2023-05-11T15:34:17.408+0000] {logging_mixin.py:149} INFO - [2023-05-11T15:34:17.407+0000] {dag.py:2726} INFO - Sync 1 DAGs
[2023-05-11T15:34:17.422+0000] {logging_mixin.py:149} INFO - [2023-05-11T15:34:17.422+0000] {dag.py:3490} INFO - Setting next_dagrun for first_dag to 2022-01-01T00:00:00+00:00, run_after=2022-01-01T00:01:00+00:00
[2023-05-11T15:34:17.434+0000] {processor.py:178} INFO - Processing /opt/airflow/dags/dag1.py took 0.088 seconds
[2023-05-11T15:36:31.357+0000] {processor.py:156} INFO - Started process (PID=33) to work on /opt/airflow/dags/dag1.py
[2023-05-11T15:36:31.358+0000] {processor.py:799} INFO - Processing file /opt/airflow/dags/dag1.py for tasks to queue
[2023-05-11T15:36:31.359+0000] {logging_mixin.py:149} INFO - [2023-05-11T15:36:31.359+0000] {dagbag.py:541} INFO - Filling up the DagBag from /opt/airflow/dags/dag1.py
[2023-05-11T15:36:31.395+0000] {processor.py:809} INFO - DAG(s) dict_keys(['first_dag']) retrieved from /opt/airflow/dags/dag1.py
[2023-05-11T15:36:31.439+0000] {logging_mixin.py:149} INFO - [2023-05-11T15:36:31.439+0000] {dag.py:2726} INFO - Sync 1 DAGs
[2023-05-11T15:36:31.453+0000] {logging_mixin.py:149} INFO - [2023-05-11T15:36:31.453+0000] {dag.py:3490} INFO - Setting next_dagrun for first_dag to 2022-01-01T00:00:00+00:00, run_after=2022-01-01T00:01:00+00:00
[2023-05-11T15:36:31.467+0000] {processor.py:178} INFO - Processing /opt/airflow/dags/dag1.py took 0.112 seconds
[2023-05-11T15:37:01.870+0000] {processor.py:156} INFO - Started process (PID=71) to work on /opt/airflow/dags/dag1.py
[2023-05-11T15:37:01.873+0000] {processor.py:799} INFO - Processing file /opt/airflow/dags/dag1.py for tasks to queue
[2023-05-11T15:37:01.875+0000] {logging_mixin.py:149} INFO - [2023-05-11T15:37:01.875+0000] {dagbag.py:541} INFO - Filling up the DagBag from /opt/airflow/dags/dag1.py
[2023-05-11T15:37:01.932+0000] {processor.py:809} INFO - DAG(s) dict_keys(['first_dag']) retrieved from /opt/airflow/dags/dag1.py
[2023-05-11T15:37:02.012+0000] {logging_mixin.py:149} INFO - [2023-05-11T15:37:02.012+0000] {dag.py:2726} INFO - Sync 1 DAGs
[2023-05-11T15:37:02.061+0000] {processor.py:178} INFO - Processing /opt/airflow/dags/dag1.py took 0.194 seconds
[2023-05-11T15:37:32.239+0000] {processor.py:156} INFO - Started process (PID=228) to work on /opt/airflow/dags/dag1.py
[2023-05-11T15:37:32.241+0000] {processor.py:799} INFO - Processing file /opt/airflow/dags/dag1.py for tasks to queue
[2023-05-11T15:37:32.242+0000] {logging_mixin.py:149} INFO - [2023-05-11T15:37:32.242+0000] {dagbag.py:541} INFO - Filling up the DagBag from /opt/airflow/dags/dag1.py
[2023-05-11T15:37:32.269+0000] {processor.py:809} INFO - DAG(s) dict_keys(['first_dag']) retrieved from /opt/airflow/dags/dag1.py
[2023-05-11T15:37:32.350+0000] {logging_mixin.py:149} INFO - [2023-05-11T15:37:32.350+0000] {dag.py:2726} INFO - Sync 1 DAGs
[2023-05-11T15:37:32.374+0000] {logging_mixin.py:149} INFO - [2023-05-11T15:37:32.374+0000] {dag.py:3490} INFO - Setting next_dagrun for first_dag to 2022-01-01T00:48:00+00:00, run_after=2022-01-01T00:49:00+00:00
[2023-05-11T15:37:32.396+0000] {processor.py:178} INFO - Processing /opt/airflow/dags/dag1.py took 0.163 seconds
[2023-05-11T15:38:02.605+0000] {processor.py:156} INFO - Started process (PID=330) to work on /opt/airflow/dags/dag1.py
[2023-05-11T15:38:02.607+0000] {processor.py:799} INFO - Processing file /opt/airflow/dags/dag1.py for tasks to queue
[2023-05-11T15:38:02.607+0000] {logging_mixin.py:149} INFO - [2023-05-11T15:38:02.607+0000] {dagbag.py:541} INFO - Filling up the DagBag from /opt/airflow/dags/dag1.py
[2023-05-11T15:38:02.626+0000] {processor.py:809} INFO - DAG(s) dict_keys(['first_dag']) retrieved from /opt/airflow/dags/dag1.py
[2023-05-11T15:38:02.674+0000] {logging_mixin.py:149} INFO - [2023-05-11T15:38:02.674+0000] {dag.py:2726} INFO - Sync 1 DAGs
[2023-05-11T15:38:02.689+0000] {logging_mixin.py:149} INFO - [2023-05-11T15:38:02.689+0000] {dag.py:3490} INFO - Setting next_dagrun for first_dag to 2022-01-01T01:20:00+00:00, run_after=2022-01-01T01:21:00+00:00
[2023-05-11T15:38:02.700+0000] {processor.py:178} INFO - Processing /opt/airflow/dags/dag1.py took 0.098 seconds
[2023-05-11T15:38:33.083+0000] {processor.py:156} INFO - Started process (PID=438) to work on /opt/airflow/dags/dag1.py
[2023-05-11T15:38:33.088+0000] {processor.py:799} INFO - Processing file /opt/airflow/dags/dag1.py for tasks to queue
[2023-05-11T15:38:33.089+0000] {logging_mixin.py:149} INFO - [2023-05-11T15:38:33.089+0000] {dagbag.py:541} INFO - Filling up the DagBag from /opt/airflow/dags/dag1.py
[2023-05-11T15:38:33.138+0000] {processor.py:809} INFO - DAG(s) dict_keys(['first_dag']) retrieved from /opt/airflow/dags/dag1.py
[2023-05-11T15:38:33.259+0000] {logging_mixin.py:149} INFO - [2023-05-11T15:38:33.259+0000] {dag.py:2726} INFO - Sync 1 DAGs
[2023-05-11T15:38:33.288+0000] {logging_mixin.py:149} INFO - [2023-05-11T15:38:33.288+0000] {dag.py:3490} INFO - Setting next_dagrun for first_dag to 2022-01-01T02:02:00+00:00, run_after=2022-01-01T02:03:00+00:00
[2023-05-11T15:38:33.310+0000] {processor.py:178} INFO - Processing /opt/airflow/dags/dag1.py took 0.230 seconds
[2023-05-11T15:39:03.696+0000] {processor.py:156} INFO - Started process (PID=588) to work on /opt/airflow/dags/dag1.py
[2023-05-11T15:39:03.704+0000] {processor.py:799} INFO - Processing file /opt/airflow/dags/dag1.py for tasks to queue
[2023-05-11T15:39:03.705+0000] {logging_mixin.py:149} INFO - [2023-05-11T15:39:03.705+0000] {dagbag.py:541} INFO - Filling up the DagBag from /opt/airflow/dags/dag1.py
[2023-05-11T15:39:03.781+0000] {processor.py:809} INFO - DAG(s) dict_keys(['first_dag']) retrieved from /opt/airflow/dags/dag1.py
[2023-05-11T15:39:03.860+0000] {logging_mixin.py:149} INFO - [2023-05-11T15:39:03.859+0000] {dag.py:2726} INFO - Sync 1 DAGs
[2023-05-11T15:39:03.886+0000] {logging_mixin.py:149} INFO - [2023-05-11T15:39:03.886+0000] {dag.py:3490} INFO - Setting next_dagrun for first_dag to 2022-01-01T02:36:00+00:00, run_after=2022-01-01T02:37:00+00:00
[2023-05-11T15:39:03.913+0000] {processor.py:178} INFO - Processing /opt/airflow/dags/dag1.py took 0.220 seconds
[2023-05-11T15:39:34.084+0000] {processor.py:156} INFO - Started process (PID=672) to work on /opt/airflow/dags/dag1.py
[2023-05-11T15:39:34.086+0000] {processor.py:799} INFO - Processing file /opt/airflow/dags/dag1.py for tasks to queue
[2023-05-11T15:39:34.086+0000] {logging_mixin.py:149} INFO - [2023-05-11T15:39:34.086+0000] {dagbag.py:541} INFO - Filling up the DagBag from /opt/airflow/dags/dag1.py
[2023-05-11T15:39:34.137+0000] {processor.py:809} INFO - DAG(s) dict_keys(['first_dag']) retrieved from /opt/airflow/dags/dag1.py
[2023-05-11T15:39:34.197+0000] {logging_mixin.py:149} INFO - [2023-05-11T15:39:34.197+0000] {dag.py:2726} INFO - Sync 1 DAGs
[2023-05-11T15:39:34.213+0000] {logging_mixin.py:149} INFO - [2023-05-11T15:39:34.213+0000] {dag.py:3490} INFO - Setting next_dagrun for first_dag to 2022-01-01T02:53:00+00:00, run_after=2022-01-01T02:54:00+00:00
[2023-05-11T15:39:34.225+0000] {processor.py:178} INFO - Processing /opt/airflow/dags/dag1.py took 0.143 seconds
[2023-05-11T15:40:04.510+0000] {processor.py:156} INFO - Started process (PID=681) to work on /opt/airflow/dags/dag1.py
[2023-05-11T15:40:04.512+0000] {processor.py:799} INFO - Processing file /opt/airflow/dags/dag1.py for tasks to queue
[2023-05-11T15:40:04.512+0000] {logging_mixin.py:149} INFO - [2023-05-11T15:40:04.512+0000] {dagbag.py:541} INFO - Filling up the DagBag from /opt/airflow/dags/dag1.py
[2023-05-11T15:40:04.530+0000] {processor.py:809} INFO - DAG(s) dict_keys(['first_dag']) retrieved from /opt/airflow/dags/dag1.py
[2023-05-11T15:40:04.578+0000] {logging_mixin.py:149} INFO - [2023-05-11T15:40:04.577+0000] {dag.py:2726} INFO - Sync 1 DAGs
[2023-05-11T15:40:04.592+0000] {logging_mixin.py:149} INFO - [2023-05-11T15:40:04.592+0000] {dag.py:3490} INFO - Setting next_dagrun for first_dag to 2022-01-01T02:53:00+00:00, run_after=2022-01-01T02:54:00+00:00
[2023-05-11T15:40:04.604+0000] {processor.py:178} INFO - Processing /opt/airflow/dags/dag1.py took 0.096 seconds
[2023-05-11T15:40:34.968+0000] {processor.py:156} INFO - Started process (PID=691) to work on /opt/airflow/dags/dag1.py
[2023-05-11T15:40:34.969+0000] {processor.py:799} INFO - Processing file /opt/airflow/dags/dag1.py for tasks to queue
[2023-05-11T15:40:34.970+0000] {logging_mixin.py:149} INFO - [2023-05-11T15:40:34.970+0000] {dagbag.py:541} INFO - Filling up the DagBag from /opt/airflow/dags/dag1.py
[2023-05-11T15:40:34.986+0000] {processor.py:809} INFO - DAG(s) dict_keys(['first_dag']) retrieved from /opt/airflow/dags/dag1.py
[2023-05-11T15:40:35.029+0000] {logging_mixin.py:149} INFO - [2023-05-11T15:40:35.029+0000] {dag.py:2726} INFO - Sync 1 DAGs
[2023-05-11T15:40:35.044+0000] {logging_mixin.py:149} INFO - [2023-05-11T15:40:35.044+0000] {dag.py:3490} INFO - Setting next_dagrun for first_dag to 2022-01-01T02:53:00+00:00, run_after=2022-01-01T02:54:00+00:00
[2023-05-11T15:40:35.057+0000] {processor.py:178} INFO - Processing /opt/airflow/dags/dag1.py took 0.092 seconds
[2023-05-11T15:41:05.366+0000] {processor.py:156} INFO - Started process (PID=701) to work on /opt/airflow/dags/dag1.py
[2023-05-11T15:41:05.367+0000] {processor.py:799} INFO - Processing file /opt/airflow/dags/dag1.py for tasks to queue
[2023-05-11T15:41:05.368+0000] {logging_mixin.py:149} INFO - [2023-05-11T15:41:05.367+0000] {dagbag.py:541} INFO - Filling up the DagBag from /opt/airflow/dags/dag1.py
[2023-05-11T15:41:05.383+0000] {processor.py:809} INFO - DAG(s) dict_keys(['first_dag']) retrieved from /opt/airflow/dags/dag1.py
[2023-05-11T15:41:05.424+0000] {logging_mixin.py:149} INFO - [2023-05-11T15:41:05.424+0000] {dag.py:2726} INFO - Sync 1 DAGs
[2023-05-11T15:41:05.438+0000] {logging_mixin.py:149} INFO - [2023-05-11T15:41:05.438+0000] {dag.py:3490} INFO - Setting next_dagrun for first_dag to 2022-01-01T02:53:00+00:00, run_after=2022-01-01T02:54:00+00:00
[2023-05-11T15:41:05.450+0000] {processor.py:178} INFO - Processing /opt/airflow/dags/dag1.py took 0.087 seconds
[2023-05-11T15:41:35.826+0000] {processor.py:156} INFO - Started process (PID=711) to work on /opt/airflow/dags/dag1.py
[2023-05-11T15:41:35.827+0000] {processor.py:799} INFO - Processing file /opt/airflow/dags/dag1.py for tasks to queue
[2023-05-11T15:41:35.827+0000] {logging_mixin.py:149} INFO - [2023-05-11T15:41:35.827+0000] {dagbag.py:541} INFO - Filling up the DagBag from /opt/airflow/dags/dag1.py
[2023-05-11T15:41:35.844+0000] {processor.py:809} INFO - DAG(s) dict_keys(['first_dag']) retrieved from /opt/airflow/dags/dag1.py
[2023-05-11T15:41:35.887+0000] {logging_mixin.py:149} INFO - [2023-05-11T15:41:35.887+0000] {dag.py:2726} INFO - Sync 1 DAGs
[2023-05-11T15:41:35.901+0000] {logging_mixin.py:149} INFO - [2023-05-11T15:41:35.901+0000] {dag.py:3490} INFO - Setting next_dagrun for first_dag to 2022-01-01T02:53:00+00:00, run_after=2022-01-01T02:54:00+00:00
[2023-05-11T15:41:35.913+0000] {processor.py:178} INFO - Processing /opt/airflow/dags/dag1.py took 0.090 seconds
[2023-05-11T15:42:06.275+0000] {processor.py:156} INFO - Started process (PID=721) to work on /opt/airflow/dags/dag1.py
[2023-05-11T15:42:06.276+0000] {processor.py:799} INFO - Processing file /opt/airflow/dags/dag1.py for tasks to queue
[2023-05-11T15:42:06.277+0000] {logging_mixin.py:149} INFO - [2023-05-11T15:42:06.277+0000] {dagbag.py:541} INFO - Filling up the DagBag from /opt/airflow/dags/dag1.py
[2023-05-11T15:42:06.291+0000] {processor.py:809} INFO - DAG(s) dict_keys(['first_dag']) retrieved from /opt/airflow/dags/dag1.py
[2023-05-11T15:42:06.333+0000] {logging_mixin.py:149} INFO - [2023-05-11T15:42:06.333+0000] {dag.py:2726} INFO - Sync 1 DAGs
[2023-05-11T15:42:06.347+0000] {logging_mixin.py:149} INFO - [2023-05-11T15:42:06.347+0000] {dag.py:3490} INFO - Setting next_dagrun for first_dag to 2022-01-01T02:53:00+00:00, run_after=2022-01-01T02:54:00+00:00
[2023-05-11T15:42:06.358+0000] {processor.py:178} INFO - Processing /opt/airflow/dags/dag1.py took 0.086 seconds
[2023-05-11T15:42:36.724+0000] {processor.py:156} INFO - Started process (PID=732) to work on /opt/airflow/dags/dag1.py
[2023-05-11T15:42:36.726+0000] {processor.py:799} INFO - Processing file /opt/airflow/dags/dag1.py for tasks to queue
[2023-05-11T15:42:36.727+0000] {logging_mixin.py:149} INFO - [2023-05-11T15:42:36.727+0000] {dagbag.py:541} INFO - Filling up the DagBag from /opt/airflow/dags/dag1.py
[2023-05-11T15:42:36.744+0000] {processor.py:809} INFO - DAG(s) dict_keys(['first_dag']) retrieved from /opt/airflow/dags/dag1.py
[2023-05-11T15:42:36.788+0000] {logging_mixin.py:149} INFO - [2023-05-11T15:42:36.788+0000] {dag.py:2726} INFO - Sync 1 DAGs
[2023-05-11T15:42:36.803+0000] {logging_mixin.py:149} INFO - [2023-05-11T15:42:36.803+0000] {dag.py:3490} INFO - Setting next_dagrun for first_dag to 2022-01-01T02:53:00+00:00, run_after=2022-01-01T02:54:00+00:00
[2023-05-11T15:42:36.815+0000] {processor.py:178} INFO - Processing /opt/airflow/dags/dag1.py took 0.093 seconds
[2023-05-11T15:43:07.177+0000] {processor.py:156} INFO - Started process (PID=742) to work on /opt/airflow/dags/dag1.py
[2023-05-11T15:43:07.178+0000] {processor.py:799} INFO - Processing file /opt/airflow/dags/dag1.py for tasks to queue
[2023-05-11T15:43:07.179+0000] {logging_mixin.py:149} INFO - [2023-05-11T15:43:07.179+0000] {dagbag.py:541} INFO - Filling up the DagBag from /opt/airflow/dags/dag1.py
[2023-05-11T15:43:07.195+0000] {processor.py:809} INFO - DAG(s) dict_keys(['first_dag']) retrieved from /opt/airflow/dags/dag1.py
[2023-05-11T15:43:07.236+0000] {logging_mixin.py:149} INFO - [2023-05-11T15:43:07.236+0000] {dag.py:2726} INFO - Sync 1 DAGs
[2023-05-11T15:43:07.250+0000] {logging_mixin.py:149} INFO - [2023-05-11T15:43:07.250+0000] {dag.py:3490} INFO - Setting next_dagrun for first_dag to 2022-01-01T02:53:00+00:00, run_after=2022-01-01T02:54:00+00:00
[2023-05-11T15:43:07.261+0000] {processor.py:178} INFO - Processing /opt/airflow/dags/dag1.py took 0.088 seconds
[2023-05-11T15:43:37.547+0000] {processor.py:156} INFO - Started process (PID=752) to work on /opt/airflow/dags/dag1.py
[2023-05-11T15:43:37.548+0000] {processor.py:799} INFO - Processing file /opt/airflow/dags/dag1.py for tasks to queue
[2023-05-11T15:43:37.549+0000] {logging_mixin.py:149} INFO - [2023-05-11T15:43:37.549+0000] {dagbag.py:541} INFO - Filling up the DagBag from /opt/airflow/dags/dag1.py
[2023-05-11T15:43:37.563+0000] {processor.py:809} INFO - DAG(s) dict_keys(['first_dag']) retrieved from /opt/airflow/dags/dag1.py
[2023-05-11T15:43:37.603+0000] {logging_mixin.py:149} INFO - [2023-05-11T15:43:37.603+0000] {dag.py:2726} INFO - Sync 1 DAGs
[2023-05-11T15:43:37.617+0000] {logging_mixin.py:149} INFO - [2023-05-11T15:43:37.617+0000] {dag.py:3490} INFO - Setting next_dagrun for first_dag to 2022-01-01T02:53:00+00:00, run_after=2022-01-01T02:54:00+00:00
[2023-05-11T15:43:37.629+0000] {processor.py:178} INFO - Processing /opt/airflow/dags/dag1.py took 0.084 seconds
[2023-05-11T15:44:07.907+0000] {processor.py:156} INFO - Started process (PID=762) to work on /opt/airflow/dags/dag1.py
[2023-05-11T15:44:07.909+0000] {processor.py:799} INFO - Processing file /opt/airflow/dags/dag1.py for tasks to queue
[2023-05-11T15:44:07.909+0000] {logging_mixin.py:149} INFO - [2023-05-11T15:44:07.909+0000] {dagbag.py:541} INFO - Filling up the DagBag from /opt/airflow/dags/dag1.py
[2023-05-11T15:44:07.926+0000] {processor.py:809} INFO - DAG(s) dict_keys(['first_dag']) retrieved from /opt/airflow/dags/dag1.py
[2023-05-11T15:44:07.966+0000] {logging_mixin.py:149} INFO - [2023-05-11T15:44:07.966+0000] {dag.py:2726} INFO - Sync 1 DAGs
[2023-05-11T15:44:07.980+0000] {logging_mixin.py:149} INFO - [2023-05-11T15:44:07.980+0000] {dag.py:3490} INFO - Setting next_dagrun for first_dag to 2022-01-01T02:53:00+00:00, run_after=2022-01-01T02:54:00+00:00
[2023-05-11T15:44:07.992+0000] {processor.py:178} INFO - Processing /opt/airflow/dags/dag1.py took 0.087 seconds
[2023-05-11T15:44:38.320+0000] {processor.py:156} INFO - Started process (PID=772) to work on /opt/airflow/dags/dag1.py
[2023-05-11T15:44:38.322+0000] {processor.py:799} INFO - Processing file /opt/airflow/dags/dag1.py for tasks to queue
[2023-05-11T15:44:38.323+0000] {logging_mixin.py:149} INFO - [2023-05-11T15:44:38.322+0000] {dagbag.py:541} INFO - Filling up the DagBag from /opt/airflow/dags/dag1.py
[2023-05-11T15:44:38.339+0000] {processor.py:809} INFO - DAG(s) dict_keys(['first_dag']) retrieved from /opt/airflow/dags/dag1.py
[2023-05-11T15:44:38.381+0000] {logging_mixin.py:149} INFO - [2023-05-11T15:44:38.381+0000] {dag.py:2726} INFO - Sync 1 DAGs
[2023-05-11T15:44:38.395+0000] {logging_mixin.py:149} INFO - [2023-05-11T15:44:38.395+0000] {dag.py:3490} INFO - Setting next_dagrun for first_dag to 2022-01-01T02:53:00+00:00, run_after=2022-01-01T02:54:00+00:00
[2023-05-11T15:44:38.406+0000] {processor.py:178} INFO - Processing /opt/airflow/dags/dag1.py took 0.088 seconds
[2023-05-11T15:45:08.737+0000] {processor.py:156} INFO - Started process (PID=782) to work on /opt/airflow/dags/dag1.py
[2023-05-11T15:45:08.738+0000] {processor.py:799} INFO - Processing file /opt/airflow/dags/dag1.py for tasks to queue
[2023-05-11T15:45:08.739+0000] {logging_mixin.py:149} INFO - [2023-05-11T15:45:08.739+0000] {dagbag.py:541} INFO - Filling up the DagBag from /opt/airflow/dags/dag1.py
[2023-05-11T15:45:08.756+0000] {processor.py:809} INFO - DAG(s) dict_keys(['first_dag']) retrieved from /opt/airflow/dags/dag1.py
[2023-05-11T15:45:08.804+0000] {logging_mixin.py:149} INFO - [2023-05-11T15:45:08.804+0000] {dag.py:2726} INFO - Sync 1 DAGs
[2023-05-11T15:45:08.821+0000] {logging_mixin.py:149} INFO - [2023-05-11T15:45:08.821+0000] {dag.py:3490} INFO - Setting next_dagrun for first_dag to 2022-01-01T02:53:00+00:00, run_after=2022-01-01T02:54:00+00:00
[2023-05-11T15:45:08.835+0000] {processor.py:178} INFO - Processing /opt/airflow/dags/dag1.py took 0.100 seconds
[2023-05-11T15:45:39.161+0000] {processor.py:156} INFO - Started process (PID=792) to work on /opt/airflow/dags/dag1.py
[2023-05-11T15:45:39.162+0000] {processor.py:799} INFO - Processing file /opt/airflow/dags/dag1.py for tasks to queue
[2023-05-11T15:45:39.163+0000] {logging_mixin.py:149} INFO - [2023-05-11T15:45:39.163+0000] {dagbag.py:541} INFO - Filling up the DagBag from /opt/airflow/dags/dag1.py
[2023-05-11T15:45:39.180+0000] {processor.py:809} INFO - DAG(s) dict_keys(['first_dag']) retrieved from /opt/airflow/dags/dag1.py
[2023-05-11T15:45:39.226+0000] {logging_mixin.py:149} INFO - [2023-05-11T15:45:39.226+0000] {dag.py:2726} INFO - Sync 1 DAGs
[2023-05-11T15:45:39.240+0000] {logging_mixin.py:149} INFO - [2023-05-11T15:45:39.240+0000] {dag.py:3490} INFO - Setting next_dagrun for first_dag to 2022-01-01T02:53:00+00:00, run_after=2022-01-01T02:54:00+00:00
[2023-05-11T15:45:39.252+0000] {processor.py:178} INFO - Processing /opt/airflow/dags/dag1.py took 0.093 seconds
[2023-05-11T15:46:09.532+0000] {processor.py:156} INFO - Started process (PID=802) to work on /opt/airflow/dags/dag1.py
[2023-05-11T15:46:09.533+0000] {processor.py:799} INFO - Processing file /opt/airflow/dags/dag1.py for tasks to queue
[2023-05-11T15:46:09.534+0000] {logging_mixin.py:149} INFO - [2023-05-11T15:46:09.534+0000] {dagbag.py:541} INFO - Filling up the DagBag from /opt/airflow/dags/dag1.py
[2023-05-11T15:46:09.549+0000] {processor.py:809} INFO - DAG(s) dict_keys(['first_dag']) retrieved from /opt/airflow/dags/dag1.py
[2023-05-11T15:46:09.590+0000] {logging_mixin.py:149} INFO - [2023-05-11T15:46:09.590+0000] {dag.py:2726} INFO - Sync 1 DAGs
[2023-05-11T15:46:09.604+0000] {logging_mixin.py:149} INFO - [2023-05-11T15:46:09.604+0000] {dag.py:3490} INFO - Setting next_dagrun for first_dag to 2022-01-01T02:53:00+00:00, run_after=2022-01-01T02:54:00+00:00
[2023-05-11T15:46:09.615+0000] {processor.py:178} INFO - Processing /opt/airflow/dags/dag1.py took 0.086 seconds
[2023-05-11T15:46:39.985+0000] {processor.py:156} INFO - Started process (PID=813) to work on /opt/airflow/dags/dag1.py
[2023-05-11T15:46:39.986+0000] {processor.py:799} INFO - Processing file /opt/airflow/dags/dag1.py for tasks to queue
[2023-05-11T15:46:39.987+0000] {logging_mixin.py:149} INFO - [2023-05-11T15:46:39.987+0000] {dagbag.py:541} INFO - Filling up the DagBag from /opt/airflow/dags/dag1.py
[2023-05-11T15:46:40.002+0000] {processor.py:809} INFO - DAG(s) dict_keys(['first_dag']) retrieved from /opt/airflow/dags/dag1.py
[2023-05-11T15:46:40.042+0000] {logging_mixin.py:149} INFO - [2023-05-11T15:46:40.042+0000] {dag.py:2726} INFO - Sync 1 DAGs
[2023-05-11T15:46:40.056+0000] {logging_mixin.py:149} INFO - [2023-05-11T15:46:40.056+0000] {dag.py:3490} INFO - Setting next_dagrun for first_dag to 2022-01-01T02:53:00+00:00, run_after=2022-01-01T02:54:00+00:00
[2023-05-11T15:46:40.068+0000] {processor.py:178} INFO - Processing /opt/airflow/dags/dag1.py took 0.085 seconds
[2023-05-11T15:47:10.407+0000] {processor.py:156} INFO - Started process (PID=823) to work on /opt/airflow/dags/dag1.py
[2023-05-11T15:47:10.408+0000] {processor.py:799} INFO - Processing file /opt/airflow/dags/dag1.py for tasks to queue
[2023-05-11T15:47:10.409+0000] {logging_mixin.py:149} INFO - [2023-05-11T15:47:10.408+0000] {dagbag.py:541} INFO - Filling up the DagBag from /opt/airflow/dags/dag1.py
[2023-05-11T15:47:10.424+0000] {processor.py:809} INFO - DAG(s) dict_keys(['first_dag']) retrieved from /opt/airflow/dags/dag1.py
[2023-05-11T15:47:10.464+0000] {logging_mixin.py:149} INFO - [2023-05-11T15:47:10.464+0000] {dag.py:2726} INFO - Sync 1 DAGs
[2023-05-11T15:47:10.478+0000] {logging_mixin.py:149} INFO - [2023-05-11T15:47:10.478+0000] {dag.py:3490} INFO - Setting next_dagrun for first_dag to 2022-01-01T02:53:00+00:00, run_after=2022-01-01T02:54:00+00:00
[2023-05-11T15:47:10.489+0000] {processor.py:178} INFO - Processing /opt/airflow/dags/dag1.py took 0.085 seconds
[2023-05-11T15:47:40.816+0000] {processor.py:156} INFO - Started process (PID=833) to work on /opt/airflow/dags/dag1.py
[2023-05-11T15:47:40.817+0000] {processor.py:799} INFO - Processing file /opt/airflow/dags/dag1.py for tasks to queue
[2023-05-11T15:47:40.818+0000] {logging_mixin.py:149} INFO - [2023-05-11T15:47:40.818+0000] {dagbag.py:541} INFO - Filling up the DagBag from /opt/airflow/dags/dag1.py
[2023-05-11T15:47:40.833+0000] {processor.py:809} INFO - DAG(s) dict_keys(['first_dag']) retrieved from /opt/airflow/dags/dag1.py
[2023-05-11T15:47:40.876+0000] {logging_mixin.py:149} INFO - [2023-05-11T15:47:40.876+0000] {dag.py:2726} INFO - Sync 1 DAGs
[2023-05-11T15:47:40.889+0000] {logging_mixin.py:149} INFO - [2023-05-11T15:47:40.889+0000] {dag.py:3490} INFO - Setting next_dagrun for first_dag to 2022-01-01T02:53:00+00:00, run_after=2022-01-01T02:54:00+00:00
[2023-05-11T15:47:40.900+0000] {processor.py:178} INFO - Processing /opt/airflow/dags/dag1.py took 0.087 seconds
[2023-05-11T15:48:11.251+0000] {processor.py:156} INFO - Started process (PID=843) to work on /opt/airflow/dags/dag1.py
[2023-05-11T15:48:11.252+0000] {processor.py:799} INFO - Processing file /opt/airflow/dags/dag1.py for tasks to queue
[2023-05-11T15:48:11.253+0000] {logging_mixin.py:149} INFO - [2023-05-11T15:48:11.253+0000] {dagbag.py:541} INFO - Filling up the DagBag from /opt/airflow/dags/dag1.py
[2023-05-11T15:48:11.267+0000] {processor.py:809} INFO - DAG(s) dict_keys(['first_dag']) retrieved from /opt/airflow/dags/dag1.py
[2023-05-11T15:48:11.309+0000] {logging_mixin.py:149} INFO - [2023-05-11T15:48:11.309+0000] {dag.py:2726} INFO - Sync 1 DAGs
[2023-05-11T15:48:11.322+0000] {logging_mixin.py:149} INFO - [2023-05-11T15:48:11.322+0000] {dag.py:3490} INFO - Setting next_dagrun for first_dag to 2022-01-01T02:53:00+00:00, run_after=2022-01-01T02:54:00+00:00
[2023-05-11T15:48:11.334+0000] {processor.py:178} INFO - Processing /opt/airflow/dags/dag1.py took 0.086 seconds
[2023-05-11T15:48:41.704+0000] {processor.py:156} INFO - Started process (PID=853) to work on /opt/airflow/dags/dag1.py
[2023-05-11T15:48:41.705+0000] {processor.py:799} INFO - Processing file /opt/airflow/dags/dag1.py for tasks to queue
[2023-05-11T15:48:41.706+0000] {logging_mixin.py:149} INFO - [2023-05-11T15:48:41.706+0000] {dagbag.py:541} INFO - Filling up the DagBag from /opt/airflow/dags/dag1.py
[2023-05-11T15:48:41.721+0000] {processor.py:809} INFO - DAG(s) dict_keys(['first_dag']) retrieved from /opt/airflow/dags/dag1.py
[2023-05-11T15:48:41.762+0000] {logging_mixin.py:149} INFO - [2023-05-11T15:48:41.762+0000] {dag.py:2726} INFO - Sync 1 DAGs
[2023-05-11T15:48:41.776+0000] {logging_mixin.py:149} INFO - [2023-05-11T15:48:41.776+0000] {dag.py:3490} INFO - Setting next_dagrun for first_dag to 2022-01-01T02:53:00+00:00, run_after=2022-01-01T02:54:00+00:00
[2023-05-11T15:48:41.787+0000] {processor.py:178} INFO - Processing /opt/airflow/dags/dag1.py took 0.085 seconds
[2023-05-11T15:49:12.172+0000] {processor.py:156} INFO - Started process (PID=863) to work on /opt/airflow/dags/dag1.py
[2023-05-11T15:49:12.173+0000] {processor.py:799} INFO - Processing file /opt/airflow/dags/dag1.py for tasks to queue
[2023-05-11T15:49:12.173+0000] {logging_mixin.py:149} INFO - [2023-05-11T15:49:12.173+0000] {dagbag.py:541} INFO - Filling up the DagBag from /opt/airflow/dags/dag1.py
[2023-05-11T15:49:12.189+0000] {processor.py:809} INFO - DAG(s) dict_keys(['first_dag']) retrieved from /opt/airflow/dags/dag1.py
[2023-05-11T15:49:12.231+0000] {logging_mixin.py:149} INFO - [2023-05-11T15:49:12.230+0000] {dag.py:2726} INFO - Sync 1 DAGs
[2023-05-11T15:49:12.244+0000] {logging_mixin.py:149} INFO - [2023-05-11T15:49:12.244+0000] {dag.py:3490} INFO - Setting next_dagrun for first_dag to 2022-01-01T02:53:00+00:00, run_after=2022-01-01T02:54:00+00:00
[2023-05-11T15:49:12.255+0000] {processor.py:178} INFO - Processing /opt/airflow/dags/dag1.py took 0.086 seconds
[2023-05-11T15:49:42.641+0000] {processor.py:156} INFO - Started process (PID=873) to work on /opt/airflow/dags/dag1.py
[2023-05-11T15:49:42.642+0000] {processor.py:799} INFO - Processing file /opt/airflow/dags/dag1.py for tasks to queue
[2023-05-11T15:49:42.643+0000] {logging_mixin.py:149} INFO - [2023-05-11T15:49:42.643+0000] {dagbag.py:541} INFO - Filling up the DagBag from /opt/airflow/dags/dag1.py
[2023-05-11T15:49:42.659+0000] {processor.py:809} INFO - DAG(s) dict_keys(['first_dag']) retrieved from /opt/airflow/dags/dag1.py
[2023-05-11T15:49:42.699+0000] {logging_mixin.py:149} INFO - [2023-05-11T15:49:42.699+0000] {dag.py:2726} INFO - Sync 1 DAGs
[2023-05-11T15:49:42.712+0000] {logging_mixin.py:149} INFO - [2023-05-11T15:49:42.712+0000] {dag.py:3490} INFO - Setting next_dagrun for first_dag to 2022-01-01T02:53:00+00:00, run_after=2022-01-01T02:54:00+00:00
[2023-05-11T15:49:42.724+0000] {processor.py:178} INFO - Processing /opt/airflow/dags/dag1.py took 0.085 seconds
[2023-05-11T15:50:13.047+0000] {processor.py:156} INFO - Started process (PID=883) to work on /opt/airflow/dags/dag1.py
[2023-05-11T15:50:13.049+0000] {processor.py:799} INFO - Processing file /opt/airflow/dags/dag1.py for tasks to queue
[2023-05-11T15:50:13.049+0000] {logging_mixin.py:149} INFO - [2023-05-11T15:50:13.049+0000] {dagbag.py:541} INFO - Filling up the DagBag from /opt/airflow/dags/dag1.py
[2023-05-11T15:50:13.065+0000] {processor.py:809} INFO - DAG(s) dict_keys(['first_dag']) retrieved from /opt/airflow/dags/dag1.py
[2023-05-11T15:50:13.109+0000] {logging_mixin.py:149} INFO - [2023-05-11T15:50:13.109+0000] {dag.py:2726} INFO - Sync 1 DAGs
[2023-05-11T15:50:13.125+0000] {logging_mixin.py:149} INFO - [2023-05-11T15:50:13.124+0000] {dag.py:3490} INFO - Setting next_dagrun for first_dag to 2022-01-01T02:53:00+00:00, run_after=2022-01-01T02:54:00+00:00
[2023-05-11T15:50:13.137+0000] {processor.py:178} INFO - Processing /opt/airflow/dags/dag1.py took 0.092 seconds
[2023-05-11T15:50:43.410+0000] {processor.py:156} INFO - Started process (PID=893) to work on /opt/airflow/dags/dag1.py
[2023-05-11T15:50:43.411+0000] {processor.py:799} INFO - Processing file /opt/airflow/dags/dag1.py for tasks to queue
[2023-05-11T15:50:43.412+0000] {logging_mixin.py:149} INFO - [2023-05-11T15:50:43.412+0000] {dagbag.py:541} INFO - Filling up the DagBag from /opt/airflow/dags/dag1.py
[2023-05-11T15:50:43.427+0000] {processor.py:809} INFO - DAG(s) dict_keys(['first_dag']) retrieved from /opt/airflow/dags/dag1.py
[2023-05-11T15:50:43.467+0000] {logging_mixin.py:149} INFO - [2023-05-11T15:50:43.467+0000] {dag.py:2726} INFO - Sync 1 DAGs
[2023-05-11T15:50:43.481+0000] {logging_mixin.py:149} INFO - [2023-05-11T15:50:43.481+0000] {dag.py:3490} INFO - Setting next_dagrun for first_dag to 2022-01-01T02:53:00+00:00, run_after=2022-01-01T02:54:00+00:00
[2023-05-11T15:50:43.492+0000] {processor.py:178} INFO - Processing /opt/airflow/dags/dag1.py took 0.084 seconds
[2023-05-11T15:51:13.783+0000] {processor.py:156} INFO - Started process (PID=902) to work on /opt/airflow/dags/dag1.py
[2023-05-11T15:51:13.785+0000] {processor.py:799} INFO - Processing file /opt/airflow/dags/dag1.py for tasks to queue
[2023-05-11T15:51:13.786+0000] {logging_mixin.py:149} INFO - [2023-05-11T15:51:13.785+0000] {dagbag.py:541} INFO - Filling up the DagBag from /opt/airflow/dags/dag1.py
[2023-05-11T15:51:13.803+0000] {processor.py:809} INFO - DAG(s) dict_keys(['first_dag']) retrieved from /opt/airflow/dags/dag1.py
[2023-05-11T15:51:13.848+0000] {logging_mixin.py:149} INFO - [2023-05-11T15:51:13.847+0000] {dag.py:2726} INFO - Sync 1 DAGs
[2023-05-11T15:51:13.863+0000] {logging_mixin.py:149} INFO - [2023-05-11T15:51:13.863+0000] {dag.py:3490} INFO - Setting next_dagrun for first_dag to 2022-01-01T02:53:00+00:00, run_after=2022-01-01T02:54:00+00:00
[2023-05-11T15:51:13.877+0000] {processor.py:178} INFO - Processing /opt/airflow/dags/dag1.py took 0.096 seconds
[2023-05-11T15:51:44.141+0000] {processor.py:156} INFO - Started process (PID=911) to work on /opt/airflow/dags/dag1.py
[2023-05-11T15:51:44.143+0000] {processor.py:799} INFO - Processing file /opt/airflow/dags/dag1.py for tasks to queue
[2023-05-11T15:51:44.143+0000] {logging_mixin.py:149} INFO - [2023-05-11T15:51:44.143+0000] {dagbag.py:541} INFO - Filling up the DagBag from /opt/airflow/dags/dag1.py
[2023-05-11T15:51:44.158+0000] {processor.py:809} INFO - DAG(s) dict_keys(['first_dag']) retrieved from /opt/airflow/dags/dag1.py
[2023-05-11T15:51:44.199+0000] {logging_mixin.py:149} INFO - [2023-05-11T15:51:44.199+0000] {dag.py:2726} INFO - Sync 1 DAGs
[2023-05-11T15:51:44.213+0000] {logging_mixin.py:149} INFO - [2023-05-11T15:51:44.213+0000] {dag.py:3490} INFO - Setting next_dagrun for first_dag to 2022-01-01T02:53:00+00:00, run_after=2022-01-01T02:54:00+00:00
[2023-05-11T15:51:44.224+0000] {processor.py:178} INFO - Processing /opt/airflow/dags/dag1.py took 0.085 seconds
[2023-05-11T15:52:14.490+0000] {processor.py:156} INFO - Started process (PID=921) to work on /opt/airflow/dags/dag1.py
[2023-05-11T15:52:14.491+0000] {processor.py:799} INFO - Processing file /opt/airflow/dags/dag1.py for tasks to queue
[2023-05-11T15:52:14.492+0000] {logging_mixin.py:149} INFO - [2023-05-11T15:52:14.492+0000] {dagbag.py:541} INFO - Filling up the DagBag from /opt/airflow/dags/dag1.py
[2023-05-11T15:52:14.508+0000] {processor.py:809} INFO - DAG(s) dict_keys(['first_dag']) retrieved from /opt/airflow/dags/dag1.py
[2023-05-11T15:52:14.551+0000] {logging_mixin.py:149} INFO - [2023-05-11T15:52:14.551+0000] {dag.py:2726} INFO - Sync 1 DAGs
[2023-05-11T15:52:14.566+0000] {logging_mixin.py:149} INFO - [2023-05-11T15:52:14.566+0000] {dag.py:3490} INFO - Setting next_dagrun for first_dag to 2022-01-01T02:53:00+00:00, run_after=2022-01-01T02:54:00+00:00
[2023-05-11T15:52:14.579+0000] {processor.py:178} INFO - Processing /opt/airflow/dags/dag1.py took 0.092 seconds
[2023-05-11T15:52:44.872+0000] {processor.py:156} INFO - Started process (PID=931) to work on /opt/airflow/dags/dag1.py
[2023-05-11T15:52:44.873+0000] {processor.py:799} INFO - Processing file /opt/airflow/dags/dag1.py for tasks to queue
[2023-05-11T15:52:44.874+0000] {logging_mixin.py:149} INFO - [2023-05-11T15:52:44.874+0000] {dagbag.py:541} INFO - Filling up the DagBag from /opt/airflow/dags/dag1.py
[2023-05-11T15:52:44.891+0000] {processor.py:809} INFO - DAG(s) dict_keys(['first_dag']) retrieved from /opt/airflow/dags/dag1.py
[2023-05-11T15:52:44.932+0000] {logging_mixin.py:149} INFO - [2023-05-11T15:52:44.932+0000] {dag.py:2726} INFO - Sync 1 DAGs
[2023-05-11T15:52:44.946+0000] {logging_mixin.py:149} INFO - [2023-05-11T15:52:44.946+0000] {dag.py:3490} INFO - Setting next_dagrun for first_dag to 2022-01-01T02:53:00+00:00, run_after=2022-01-01T02:54:00+00:00
[2023-05-11T15:52:44.957+0000] {processor.py:178} INFO - Processing /opt/airflow/dags/dag1.py took 0.088 seconds
[2023-05-11T15:53:15.270+0000] {processor.py:156} INFO - Started process (PID=941) to work on /opt/airflow/dags/dag1.py
[2023-05-11T15:53:15.271+0000] {processor.py:799} INFO - Processing file /opt/airflow/dags/dag1.py for tasks to queue
[2023-05-11T15:53:15.272+0000] {logging_mixin.py:149} INFO - [2023-05-11T15:53:15.272+0000] {dagbag.py:541} INFO - Filling up the DagBag from /opt/airflow/dags/dag1.py
[2023-05-11T15:53:15.286+0000] {processor.py:809} INFO - DAG(s) dict_keys(['first_dag']) retrieved from /opt/airflow/dags/dag1.py
[2023-05-11T15:53:15.329+0000] {logging_mixin.py:149} INFO - [2023-05-11T15:53:15.329+0000] {dag.py:2726} INFO - Sync 1 DAGs
[2023-05-11T15:53:15.343+0000] {logging_mixin.py:149} INFO - [2023-05-11T15:53:15.343+0000] {dag.py:3490} INFO - Setting next_dagrun for first_dag to 2022-01-01T02:53:00+00:00, run_after=2022-01-01T02:54:00+00:00
[2023-05-11T15:53:15.355+0000] {processor.py:178} INFO - Processing /opt/airflow/dags/dag1.py took 0.088 seconds
[2023-05-11T15:53:45.681+0000] {processor.py:156} INFO - Started process (PID=951) to work on /opt/airflow/dags/dag1.py
[2023-05-11T15:53:45.682+0000] {processor.py:799} INFO - Processing file /opt/airflow/dags/dag1.py for tasks to queue
[2023-05-11T15:53:45.683+0000] {logging_mixin.py:149} INFO - [2023-05-11T15:53:45.683+0000] {dagbag.py:541} INFO - Filling up the DagBag from /opt/airflow/dags/dag1.py
[2023-05-11T15:53:45.741+0000] {processor.py:809} INFO - DAG(s) dict_keys(['first_dag']) retrieved from /opt/airflow/dags/dag1.py
[2023-05-11T15:53:45.807+0000] {logging_mixin.py:149} INFO - [2023-05-11T15:53:45.806+0000] {dag.py:2726} INFO - Sync 1 DAGs
[2023-05-11T15:53:45.827+0000] {logging_mixin.py:149} INFO - [2023-05-11T15:53:45.827+0000] {dag.py:3490} INFO - Setting next_dagrun for first_dag to 2022-01-01T02:53:00+00:00, run_after=2022-01-01T02:54:00+00:00
[2023-05-11T15:53:45.840+0000] {processor.py:178} INFO - Processing /opt/airflow/dags/dag1.py took 0.163 seconds
[2023-05-11T15:54:16.072+0000] {processor.py:156} INFO - Started process (PID=962) to work on /opt/airflow/dags/dag1.py
[2023-05-11T15:54:16.074+0000] {processor.py:799} INFO - Processing file /opt/airflow/dags/dag1.py for tasks to queue
[2023-05-11T15:54:16.075+0000] {logging_mixin.py:149} INFO - [2023-05-11T15:54:16.075+0000] {dagbag.py:541} INFO - Filling up the DagBag from /opt/airflow/dags/dag1.py
[2023-05-11T15:54:16.092+0000] {processor.py:809} INFO - DAG(s) dict_keys(['first_dag']) retrieved from /opt/airflow/dags/dag1.py
[2023-05-11T15:54:16.142+0000] {logging_mixin.py:149} INFO - [2023-05-11T15:54:16.142+0000] {dag.py:2726} INFO - Sync 1 DAGs
[2023-05-11T15:54:16.160+0000] {logging_mixin.py:149} INFO - [2023-05-11T15:54:16.160+0000] {dag.py:3490} INFO - Setting next_dagrun for first_dag to 2022-01-01T02:53:00+00:00, run_after=2022-01-01T02:54:00+00:00
[2023-05-11T15:54:16.174+0000] {processor.py:178} INFO - Processing /opt/airflow/dags/dag1.py took 0.106 seconds
[2023-05-11T15:54:46.502+0000] {processor.py:156} INFO - Started process (PID=972) to work on /opt/airflow/dags/dag1.py
[2023-05-11T15:54:46.503+0000] {processor.py:799} INFO - Processing file /opt/airflow/dags/dag1.py for tasks to queue
[2023-05-11T15:54:46.504+0000] {logging_mixin.py:149} INFO - [2023-05-11T15:54:46.504+0000] {dagbag.py:541} INFO - Filling up the DagBag from /opt/airflow/dags/dag1.py
[2023-05-11T15:54:46.520+0000] {processor.py:809} INFO - DAG(s) dict_keys(['first_dag']) retrieved from /opt/airflow/dags/dag1.py
[2023-05-11T15:54:46.561+0000] {logging_mixin.py:149} INFO - [2023-05-11T15:54:46.561+0000] {dag.py:2726} INFO - Sync 1 DAGs
[2023-05-11T15:54:46.576+0000] {logging_mixin.py:149} INFO - [2023-05-11T15:54:46.575+0000] {dag.py:3490} INFO - Setting next_dagrun for first_dag to 2022-01-01T02:53:00+00:00, run_after=2022-01-01T02:54:00+00:00
[2023-05-11T15:54:46.587+0000] {processor.py:178} INFO - Processing /opt/airflow/dags/dag1.py took 0.088 seconds
[2023-05-11T15:55:16.924+0000] {processor.py:156} INFO - Started process (PID=982) to work on /opt/airflow/dags/dag1.py
[2023-05-11T15:55:16.925+0000] {processor.py:799} INFO - Processing file /opt/airflow/dags/dag1.py for tasks to queue
[2023-05-11T15:55:16.926+0000] {logging_mixin.py:149} INFO - [2023-05-11T15:55:16.926+0000] {dagbag.py:541} INFO - Filling up the DagBag from /opt/airflow/dags/dag1.py
[2023-05-11T15:55:16.943+0000] {processor.py:809} INFO - DAG(s) dict_keys(['first_dag']) retrieved from /opt/airflow/dags/dag1.py
[2023-05-11T15:55:16.993+0000] {logging_mixin.py:149} INFO - [2023-05-11T15:55:16.993+0000] {dag.py:2726} INFO - Sync 1 DAGs
[2023-05-11T15:55:17.008+0000] {logging_mixin.py:149} INFO - [2023-05-11T15:55:17.007+0000] {dag.py:3490} INFO - Setting next_dagrun for first_dag to 2022-01-01T02:53:00+00:00, run_after=2022-01-01T02:54:00+00:00
[2023-05-11T15:55:17.022+0000] {processor.py:178} INFO - Processing /opt/airflow/dags/dag1.py took 0.101 seconds
