[2023-05-11T15:27:41.248+0000] {processor.py:156} INFO - Started process (PID=33) to work on /opt/airflow/dags/dag2.py
[2023-05-11T15:27:41.251+0000] {processor.py:799} INFO - Processing file /opt/airflow/dags/dag2.py for tasks to queue
[2023-05-11T15:27:41.256+0000] {logging_mixin.py:149} INFO - [2023-05-11T15:27:41.253+0000] {dagbag.py:541} INFO - Filling up the DagBag from /opt/airflow/dags/dag2.py
[2023-05-11T15:27:41.342+0000] {processor.py:809} INFO - DAG(s) dict_keys(['second_dag']) retrieved from /opt/airflow/dags/dag2.py
[2023-05-11T15:27:41.426+0000] {logging_mixin.py:149} INFO - [2023-05-11T15:27:41.426+0000] {dag.py:2726} INFO - Sync 1 DAGs
[2023-05-11T15:27:41.450+0000] {logging_mixin.py:149} INFO - [2023-05-11T15:27:41.449+0000] {dag.py:3490} INFO - Setting next_dagrun for second_dag to 2023-05-10T00:00:00+00:00, run_after=2023-05-11T00:00:00+00:00
[2023-05-11T15:27:41.469+0000] {processor.py:178} INFO - Processing /opt/airflow/dags/dag2.py took 0.225 seconds
[2023-05-11T15:28:11.795+0000] {processor.py:156} INFO - Started process (PID=43) to work on /opt/airflow/dags/dag2.py
[2023-05-11T15:28:11.796+0000] {processor.py:799} INFO - Processing file /opt/airflow/dags/dag2.py for tasks to queue
[2023-05-11T15:28:11.798+0000] {logging_mixin.py:149} INFO - [2023-05-11T15:28:11.798+0000] {dagbag.py:541} INFO - Filling up the DagBag from /opt/airflow/dags/dag2.py
[2023-05-11T15:28:11.820+0000] {processor.py:809} INFO - DAG(s) dict_keys(['second_dag']) retrieved from /opt/airflow/dags/dag2.py
[2023-05-11T15:28:11.845+0000] {logging_mixin.py:149} INFO - [2023-05-11T15:28:11.845+0000] {dag.py:2726} INFO - Sync 1 DAGs
[2023-05-11T15:28:11.865+0000] {logging_mixin.py:149} INFO - [2023-05-11T15:28:11.865+0000] {dag.py:3490} INFO - Setting next_dagrun for second_dag to 2023-05-10T00:00:00+00:00, run_after=2023-05-11T00:00:00+00:00
[2023-05-11T15:28:11.877+0000] {processor.py:178} INFO - Processing /opt/airflow/dags/dag2.py took 0.086 seconds
[2023-05-11T15:28:42.211+0000] {processor.py:156} INFO - Started process (PID=54) to work on /opt/airflow/dags/dag2.py
[2023-05-11T15:28:42.213+0000] {processor.py:799} INFO - Processing file /opt/airflow/dags/dag2.py for tasks to queue
[2023-05-11T15:28:42.214+0000] {logging_mixin.py:149} INFO - [2023-05-11T15:28:42.214+0000] {dagbag.py:541} INFO - Filling up the DagBag from /opt/airflow/dags/dag2.py
[2023-05-11T15:28:42.230+0000] {processor.py:809} INFO - DAG(s) dict_keys(['second_dag']) retrieved from /opt/airflow/dags/dag2.py
[2023-05-11T15:28:42.254+0000] {logging_mixin.py:149} INFO - [2023-05-11T15:28:42.254+0000] {dag.py:2726} INFO - Sync 1 DAGs
[2023-05-11T15:28:42.272+0000] {logging_mixin.py:149} INFO - [2023-05-11T15:28:42.272+0000] {dag.py:3490} INFO - Setting next_dagrun for second_dag to 2023-05-10T00:00:00+00:00, run_after=2023-05-11T00:00:00+00:00
[2023-05-11T15:28:42.283+0000] {processor.py:178} INFO - Processing /opt/airflow/dags/dag2.py took 0.075 seconds
[2023-05-11T15:29:12.746+0000] {processor.py:156} INFO - Started process (PID=66) to work on /opt/airflow/dags/dag2.py
[2023-05-11T15:29:12.749+0000] {processor.py:799} INFO - Processing file /opt/airflow/dags/dag2.py for tasks to queue
[2023-05-11T15:29:12.751+0000] {logging_mixin.py:149} INFO - [2023-05-11T15:29:12.750+0000] {dagbag.py:541} INFO - Filling up the DagBag from /opt/airflow/dags/dag2.py
[2023-05-11T15:29:12.775+0000] {processor.py:809} INFO - DAG(s) dict_keys(['second_dag']) retrieved from /opt/airflow/dags/dag2.py
[2023-05-11T15:29:12.801+0000] {logging_mixin.py:149} INFO - [2023-05-11T15:29:12.801+0000] {dag.py:2726} INFO - Sync 1 DAGs
[2023-05-11T15:29:12.817+0000] {logging_mixin.py:149} INFO - [2023-05-11T15:29:12.817+0000] {dag.py:3490} INFO - Setting next_dagrun for second_dag to 2023-05-10T00:00:00+00:00, run_after=2023-05-11T00:00:00+00:00
[2023-05-11T15:29:12.828+0000] {processor.py:178} INFO - Processing /opt/airflow/dags/dag2.py took 0.089 seconds
[2023-05-11T15:29:43.241+0000] {processor.py:156} INFO - Started process (PID=80) to work on /opt/airflow/dags/dag2.py
[2023-05-11T15:29:43.243+0000] {processor.py:799} INFO - Processing file /opt/airflow/dags/dag2.py for tasks to queue
[2023-05-11T15:29:43.246+0000] {logging_mixin.py:149} INFO - [2023-05-11T15:29:43.245+0000] {dagbag.py:541} INFO - Filling up the DagBag from /opt/airflow/dags/dag2.py
[2023-05-11T15:29:43.268+0000] {processor.py:809} INFO - DAG(s) dict_keys(['second_dag']) retrieved from /opt/airflow/dags/dag2.py
[2023-05-11T15:29:43.294+0000] {logging_mixin.py:149} INFO - [2023-05-11T15:29:43.294+0000] {dag.py:2726} INFO - Sync 1 DAGs
[2023-05-11T15:29:43.313+0000] {logging_mixin.py:149} INFO - [2023-05-11T15:29:43.313+0000] {dag.py:3490} INFO - Setting next_dagrun for second_dag to 2023-05-10T00:00:00+00:00, run_after=2023-05-11T00:00:00+00:00
[2023-05-11T15:29:43.325+0000] {processor.py:178} INFO - Processing /opt/airflow/dags/dag2.py took 0.088 seconds
[2023-05-11T15:30:13.764+0000] {processor.py:156} INFO - Started process (PID=92) to work on /opt/airflow/dags/dag2.py
[2023-05-11T15:30:13.766+0000] {processor.py:799} INFO - Processing file /opt/airflow/dags/dag2.py for tasks to queue
[2023-05-11T15:30:13.767+0000] {logging_mixin.py:149} INFO - [2023-05-11T15:30:13.767+0000] {dagbag.py:541} INFO - Filling up the DagBag from /opt/airflow/dags/dag2.py
[2023-05-11T15:30:13.791+0000] {processor.py:809} INFO - DAG(s) dict_keys(['second_dag']) retrieved from /opt/airflow/dags/dag2.py
[2023-05-11T15:30:13.817+0000] {logging_mixin.py:149} INFO - [2023-05-11T15:30:13.817+0000] {dag.py:2726} INFO - Sync 1 DAGs
[2023-05-11T15:30:13.834+0000] {logging_mixin.py:149} INFO - [2023-05-11T15:30:13.834+0000] {dag.py:3490} INFO - Setting next_dagrun for second_dag to 2023-05-10T00:00:00+00:00, run_after=2023-05-11T00:00:00+00:00
[2023-05-11T15:30:13.847+0000] {processor.py:178} INFO - Processing /opt/airflow/dags/dag2.py took 0.087 seconds
[2023-05-11T15:30:44.215+0000] {processor.py:156} INFO - Started process (PID=102) to work on /opt/airflow/dags/dag2.py
[2023-05-11T15:30:44.218+0000] {processor.py:799} INFO - Processing file /opt/airflow/dags/dag2.py for tasks to queue
[2023-05-11T15:30:44.219+0000] {logging_mixin.py:149} INFO - [2023-05-11T15:30:44.219+0000] {dagbag.py:541} INFO - Filling up the DagBag from /opt/airflow/dags/dag2.py
[2023-05-11T15:30:44.241+0000] {processor.py:809} INFO - DAG(s) dict_keys(['second_dag']) retrieved from /opt/airflow/dags/dag2.py
[2023-05-11T15:30:44.265+0000] {logging_mixin.py:149} INFO - [2023-05-11T15:30:44.265+0000] {dag.py:2726} INFO - Sync 1 DAGs
[2023-05-11T15:30:44.282+0000] {logging_mixin.py:149} INFO - [2023-05-11T15:30:44.282+0000] {dag.py:3490} INFO - Setting next_dagrun for second_dag to 2023-05-10T00:00:00+00:00, run_after=2023-05-11T00:00:00+00:00
[2023-05-11T15:30:44.293+0000] {processor.py:178} INFO - Processing /opt/airflow/dags/dag2.py took 0.084 seconds
[2023-05-11T15:31:14.629+0000] {processor.py:156} INFO - Started process (PID=112) to work on /opt/airflow/dags/dag2.py
[2023-05-11T15:31:14.634+0000] {processor.py:799} INFO - Processing file /opt/airflow/dags/dag2.py for tasks to queue
[2023-05-11T15:31:14.635+0000] {logging_mixin.py:149} INFO - [2023-05-11T15:31:14.635+0000] {dagbag.py:541} INFO - Filling up the DagBag from /opt/airflow/dags/dag2.py
[2023-05-11T15:31:14.659+0000] {processor.py:809} INFO - DAG(s) dict_keys(['second_dag']) retrieved from /opt/airflow/dags/dag2.py
[2023-05-11T15:31:14.689+0000] {logging_mixin.py:149} INFO - [2023-05-11T15:31:14.689+0000] {dag.py:2726} INFO - Sync 1 DAGs
[2023-05-11T15:31:14.712+0000] {logging_mixin.py:149} INFO - [2023-05-11T15:31:14.712+0000] {dag.py:3490} INFO - Setting next_dagrun for second_dag to 2023-05-10T00:00:00+00:00, run_after=2023-05-11T00:00:00+00:00
[2023-05-11T15:31:14.728+0000] {processor.py:178} INFO - Processing /opt/airflow/dags/dag2.py took 0.103 seconds
[2023-05-11T15:31:45.332+0000] {processor.py:156} INFO - Started process (PID=125) to work on /opt/airflow/dags/dag2.py
[2023-05-11T15:31:45.334+0000] {processor.py:799} INFO - Processing file /opt/airflow/dags/dag2.py for tasks to queue
[2023-05-11T15:31:45.335+0000] {logging_mixin.py:149} INFO - [2023-05-11T15:31:45.335+0000] {dagbag.py:541} INFO - Filling up the DagBag from /opt/airflow/dags/dag2.py
[2023-05-11T15:31:45.352+0000] {processor.py:809} INFO - DAG(s) dict_keys(['second_dag']) retrieved from /opt/airflow/dags/dag2.py
[2023-05-11T15:31:45.376+0000] {logging_mixin.py:149} INFO - [2023-05-11T15:31:45.376+0000] {dag.py:2726} INFO - Sync 1 DAGs
[2023-05-11T15:31:45.394+0000] {logging_mixin.py:149} INFO - [2023-05-11T15:31:45.394+0000] {dag.py:3490} INFO - Setting next_dagrun for second_dag to 2023-05-10T00:00:00+00:00, run_after=2023-05-11T00:00:00+00:00
[2023-05-11T15:31:45.405+0000] {processor.py:178} INFO - Processing /opt/airflow/dags/dag2.py took 0.077 seconds
[2023-05-11T15:32:15.699+0000] {processor.py:156} INFO - Started process (PID=135) to work on /opt/airflow/dags/dag2.py
[2023-05-11T15:32:15.701+0000] {processor.py:799} INFO - Processing file /opt/airflow/dags/dag2.py for tasks to queue
[2023-05-11T15:32:15.702+0000] {logging_mixin.py:149} INFO - [2023-05-11T15:32:15.701+0000] {dagbag.py:541} INFO - Filling up the DagBag from /opt/airflow/dags/dag2.py
[2023-05-11T15:32:15.717+0000] {processor.py:809} INFO - DAG(s) dict_keys(['second_dag']) retrieved from /opt/airflow/dags/dag2.py
[2023-05-11T15:32:15.744+0000] {logging_mixin.py:149} INFO - [2023-05-11T15:32:15.744+0000] {dag.py:2726} INFO - Sync 1 DAGs
[2023-05-11T15:32:15.765+0000] {logging_mixin.py:149} INFO - [2023-05-11T15:32:15.765+0000] {dag.py:3490} INFO - Setting next_dagrun for second_dag to 2023-05-10T00:00:00+00:00, run_after=2023-05-11T00:00:00+00:00
[2023-05-11T15:32:15.780+0000] {processor.py:178} INFO - Processing /opt/airflow/dags/dag2.py took 0.084 seconds
[2023-05-11T15:32:46.139+0000] {processor.py:156} INFO - Started process (PID=145) to work on /opt/airflow/dags/dag2.py
[2023-05-11T15:32:46.141+0000] {processor.py:799} INFO - Processing file /opt/airflow/dags/dag2.py for tasks to queue
[2023-05-11T15:32:46.142+0000] {logging_mixin.py:149} INFO - [2023-05-11T15:32:46.142+0000] {dagbag.py:541} INFO - Filling up the DagBag from /opt/airflow/dags/dag2.py
[2023-05-11T15:32:46.160+0000] {processor.py:809} INFO - DAG(s) dict_keys(['second_dag']) retrieved from /opt/airflow/dags/dag2.py
[2023-05-11T15:32:46.185+0000] {logging_mixin.py:149} INFO - [2023-05-11T15:32:46.185+0000] {dag.py:2726} INFO - Sync 1 DAGs
[2023-05-11T15:32:46.202+0000] {logging_mixin.py:149} INFO - [2023-05-11T15:32:46.202+0000] {dag.py:3490} INFO - Setting next_dagrun for second_dag to 2023-05-10T00:00:00+00:00, run_after=2023-05-11T00:00:00+00:00
[2023-05-11T15:32:46.213+0000] {processor.py:178} INFO - Processing /opt/airflow/dags/dag2.py took 0.078 seconds
[2023-05-11T15:33:16.536+0000] {processor.py:156} INFO - Started process (PID=155) to work on /opt/airflow/dags/dag2.py
[2023-05-11T15:33:16.539+0000] {processor.py:799} INFO - Processing file /opt/airflow/dags/dag2.py for tasks to queue
[2023-05-11T15:33:16.541+0000] {logging_mixin.py:149} INFO - [2023-05-11T15:33:16.540+0000] {dagbag.py:541} INFO - Filling up the DagBag from /opt/airflow/dags/dag2.py
[2023-05-11T15:33:16.562+0000] {processor.py:809} INFO - DAG(s) dict_keys(['second_dag']) retrieved from /opt/airflow/dags/dag2.py
[2023-05-11T15:33:16.588+0000] {logging_mixin.py:149} INFO - [2023-05-11T15:33:16.587+0000] {dag.py:2726} INFO - Sync 1 DAGs
[2023-05-11T15:33:16.604+0000] {logging_mixin.py:149} INFO - [2023-05-11T15:33:16.604+0000] {dag.py:3490} INFO - Setting next_dagrun for second_dag to 2023-05-10T00:00:00+00:00, run_after=2023-05-11T00:00:00+00:00
[2023-05-11T15:33:16.616+0000] {processor.py:178} INFO - Processing /opt/airflow/dags/dag2.py took 0.086 seconds
[2023-05-11T15:33:46.949+0000] {processor.py:156} INFO - Started process (PID=165) to work on /opt/airflow/dags/dag2.py
[2023-05-11T15:33:46.951+0000] {processor.py:799} INFO - Processing file /opt/airflow/dags/dag2.py for tasks to queue
[2023-05-11T15:33:46.957+0000] {logging_mixin.py:149} INFO - [2023-05-11T15:33:46.957+0000] {dagbag.py:541} INFO - Filling up the DagBag from /opt/airflow/dags/dag2.py
[2023-05-11T15:33:46.979+0000] {processor.py:809} INFO - DAG(s) dict_keys(['second_dag']) retrieved from /opt/airflow/dags/dag2.py
[2023-05-11T15:33:47.012+0000] {logging_mixin.py:149} INFO - [2023-05-11T15:33:47.012+0000] {dag.py:2726} INFO - Sync 1 DAGs
[2023-05-11T15:33:47.031+0000] {logging_mixin.py:149} INFO - [2023-05-11T15:33:47.031+0000] {dag.py:3490} INFO - Setting next_dagrun for second_dag to 2023-05-10T00:00:00+00:00, run_after=2023-05-11T00:00:00+00:00
[2023-05-11T15:33:47.047+0000] {processor.py:178} INFO - Processing /opt/airflow/dags/dag2.py took 0.105 seconds
[2023-05-11T15:34:17.345+0000] {processor.py:156} INFO - Started process (PID=175) to work on /opt/airflow/dags/dag2.py
[2023-05-11T15:34:17.346+0000] {processor.py:799} INFO - Processing file /opt/airflow/dags/dag2.py for tasks to queue
[2023-05-11T15:34:17.347+0000] {logging_mixin.py:149} INFO - [2023-05-11T15:34:17.347+0000] {dagbag.py:541} INFO - Filling up the DagBag from /opt/airflow/dags/dag2.py
[2023-05-11T15:34:17.361+0000] {processor.py:809} INFO - DAG(s) dict_keys(['second_dag']) retrieved from /opt/airflow/dags/dag2.py
[2023-05-11T15:34:17.382+0000] {logging_mixin.py:149} INFO - [2023-05-11T15:34:17.382+0000] {dag.py:2726} INFO - Sync 1 DAGs
[2023-05-11T15:34:17.398+0000] {logging_mixin.py:149} INFO - [2023-05-11T15:34:17.398+0000] {dag.py:3490} INFO - Setting next_dagrun for second_dag to 2023-05-10T00:00:00+00:00, run_after=2023-05-11T00:00:00+00:00
[2023-05-11T15:34:17.410+0000] {processor.py:178} INFO - Processing /opt/airflow/dags/dag2.py took 0.069 seconds
[2023-05-11T15:36:31.151+0000] {processor.py:156} INFO - Started process (PID=32) to work on /opt/airflow/dags/dag2.py
[2023-05-11T15:36:31.156+0000] {processor.py:799} INFO - Processing file /opt/airflow/dags/dag2.py for tasks to queue
[2023-05-11T15:36:31.158+0000] {logging_mixin.py:149} INFO - [2023-05-11T15:36:31.157+0000] {dagbag.py:541} INFO - Filling up the DagBag from /opt/airflow/dags/dag2.py
[2023-05-11T15:36:31.200+0000] {processor.py:809} INFO - DAG(s) dict_keys(['second_dag']) retrieved from /opt/airflow/dags/dag2.py
[2023-05-11T15:36:31.286+0000] {logging_mixin.py:149} INFO - [2023-05-11T15:36:31.286+0000] {dag.py:2726} INFO - Sync 1 DAGs
[2023-05-11T15:36:31.310+0000] {logging_mixin.py:149} INFO - [2023-05-11T15:36:31.310+0000] {dag.py:3490} INFO - Setting next_dagrun for second_dag to 2023-05-10T00:00:00+00:00, run_after=2023-05-11T00:00:00+00:00
[2023-05-11T15:36:31.327+0000] {processor.py:178} INFO - Processing /opt/airflow/dags/dag2.py took 0.182 seconds
[2023-05-11T15:37:01.618+0000] {processor.py:156} INFO - Started process (PID=66) to work on /opt/airflow/dags/dag2.py
[2023-05-11T15:37:01.621+0000] {processor.py:799} INFO - Processing file /opt/airflow/dags/dag2.py for tasks to queue
[2023-05-11T15:37:01.623+0000] {logging_mixin.py:149} INFO - [2023-05-11T15:37:01.623+0000] {dagbag.py:541} INFO - Filling up the DagBag from /opt/airflow/dags/dag2.py
[2023-05-11T15:37:01.665+0000] {processor.py:809} INFO - DAG(s) dict_keys(['second_dag']) retrieved from /opt/airflow/dags/dag2.py
[2023-05-11T15:37:01.725+0000] {logging_mixin.py:149} INFO - [2023-05-11T15:37:01.725+0000] {dag.py:2726} INFO - Sync 1 DAGs
[2023-05-11T15:37:01.788+0000] {logging_mixin.py:149} INFO - [2023-05-11T15:37:01.788+0000] {dag.py:3490} INFO - Setting next_dagrun for second_dag to 2023-05-10T00:00:00+00:00, run_after=2023-05-11T00:00:00+00:00
[2023-05-11T15:37:01.815+0000] {processor.py:178} INFO - Processing /opt/airflow/dags/dag2.py took 0.202 seconds
[2023-05-11T15:37:32.046+0000] {processor.py:156} INFO - Started process (PID=227) to work on /opt/airflow/dags/dag2.py
[2023-05-11T15:37:32.050+0000] {processor.py:799} INFO - Processing file /opt/airflow/dags/dag2.py for tasks to queue
[2023-05-11T15:37:32.051+0000] {logging_mixin.py:149} INFO - [2023-05-11T15:37:32.051+0000] {dagbag.py:541} INFO - Filling up the DagBag from /opt/airflow/dags/dag2.py
[2023-05-11T15:37:32.088+0000] {processor.py:809} INFO - DAG(s) dict_keys(['second_dag']) retrieved from /opt/airflow/dags/dag2.py
[2023-05-11T15:37:32.124+0000] {logging_mixin.py:149} INFO - [2023-05-11T15:37:32.124+0000] {dag.py:2726} INFO - Sync 1 DAGs
[2023-05-11T15:37:32.168+0000] {logging_mixin.py:149} INFO - [2023-05-11T15:37:32.168+0000] {dag.py:3490} INFO - Setting next_dagrun for second_dag to 2023-05-10T00:00:00+00:00, run_after=2023-05-11T00:00:00+00:00
[2023-05-11T15:37:32.190+0000] {processor.py:178} INFO - Processing /opt/airflow/dags/dag2.py took 0.153 seconds
[2023-05-11T15:38:02.451+0000] {processor.py:156} INFO - Started process (PID=329) to work on /opt/airflow/dags/dag2.py
[2023-05-11T15:38:02.453+0000] {processor.py:799} INFO - Processing file /opt/airflow/dags/dag2.py for tasks to queue
[2023-05-11T15:38:02.455+0000] {logging_mixin.py:149} INFO - [2023-05-11T15:38:02.454+0000] {dagbag.py:541} INFO - Filling up the DagBag from /opt/airflow/dags/dag2.py
[2023-05-11T15:38:02.492+0000] {processor.py:809} INFO - DAG(s) dict_keys(['second_dag']) retrieved from /opt/airflow/dags/dag2.py
[2023-05-11T15:38:02.544+0000] {logging_mixin.py:149} INFO - [2023-05-11T15:38:02.543+0000] {dag.py:2726} INFO - Sync 1 DAGs
[2023-05-11T15:38:02.570+0000] {logging_mixin.py:149} INFO - [2023-05-11T15:38:02.569+0000] {dag.py:3490} INFO - Setting next_dagrun for second_dag to 2023-05-10T00:00:00+00:00, run_after=2023-05-11T00:00:00+00:00
[2023-05-11T15:38:02.587+0000] {processor.py:178} INFO - Processing /opt/airflow/dags/dag2.py took 0.140 seconds
[2023-05-11T15:38:32.812+0000] {processor.py:156} INFO - Started process (PID=437) to work on /opt/airflow/dags/dag2.py
[2023-05-11T15:38:32.816+0000] {processor.py:799} INFO - Processing file /opt/airflow/dags/dag2.py for tasks to queue
[2023-05-11T15:38:32.822+0000] {logging_mixin.py:149} INFO - [2023-05-11T15:38:32.822+0000] {dagbag.py:541} INFO - Filling up the DagBag from /opt/airflow/dags/dag2.py
[2023-05-11T15:38:32.899+0000] {processor.py:809} INFO - DAG(s) dict_keys(['second_dag']) retrieved from /opt/airflow/dags/dag2.py
[2023-05-11T15:38:32.973+0000] {logging_mixin.py:149} INFO - [2023-05-11T15:38:32.973+0000] {dag.py:2726} INFO - Sync 1 DAGs
[2023-05-11T15:38:33.044+0000] {logging_mixin.py:149} INFO - [2023-05-11T15:38:33.043+0000] {dag.py:3490} INFO - Setting next_dagrun for second_dag to 2023-05-10T00:00:00+00:00, run_after=2023-05-11T00:00:00+00:00
[2023-05-11T15:38:33.098+0000] {processor.py:178} INFO - Processing /opt/airflow/dags/dag2.py took 0.290 seconds
[2023-05-11T15:39:03.355+0000] {processor.py:156} INFO - Started process (PID=587) to work on /opt/airflow/dags/dag2.py
[2023-05-11T15:39:03.357+0000] {processor.py:799} INFO - Processing file /opt/airflow/dags/dag2.py for tasks to queue
[2023-05-11T15:39:03.359+0000] {logging_mixin.py:149} INFO - [2023-05-11T15:39:03.358+0000] {dagbag.py:541} INFO - Filling up the DagBag from /opt/airflow/dags/dag2.py
[2023-05-11T15:39:03.421+0000] {processor.py:809} INFO - DAG(s) dict_keys(['second_dag']) retrieved from /opt/airflow/dags/dag2.py
[2023-05-11T15:39:03.561+0000] {logging_mixin.py:149} INFO - [2023-05-11T15:39:03.560+0000] {dag.py:2726} INFO - Sync 1 DAGs
[2023-05-11T15:39:03.601+0000] {logging_mixin.py:149} INFO - [2023-05-11T15:39:03.601+0000] {dag.py:3490} INFO - Setting next_dagrun for second_dag to 2023-05-10T00:00:00+00:00, run_after=2023-05-11T00:00:00+00:00
[2023-05-11T15:39:03.673+0000] {processor.py:178} INFO - Processing /opt/airflow/dags/dag2.py took 0.323 seconds
[2023-05-11T15:39:33.969+0000] {processor.py:156} INFO - Started process (PID=671) to work on /opt/airflow/dags/dag2.py
[2023-05-11T15:39:33.971+0000] {processor.py:799} INFO - Processing file /opt/airflow/dags/dag2.py for tasks to queue
[2023-05-11T15:39:33.972+0000] {logging_mixin.py:149} INFO - [2023-05-11T15:39:33.972+0000] {dagbag.py:541} INFO - Filling up the DagBag from /opt/airflow/dags/dag2.py
[2023-05-11T15:39:33.993+0000] {processor.py:809} INFO - DAG(s) dict_keys(['second_dag']) retrieved from /opt/airflow/dags/dag2.py
[2023-05-11T15:39:34.022+0000] {logging_mixin.py:149} INFO - [2023-05-11T15:39:34.022+0000] {dag.py:2726} INFO - Sync 1 DAGs
[2023-05-11T15:39:34.044+0000] {logging_mixin.py:149} INFO - [2023-05-11T15:39:34.044+0000] {dag.py:3490} INFO - Setting next_dagrun for second_dag to 2023-05-10T00:00:00+00:00, run_after=2023-05-11T00:00:00+00:00
[2023-05-11T15:39:34.058+0000] {processor.py:178} INFO - Processing /opt/airflow/dags/dag2.py took 0.095 seconds
[2023-05-11T15:40:04.390+0000] {processor.py:156} INFO - Started process (PID=680) to work on /opt/airflow/dags/dag2.py
[2023-05-11T15:40:04.392+0000] {processor.py:799} INFO - Processing file /opt/airflow/dags/dag2.py for tasks to queue
[2023-05-11T15:40:04.394+0000] {logging_mixin.py:149} INFO - [2023-05-11T15:40:04.393+0000] {dagbag.py:541} INFO - Filling up the DagBag from /opt/airflow/dags/dag2.py
[2023-05-11T15:40:04.415+0000] {processor.py:809} INFO - DAG(s) dict_keys(['second_dag']) retrieved from /opt/airflow/dags/dag2.py
[2023-05-11T15:40:04.443+0000] {logging_mixin.py:149} INFO - [2023-05-11T15:40:04.443+0000] {dag.py:2726} INFO - Sync 1 DAGs
[2023-05-11T15:40:04.465+0000] {logging_mixin.py:149} INFO - [2023-05-11T15:40:04.465+0000] {dag.py:3490} INFO - Setting next_dagrun for second_dag to 2023-05-10T00:00:00+00:00, run_after=2023-05-11T00:00:00+00:00
[2023-05-11T15:40:04.480+0000] {processor.py:178} INFO - Processing /opt/airflow/dags/dag2.py took 0.096 seconds
[2023-05-11T15:40:34.870+0000] {processor.py:156} INFO - Started process (PID=690) to work on /opt/airflow/dags/dag2.py
[2023-05-11T15:40:34.871+0000] {processor.py:799} INFO - Processing file /opt/airflow/dags/dag2.py for tasks to queue
[2023-05-11T15:40:34.873+0000] {logging_mixin.py:149} INFO - [2023-05-11T15:40:34.873+0000] {dagbag.py:541} INFO - Filling up the DagBag from /opt/airflow/dags/dag2.py
[2023-05-11T15:40:34.893+0000] {processor.py:809} INFO - DAG(s) dict_keys(['second_dag']) retrieved from /opt/airflow/dags/dag2.py
[2023-05-11T15:40:34.916+0000] {logging_mixin.py:149} INFO - [2023-05-11T15:40:34.915+0000] {dag.py:2726} INFO - Sync 1 DAGs
[2023-05-11T15:40:34.933+0000] {logging_mixin.py:149} INFO - [2023-05-11T15:40:34.933+0000] {dag.py:3490} INFO - Setting next_dagrun for second_dag to 2023-05-10T00:00:00+00:00, run_after=2023-05-11T00:00:00+00:00
[2023-05-11T15:40:34.944+0000] {processor.py:178} INFO - Processing /opt/airflow/dags/dag2.py took 0.080 seconds
[2023-05-11T15:41:05.266+0000] {processor.py:156} INFO - Started process (PID=700) to work on /opt/airflow/dags/dag2.py
[2023-05-11T15:41:05.268+0000] {processor.py:799} INFO - Processing file /opt/airflow/dags/dag2.py for tasks to queue
[2023-05-11T15:41:05.269+0000] {logging_mixin.py:149} INFO - [2023-05-11T15:41:05.269+0000] {dagbag.py:541} INFO - Filling up the DagBag from /opt/airflow/dags/dag2.py
[2023-05-11T15:41:05.288+0000] {processor.py:809} INFO - DAG(s) dict_keys(['second_dag']) retrieved from /opt/airflow/dags/dag2.py
[2023-05-11T15:41:05.313+0000] {logging_mixin.py:149} INFO - [2023-05-11T15:41:05.313+0000] {dag.py:2726} INFO - Sync 1 DAGs
[2023-05-11T15:41:05.331+0000] {logging_mixin.py:149} INFO - [2023-05-11T15:41:05.330+0000] {dag.py:3490} INFO - Setting next_dagrun for second_dag to 2023-05-10T00:00:00+00:00, run_after=2023-05-11T00:00:00+00:00
[2023-05-11T15:41:05.342+0000] {processor.py:178} INFO - Processing /opt/airflow/dags/dag2.py took 0.082 seconds
[2023-05-11T15:41:35.721+0000] {processor.py:156} INFO - Started process (PID=710) to work on /opt/airflow/dags/dag2.py
[2023-05-11T15:41:35.722+0000] {processor.py:799} INFO - Processing file /opt/airflow/dags/dag2.py for tasks to queue
[2023-05-11T15:41:35.723+0000] {logging_mixin.py:149} INFO - [2023-05-11T15:41:35.723+0000] {dagbag.py:541} INFO - Filling up the DagBag from /opt/airflow/dags/dag2.py
[2023-05-11T15:41:35.745+0000] {processor.py:809} INFO - DAG(s) dict_keys(['second_dag']) retrieved from /opt/airflow/dags/dag2.py
[2023-05-11T15:41:35.769+0000] {logging_mixin.py:149} INFO - [2023-05-11T15:41:35.769+0000] {dag.py:2726} INFO - Sync 1 DAGs
[2023-05-11T15:41:35.789+0000] {logging_mixin.py:149} INFO - [2023-05-11T15:41:35.788+0000] {dag.py:3490} INFO - Setting next_dagrun for second_dag to 2023-05-10T00:00:00+00:00, run_after=2023-05-11T00:00:00+00:00
[2023-05-11T15:41:35.801+0000] {processor.py:178} INFO - Processing /opt/airflow/dags/dag2.py took 0.085 seconds
[2023-05-11T15:42:06.183+0000] {processor.py:156} INFO - Started process (PID=720) to work on /opt/airflow/dags/dag2.py
[2023-05-11T15:42:06.185+0000] {processor.py:799} INFO - Processing file /opt/airflow/dags/dag2.py for tasks to queue
[2023-05-11T15:42:06.186+0000] {logging_mixin.py:149} INFO - [2023-05-11T15:42:06.186+0000] {dagbag.py:541} INFO - Filling up the DagBag from /opt/airflow/dags/dag2.py
[2023-05-11T15:42:06.204+0000] {processor.py:809} INFO - DAG(s) dict_keys(['second_dag']) retrieved from /opt/airflow/dags/dag2.py
[2023-05-11T15:42:06.227+0000] {logging_mixin.py:149} INFO - [2023-05-11T15:42:06.226+0000] {dag.py:2726} INFO - Sync 1 DAGs
[2023-05-11T15:42:06.243+0000] {logging_mixin.py:149} INFO - [2023-05-11T15:42:06.243+0000] {dag.py:3490} INFO - Setting next_dagrun for second_dag to 2023-05-10T00:00:00+00:00, run_after=2023-05-11T00:00:00+00:00
[2023-05-11T15:42:06.253+0000] {processor.py:178} INFO - Processing /opt/airflow/dags/dag2.py took 0.074 seconds
[2023-05-11T15:42:36.612+0000] {processor.py:156} INFO - Started process (PID=731) to work on /opt/airflow/dags/dag2.py
[2023-05-11T15:42:36.613+0000] {processor.py:799} INFO - Processing file /opt/airflow/dags/dag2.py for tasks to queue
[2023-05-11T15:42:36.614+0000] {logging_mixin.py:149} INFO - [2023-05-11T15:42:36.614+0000] {dagbag.py:541} INFO - Filling up the DagBag from /opt/airflow/dags/dag2.py
[2023-05-11T15:42:36.633+0000] {processor.py:809} INFO - DAG(s) dict_keys(['second_dag']) retrieved from /opt/airflow/dags/dag2.py
[2023-05-11T15:42:36.659+0000] {logging_mixin.py:149} INFO - [2023-05-11T15:42:36.659+0000] {dag.py:2726} INFO - Sync 1 DAGs
[2023-05-11T15:42:36.681+0000] {logging_mixin.py:149} INFO - [2023-05-11T15:42:36.681+0000] {dag.py:3490} INFO - Setting next_dagrun for second_dag to 2023-05-10T00:00:00+00:00, run_after=2023-05-11T00:00:00+00:00
[2023-05-11T15:42:36.697+0000] {processor.py:178} INFO - Processing /opt/airflow/dags/dag2.py took 0.088 seconds
[2023-05-11T15:43:07.069+0000] {processor.py:156} INFO - Started process (PID=741) to work on /opt/airflow/dags/dag2.py
[2023-05-11T15:43:07.071+0000] {processor.py:799} INFO - Processing file /opt/airflow/dags/dag2.py for tasks to queue
[2023-05-11T15:43:07.072+0000] {logging_mixin.py:149} INFO - [2023-05-11T15:43:07.072+0000] {dagbag.py:541} INFO - Filling up the DagBag from /opt/airflow/dags/dag2.py
[2023-05-11T15:43:07.093+0000] {processor.py:809} INFO - DAG(s) dict_keys(['second_dag']) retrieved from /opt/airflow/dags/dag2.py
[2023-05-11T15:43:07.118+0000] {logging_mixin.py:149} INFO - [2023-05-11T15:43:07.118+0000] {dag.py:2726} INFO - Sync 1 DAGs
[2023-05-11T15:43:07.139+0000] {logging_mixin.py:149} INFO - [2023-05-11T15:43:07.139+0000] {dag.py:3490} INFO - Setting next_dagrun for second_dag to 2023-05-10T00:00:00+00:00, run_after=2023-05-11T00:00:00+00:00
[2023-05-11T15:43:07.152+0000] {processor.py:178} INFO - Processing /opt/airflow/dags/dag2.py took 0.087 seconds
[2023-05-11T15:43:37.452+0000] {processor.py:156} INFO - Started process (PID=751) to work on /opt/airflow/dags/dag2.py
[2023-05-11T15:43:37.453+0000] {processor.py:799} INFO - Processing file /opt/airflow/dags/dag2.py for tasks to queue
[2023-05-11T15:43:37.455+0000] {logging_mixin.py:149} INFO - [2023-05-11T15:43:37.454+0000] {dagbag.py:541} INFO - Filling up the DagBag from /opt/airflow/dags/dag2.py
[2023-05-11T15:43:37.474+0000] {processor.py:809} INFO - DAG(s) dict_keys(['second_dag']) retrieved from /opt/airflow/dags/dag2.py
[2023-05-11T15:43:37.498+0000] {logging_mixin.py:149} INFO - [2023-05-11T15:43:37.498+0000] {dag.py:2726} INFO - Sync 1 DAGs
[2023-05-11T15:43:37.516+0000] {logging_mixin.py:149} INFO - [2023-05-11T15:43:37.516+0000] {dag.py:3490} INFO - Setting next_dagrun for second_dag to 2023-05-10T00:00:00+00:00, run_after=2023-05-11T00:00:00+00:00
[2023-05-11T15:43:37.528+0000] {processor.py:178} INFO - Processing /opt/airflow/dags/dag2.py took 0.081 seconds
[2023-05-11T15:44:07.816+0000] {processor.py:156} INFO - Started process (PID=761) to work on /opt/airflow/dags/dag2.py
[2023-05-11T15:44:07.818+0000] {processor.py:799} INFO - Processing file /opt/airflow/dags/dag2.py for tasks to queue
[2023-05-11T15:44:07.819+0000] {logging_mixin.py:149} INFO - [2023-05-11T15:44:07.819+0000] {dagbag.py:541} INFO - Filling up the DagBag from /opt/airflow/dags/dag2.py
[2023-05-11T15:44:07.836+0000] {processor.py:809} INFO - DAG(s) dict_keys(['second_dag']) retrieved from /opt/airflow/dags/dag2.py
[2023-05-11T15:44:07.858+0000] {logging_mixin.py:149} INFO - [2023-05-11T15:44:07.858+0000] {dag.py:2726} INFO - Sync 1 DAGs
[2023-05-11T15:44:07.874+0000] {logging_mixin.py:149} INFO - [2023-05-11T15:44:07.874+0000] {dag.py:3490} INFO - Setting next_dagrun for second_dag to 2023-05-10T00:00:00+00:00, run_after=2023-05-11T00:00:00+00:00
[2023-05-11T15:44:07.884+0000] {processor.py:178} INFO - Processing /opt/airflow/dags/dag2.py took 0.073 seconds
[2023-05-11T15:44:38.205+0000] {processor.py:156} INFO - Started process (PID=771) to work on /opt/airflow/dags/dag2.py
[2023-05-11T15:44:38.207+0000] {processor.py:799} INFO - Processing file /opt/airflow/dags/dag2.py for tasks to queue
[2023-05-11T15:44:38.209+0000] {logging_mixin.py:149} INFO - [2023-05-11T15:44:38.209+0000] {dagbag.py:541} INFO - Filling up the DagBag from /opt/airflow/dags/dag2.py
[2023-05-11T15:44:38.234+0000] {processor.py:809} INFO - DAG(s) dict_keys(['second_dag']) retrieved from /opt/airflow/dags/dag2.py
[2023-05-11T15:44:38.261+0000] {logging_mixin.py:149} INFO - [2023-05-11T15:44:38.261+0000] {dag.py:2726} INFO - Sync 1 DAGs
[2023-05-11T15:44:38.283+0000] {logging_mixin.py:149} INFO - [2023-05-11T15:44:38.283+0000] {dag.py:3490} INFO - Setting next_dagrun for second_dag to 2023-05-10T00:00:00+00:00, run_after=2023-05-11T00:00:00+00:00
[2023-05-11T15:44:38.296+0000] {processor.py:178} INFO - Processing /opt/airflow/dags/dag2.py took 0.098 seconds
[2023-05-11T15:45:08.631+0000] {processor.py:156} INFO - Started process (PID=781) to work on /opt/airflow/dags/dag2.py
[2023-05-11T15:45:08.633+0000] {processor.py:799} INFO - Processing file /opt/airflow/dags/dag2.py for tasks to queue
[2023-05-11T15:45:08.634+0000] {logging_mixin.py:149} INFO - [2023-05-11T15:45:08.634+0000] {dagbag.py:541} INFO - Filling up the DagBag from /opt/airflow/dags/dag2.py
[2023-05-11T15:45:08.652+0000] {processor.py:809} INFO - DAG(s) dict_keys(['second_dag']) retrieved from /opt/airflow/dags/dag2.py
[2023-05-11T15:45:08.682+0000] {logging_mixin.py:149} INFO - [2023-05-11T15:45:08.682+0000] {dag.py:2726} INFO - Sync 1 DAGs
[2023-05-11T15:45:08.704+0000] {logging_mixin.py:149} INFO - [2023-05-11T15:45:08.704+0000] {dag.py:3490} INFO - Setting next_dagrun for second_dag to 2023-05-10T00:00:00+00:00, run_after=2023-05-11T00:00:00+00:00
[2023-05-11T15:45:08.719+0000] {processor.py:178} INFO - Processing /opt/airflow/dags/dag2.py took 0.092 seconds
[2023-05-11T15:45:39.047+0000] {processor.py:156} INFO - Started process (PID=791) to work on /opt/airflow/dags/dag2.py
[2023-05-11T15:45:39.049+0000] {processor.py:799} INFO - Processing file /opt/airflow/dags/dag2.py for tasks to queue
[2023-05-11T15:45:39.051+0000] {logging_mixin.py:149} INFO - [2023-05-11T15:45:39.051+0000] {dagbag.py:541} INFO - Filling up the DagBag from /opt/airflow/dags/dag2.py
[2023-05-11T15:45:39.074+0000] {processor.py:809} INFO - DAG(s) dict_keys(['second_dag']) retrieved from /opt/airflow/dags/dag2.py
[2023-05-11T15:45:39.102+0000] {logging_mixin.py:149} INFO - [2023-05-11T15:45:39.102+0000] {dag.py:2726} INFO - Sync 1 DAGs
[2023-05-11T15:45:39.125+0000] {logging_mixin.py:149} INFO - [2023-05-11T15:45:39.125+0000] {dag.py:3490} INFO - Setting next_dagrun for second_dag to 2023-05-10T00:00:00+00:00, run_after=2023-05-11T00:00:00+00:00
[2023-05-11T15:45:39.140+0000] {processor.py:178} INFO - Processing /opt/airflow/dags/dag2.py took 0.098 seconds
[2023-05-11T15:46:09.442+0000] {processor.py:156} INFO - Started process (PID=801) to work on /opt/airflow/dags/dag2.py
[2023-05-11T15:46:09.443+0000] {processor.py:799} INFO - Processing file /opt/airflow/dags/dag2.py for tasks to queue
[2023-05-11T15:46:09.445+0000] {logging_mixin.py:149} INFO - [2023-05-11T15:46:09.444+0000] {dagbag.py:541} INFO - Filling up the DagBag from /opt/airflow/dags/dag2.py
[2023-05-11T15:46:09.461+0000] {processor.py:809} INFO - DAG(s) dict_keys(['second_dag']) retrieved from /opt/airflow/dags/dag2.py
[2023-05-11T15:46:09.483+0000] {logging_mixin.py:149} INFO - [2023-05-11T15:46:09.483+0000] {dag.py:2726} INFO - Sync 1 DAGs
[2023-05-11T15:46:09.500+0000] {logging_mixin.py:149} INFO - [2023-05-11T15:46:09.500+0000] {dag.py:3490} INFO - Setting next_dagrun for second_dag to 2023-05-10T00:00:00+00:00, run_after=2023-05-11T00:00:00+00:00
[2023-05-11T15:46:09.511+0000] {processor.py:178} INFO - Processing /opt/airflow/dags/dag2.py took 0.074 seconds
[2023-05-11T15:46:39.892+0000] {processor.py:156} INFO - Started process (PID=812) to work on /opt/airflow/dags/dag2.py
[2023-05-11T15:46:39.893+0000] {processor.py:799} INFO - Processing file /opt/airflow/dags/dag2.py for tasks to queue
[2023-05-11T15:46:39.895+0000] {logging_mixin.py:149} INFO - [2023-05-11T15:46:39.894+0000] {dagbag.py:541} INFO - Filling up the DagBag from /opt/airflow/dags/dag2.py
[2023-05-11T15:46:39.912+0000] {processor.py:809} INFO - DAG(s) dict_keys(['second_dag']) retrieved from /opt/airflow/dags/dag2.py
[2023-05-11T15:46:39.935+0000] {logging_mixin.py:149} INFO - [2023-05-11T15:46:39.935+0000] {dag.py:2726} INFO - Sync 1 DAGs
[2023-05-11T15:46:39.951+0000] {logging_mixin.py:149} INFO - [2023-05-11T15:46:39.951+0000] {dag.py:3490} INFO - Setting next_dagrun for second_dag to 2023-05-10T00:00:00+00:00, run_after=2023-05-11T00:00:00+00:00
[2023-05-11T15:46:39.962+0000] {processor.py:178} INFO - Processing /opt/airflow/dags/dag2.py took 0.074 seconds
[2023-05-11T15:47:10.310+0000] {processor.py:156} INFO - Started process (PID=822) to work on /opt/airflow/dags/dag2.py
[2023-05-11T15:47:10.312+0000] {processor.py:799} INFO - Processing file /opt/airflow/dags/dag2.py for tasks to queue
[2023-05-11T15:47:10.313+0000] {logging_mixin.py:149} INFO - [2023-05-11T15:47:10.313+0000] {dagbag.py:541} INFO - Filling up the DagBag from /opt/airflow/dags/dag2.py
[2023-05-11T15:47:10.331+0000] {processor.py:809} INFO - DAG(s) dict_keys(['second_dag']) retrieved from /opt/airflow/dags/dag2.py
[2023-05-11T15:47:10.354+0000] {logging_mixin.py:149} INFO - [2023-05-11T15:47:10.354+0000] {dag.py:2726} INFO - Sync 1 DAGs
[2023-05-11T15:47:10.371+0000] {logging_mixin.py:149} INFO - [2023-05-11T15:47:10.371+0000] {dag.py:3490} INFO - Setting next_dagrun for second_dag to 2023-05-10T00:00:00+00:00, run_after=2023-05-11T00:00:00+00:00
[2023-05-11T15:47:10.383+0000] {processor.py:178} INFO - Processing /opt/airflow/dags/dag2.py took 0.077 seconds
[2023-05-11T15:47:40.717+0000] {processor.py:156} INFO - Started process (PID=832) to work on /opt/airflow/dags/dag2.py
[2023-05-11T15:47:40.718+0000] {processor.py:799} INFO - Processing file /opt/airflow/dags/dag2.py for tasks to queue
[2023-05-11T15:47:40.720+0000] {logging_mixin.py:149} INFO - [2023-05-11T15:47:40.720+0000] {dagbag.py:541} INFO - Filling up the DagBag from /opt/airflow/dags/dag2.py
[2023-05-11T15:47:40.740+0000] {processor.py:809} INFO - DAG(s) dict_keys(['second_dag']) retrieved from /opt/airflow/dags/dag2.py
[2023-05-11T15:47:40.766+0000] {logging_mixin.py:149} INFO - [2023-05-11T15:47:40.766+0000] {dag.py:2726} INFO - Sync 1 DAGs
[2023-05-11T15:47:40.782+0000] {logging_mixin.py:149} INFO - [2023-05-11T15:47:40.782+0000] {dag.py:3490} INFO - Setting next_dagrun for second_dag to 2023-05-10T00:00:00+00:00, run_after=2023-05-11T00:00:00+00:00
[2023-05-11T15:47:40.793+0000] {processor.py:178} INFO - Processing /opt/airflow/dags/dag2.py took 0.081 seconds
[2023-05-11T15:48:11.157+0000] {processor.py:156} INFO - Started process (PID=842) to work on /opt/airflow/dags/dag2.py
[2023-05-11T15:48:11.158+0000] {processor.py:799} INFO - Processing file /opt/airflow/dags/dag2.py for tasks to queue
[2023-05-11T15:48:11.159+0000] {logging_mixin.py:149} INFO - [2023-05-11T15:48:11.159+0000] {dagbag.py:541} INFO - Filling up the DagBag from /opt/airflow/dags/dag2.py
[2023-05-11T15:48:11.177+0000] {processor.py:809} INFO - DAG(s) dict_keys(['second_dag']) retrieved from /opt/airflow/dags/dag2.py
[2023-05-11T15:48:11.199+0000] {logging_mixin.py:149} INFO - [2023-05-11T15:48:11.199+0000] {dag.py:2726} INFO - Sync 1 DAGs
[2023-05-11T15:48:11.215+0000] {logging_mixin.py:149} INFO - [2023-05-11T15:48:11.215+0000] {dag.py:3490} INFO - Setting next_dagrun for second_dag to 2023-05-10T00:00:00+00:00, run_after=2023-05-11T00:00:00+00:00
[2023-05-11T15:48:11.227+0000] {processor.py:178} INFO - Processing /opt/airflow/dags/dag2.py took 0.073 seconds
[2023-05-11T15:48:41.610+0000] {processor.py:156} INFO - Started process (PID=852) to work on /opt/airflow/dags/dag2.py
[2023-05-11T15:48:41.611+0000] {processor.py:799} INFO - Processing file /opt/airflow/dags/dag2.py for tasks to queue
[2023-05-11T15:48:41.612+0000] {logging_mixin.py:149} INFO - [2023-05-11T15:48:41.612+0000] {dagbag.py:541} INFO - Filling up the DagBag from /opt/airflow/dags/dag2.py
[2023-05-11T15:48:41.629+0000] {processor.py:809} INFO - DAG(s) dict_keys(['second_dag']) retrieved from /opt/airflow/dags/dag2.py
[2023-05-11T15:48:41.653+0000] {logging_mixin.py:149} INFO - [2023-05-11T15:48:41.653+0000] {dag.py:2726} INFO - Sync 1 DAGs
[2023-05-11T15:48:41.670+0000] {logging_mixin.py:149} INFO - [2023-05-11T15:48:41.670+0000] {dag.py:3490} INFO - Setting next_dagrun for second_dag to 2023-05-10T00:00:00+00:00, run_after=2023-05-11T00:00:00+00:00
[2023-05-11T15:48:41.680+0000] {processor.py:178} INFO - Processing /opt/airflow/dags/dag2.py took 0.076 seconds
[2023-05-11T15:49:12.068+0000] {processor.py:156} INFO - Started process (PID=862) to work on /opt/airflow/dags/dag2.py
[2023-05-11T15:49:12.070+0000] {processor.py:799} INFO - Processing file /opt/airflow/dags/dag2.py for tasks to queue
[2023-05-11T15:49:12.071+0000] {logging_mixin.py:149} INFO - [2023-05-11T15:49:12.071+0000] {dagbag.py:541} INFO - Filling up the DagBag from /opt/airflow/dags/dag2.py
[2023-05-11T15:49:12.092+0000] {processor.py:809} INFO - DAG(s) dict_keys(['second_dag']) retrieved from /opt/airflow/dags/dag2.py
[2023-05-11T15:49:12.116+0000] {logging_mixin.py:149} INFO - [2023-05-11T15:49:12.116+0000] {dag.py:2726} INFO - Sync 1 DAGs
[2023-05-11T15:49:12.136+0000] {logging_mixin.py:149} INFO - [2023-05-11T15:49:12.136+0000] {dag.py:3490} INFO - Setting next_dagrun for second_dag to 2023-05-10T00:00:00+00:00, run_after=2023-05-11T00:00:00+00:00
[2023-05-11T15:49:12.148+0000] {processor.py:178} INFO - Processing /opt/airflow/dags/dag2.py took 0.084 seconds
[2023-05-11T15:49:42.547+0000] {processor.py:156} INFO - Started process (PID=872) to work on /opt/airflow/dags/dag2.py
[2023-05-11T15:49:42.549+0000] {processor.py:799} INFO - Processing file /opt/airflow/dags/dag2.py for tasks to queue
[2023-05-11T15:49:42.550+0000] {logging_mixin.py:149} INFO - [2023-05-11T15:49:42.550+0000] {dagbag.py:541} INFO - Filling up the DagBag from /opt/airflow/dags/dag2.py
[2023-05-11T15:49:42.569+0000] {processor.py:809} INFO - DAG(s) dict_keys(['second_dag']) retrieved from /opt/airflow/dags/dag2.py
[2023-05-11T15:49:42.594+0000] {logging_mixin.py:149} INFO - [2023-05-11T15:49:42.593+0000] {dag.py:2726} INFO - Sync 1 DAGs
[2023-05-11T15:49:42.610+0000] {logging_mixin.py:149} INFO - [2023-05-11T15:49:42.610+0000] {dag.py:3490} INFO - Setting next_dagrun for second_dag to 2023-05-10T00:00:00+00:00, run_after=2023-05-11T00:00:00+00:00
[2023-05-11T15:49:42.625+0000] {processor.py:178} INFO - Processing /opt/airflow/dags/dag2.py took 0.082 seconds
[2023-05-11T15:50:12.951+0000] {processor.py:156} INFO - Started process (PID=882) to work on /opt/airflow/dags/dag2.py
[2023-05-11T15:50:12.953+0000] {processor.py:799} INFO - Processing file /opt/airflow/dags/dag2.py for tasks to queue
[2023-05-11T15:50:12.954+0000] {logging_mixin.py:149} INFO - [2023-05-11T15:50:12.954+0000] {dagbag.py:541} INFO - Filling up the DagBag from /opt/airflow/dags/dag2.py
[2023-05-11T15:50:12.974+0000] {processor.py:809} INFO - DAG(s) dict_keys(['second_dag']) retrieved from /opt/airflow/dags/dag2.py
[2023-05-11T15:50:12.996+0000] {logging_mixin.py:149} INFO - [2023-05-11T15:50:12.996+0000] {dag.py:2726} INFO - Sync 1 DAGs
[2023-05-11T15:50:13.013+0000] {logging_mixin.py:149} INFO - [2023-05-11T15:50:13.013+0000] {dag.py:3490} INFO - Setting next_dagrun for second_dag to 2023-05-10T00:00:00+00:00, run_after=2023-05-11T00:00:00+00:00
[2023-05-11T15:50:13.024+0000] {processor.py:178} INFO - Processing /opt/airflow/dags/dag2.py took 0.077 seconds
[2023-05-11T15:50:43.320+0000] {processor.py:156} INFO - Started process (PID=892) to work on /opt/airflow/dags/dag2.py
[2023-05-11T15:50:43.321+0000] {processor.py:799} INFO - Processing file /opt/airflow/dags/dag2.py for tasks to queue
[2023-05-11T15:50:43.322+0000] {logging_mixin.py:149} INFO - [2023-05-11T15:50:43.322+0000] {dagbag.py:541} INFO - Filling up the DagBag from /opt/airflow/dags/dag2.py
[2023-05-11T15:50:43.342+0000] {processor.py:809} INFO - DAG(s) dict_keys(['second_dag']) retrieved from /opt/airflow/dags/dag2.py
[2023-05-11T15:50:43.364+0000] {logging_mixin.py:149} INFO - [2023-05-11T15:50:43.364+0000] {dag.py:2726} INFO - Sync 1 DAGs
[2023-05-11T15:50:43.380+0000] {logging_mixin.py:149} INFO - [2023-05-11T15:50:43.380+0000] {dag.py:3490} INFO - Setting next_dagrun for second_dag to 2023-05-10T00:00:00+00:00, run_after=2023-05-11T00:00:00+00:00
[2023-05-11T15:50:43.391+0000] {processor.py:178} INFO - Processing /opt/airflow/dags/dag2.py took 0.077 seconds
[2023-05-11T15:51:13.672+0000] {processor.py:156} INFO - Started process (PID=901) to work on /opt/airflow/dags/dag2.py
[2023-05-11T15:51:13.673+0000] {processor.py:799} INFO - Processing file /opt/airflow/dags/dag2.py for tasks to queue
[2023-05-11T15:51:13.675+0000] {logging_mixin.py:149} INFO - [2023-05-11T15:51:13.675+0000] {dagbag.py:541} INFO - Filling up the DagBag from /opt/airflow/dags/dag2.py
[2023-05-11T15:51:13.695+0000] {processor.py:809} INFO - DAG(s) dict_keys(['second_dag']) retrieved from /opt/airflow/dags/dag2.py
[2023-05-11T15:51:13.722+0000] {logging_mixin.py:149} INFO - [2023-05-11T15:51:13.722+0000] {dag.py:2726} INFO - Sync 1 DAGs
[2023-05-11T15:51:13.742+0000] {logging_mixin.py:149} INFO - [2023-05-11T15:51:13.742+0000] {dag.py:3490} INFO - Setting next_dagrun for second_dag to 2023-05-10T00:00:00+00:00, run_after=2023-05-11T00:00:00+00:00
[2023-05-11T15:51:13.756+0000] {processor.py:178} INFO - Processing /opt/airflow/dags/dag2.py took 0.089 seconds
[2023-05-11T15:51:44.049+0000] {processor.py:156} INFO - Started process (PID=910) to work on /opt/airflow/dags/dag2.py
[2023-05-11T15:51:44.051+0000] {processor.py:799} INFO - Processing file /opt/airflow/dags/dag2.py for tasks to queue
[2023-05-11T15:51:44.052+0000] {logging_mixin.py:149} INFO - [2023-05-11T15:51:44.051+0000] {dagbag.py:541} INFO - Filling up the DagBag from /opt/airflow/dags/dag2.py
[2023-05-11T15:51:44.068+0000] {processor.py:809} INFO - DAG(s) dict_keys(['second_dag']) retrieved from /opt/airflow/dags/dag2.py
[2023-05-11T15:51:44.090+0000] {logging_mixin.py:149} INFO - [2023-05-11T15:51:44.090+0000] {dag.py:2726} INFO - Sync 1 DAGs
[2023-05-11T15:51:44.107+0000] {logging_mixin.py:149} INFO - [2023-05-11T15:51:44.107+0000] {dag.py:3490} INFO - Setting next_dagrun for second_dag to 2023-05-10T00:00:00+00:00, run_after=2023-05-11T00:00:00+00:00
[2023-05-11T15:51:44.118+0000] {processor.py:178} INFO - Processing /opt/airflow/dags/dag2.py took 0.073 seconds
[2023-05-11T15:52:14.394+0000] {processor.py:156} INFO - Started process (PID=920) to work on /opt/airflow/dags/dag2.py
[2023-05-11T15:52:14.396+0000] {processor.py:799} INFO - Processing file /opt/airflow/dags/dag2.py for tasks to queue
[2023-05-11T15:52:14.396+0000] {logging_mixin.py:149} INFO - [2023-05-11T15:52:14.396+0000] {dagbag.py:541} INFO - Filling up the DagBag from /opt/airflow/dags/dag2.py
[2023-05-11T15:52:14.413+0000] {processor.py:809} INFO - DAG(s) dict_keys(['second_dag']) retrieved from /opt/airflow/dags/dag2.py
[2023-05-11T15:52:14.436+0000] {logging_mixin.py:149} INFO - [2023-05-11T15:52:14.436+0000] {dag.py:2726} INFO - Sync 1 DAGs
[2023-05-11T15:52:14.455+0000] {logging_mixin.py:149} INFO - [2023-05-11T15:52:14.455+0000] {dag.py:3490} INFO - Setting next_dagrun for second_dag to 2023-05-10T00:00:00+00:00, run_after=2023-05-11T00:00:00+00:00
[2023-05-11T15:52:14.467+0000] {processor.py:178} INFO - Processing /opt/airflow/dags/dag2.py took 0.077 seconds
[2023-05-11T15:52:44.770+0000] {processor.py:156} INFO - Started process (PID=930) to work on /opt/airflow/dags/dag2.py
[2023-05-11T15:52:44.771+0000] {processor.py:799} INFO - Processing file /opt/airflow/dags/dag2.py for tasks to queue
[2023-05-11T15:52:44.772+0000] {logging_mixin.py:149} INFO - [2023-05-11T15:52:44.772+0000] {dagbag.py:541} INFO - Filling up the DagBag from /opt/airflow/dags/dag2.py
[2023-05-11T15:52:44.791+0000] {processor.py:809} INFO - DAG(s) dict_keys(['second_dag']) retrieved from /opt/airflow/dags/dag2.py
[2023-05-11T15:52:44.816+0000] {logging_mixin.py:149} INFO - [2023-05-11T15:52:44.816+0000] {dag.py:2726} INFO - Sync 1 DAGs
[2023-05-11T15:52:44.836+0000] {logging_mixin.py:149} INFO - [2023-05-11T15:52:44.835+0000] {dag.py:3490} INFO - Setting next_dagrun for second_dag to 2023-05-10T00:00:00+00:00, run_after=2023-05-11T00:00:00+00:00
[2023-05-11T15:52:44.848+0000] {processor.py:178} INFO - Processing /opt/airflow/dags/dag2.py took 0.082 seconds
[2023-05-11T15:53:15.179+0000] {processor.py:156} INFO - Started process (PID=940) to work on /opt/airflow/dags/dag2.py
[2023-05-11T15:53:15.180+0000] {processor.py:799} INFO - Processing file /opt/airflow/dags/dag2.py for tasks to queue
[2023-05-11T15:53:15.181+0000] {logging_mixin.py:149} INFO - [2023-05-11T15:53:15.181+0000] {dagbag.py:541} INFO - Filling up the DagBag from /opt/airflow/dags/dag2.py
[2023-05-11T15:53:15.198+0000] {processor.py:809} INFO - DAG(s) dict_keys(['second_dag']) retrieved from /opt/airflow/dags/dag2.py
[2023-05-11T15:53:15.220+0000] {logging_mixin.py:149} INFO - [2023-05-11T15:53:15.219+0000] {dag.py:2726} INFO - Sync 1 DAGs
[2023-05-11T15:53:15.236+0000] {logging_mixin.py:149} INFO - [2023-05-11T15:53:15.236+0000] {dag.py:3490} INFO - Setting next_dagrun for second_dag to 2023-05-10T00:00:00+00:00, run_after=2023-05-11T00:00:00+00:00
[2023-05-11T15:53:15.247+0000] {processor.py:178} INFO - Processing /opt/airflow/dags/dag2.py took 0.072 seconds
[2023-05-11T15:53:45.554+0000] {processor.py:156} INFO - Started process (PID=950) to work on /opt/airflow/dags/dag2.py
[2023-05-11T15:53:45.556+0000] {processor.py:799} INFO - Processing file /opt/airflow/dags/dag2.py for tasks to queue
[2023-05-11T15:53:45.557+0000] {logging_mixin.py:149} INFO - [2023-05-11T15:53:45.557+0000] {dagbag.py:541} INFO - Filling up the DagBag from /opt/airflow/dags/dag2.py
[2023-05-11T15:53:45.576+0000] {processor.py:809} INFO - DAG(s) dict_keys(['second_dag']) retrieved from /opt/airflow/dags/dag2.py
[2023-05-11T15:53:45.609+0000] {logging_mixin.py:149} INFO - [2023-05-11T15:53:45.609+0000] {dag.py:2726} INFO - Sync 1 DAGs
[2023-05-11T15:53:45.633+0000] {logging_mixin.py:149} INFO - [2023-05-11T15:53:45.633+0000] {dag.py:3490} INFO - Setting next_dagrun for second_dag to 2023-05-10T00:00:00+00:00, run_after=2023-05-11T00:00:00+00:00
[2023-05-11T15:53:45.651+0000] {processor.py:178} INFO - Processing /opt/airflow/dags/dag2.py took 0.102 seconds
[2023-05-11T15:54:15.957+0000] {processor.py:156} INFO - Started process (PID=961) to work on /opt/airflow/dags/dag2.py
[2023-05-11T15:54:15.960+0000] {processor.py:799} INFO - Processing file /opt/airflow/dags/dag2.py for tasks to queue
[2023-05-11T15:54:15.963+0000] {logging_mixin.py:149} INFO - [2023-05-11T15:54:15.962+0000] {dagbag.py:541} INFO - Filling up the DagBag from /opt/airflow/dags/dag2.py
[2023-05-11T15:54:15.988+0000] {processor.py:809} INFO - DAG(s) dict_keys(['second_dag']) retrieved from /opt/airflow/dags/dag2.py
[2023-05-11T15:54:16.018+0000] {logging_mixin.py:149} INFO - [2023-05-11T15:54:16.018+0000] {dag.py:2726} INFO - Sync 1 DAGs
[2023-05-11T15:54:16.038+0000] {logging_mixin.py:149} INFO - [2023-05-11T15:54:16.038+0000] {dag.py:3490} INFO - Setting next_dagrun for second_dag to 2023-05-10T00:00:00+00:00, run_after=2023-05-11T00:00:00+00:00
[2023-05-11T15:54:16.054+0000] {processor.py:178} INFO - Processing /opt/airflow/dags/dag2.py took 0.100 seconds
[2023-05-11T15:54:46.396+0000] {processor.py:156} INFO - Started process (PID=971) to work on /opt/airflow/dags/dag2.py
[2023-05-11T15:54:46.398+0000] {processor.py:799} INFO - Processing file /opt/airflow/dags/dag2.py for tasks to queue
[2023-05-11T15:54:46.399+0000] {logging_mixin.py:149} INFO - [2023-05-11T15:54:46.399+0000] {dagbag.py:541} INFO - Filling up the DagBag from /opt/airflow/dags/dag2.py
[2023-05-11T15:54:46.421+0000] {processor.py:809} INFO - DAG(s) dict_keys(['second_dag']) retrieved from /opt/airflow/dags/dag2.py
[2023-05-11T15:54:46.446+0000] {logging_mixin.py:149} INFO - [2023-05-11T15:54:46.446+0000] {dag.py:2726} INFO - Sync 1 DAGs
[2023-05-11T15:54:46.466+0000] {logging_mixin.py:149} INFO - [2023-05-11T15:54:46.466+0000] {dag.py:3490} INFO - Setting next_dagrun for second_dag to 2023-05-10T00:00:00+00:00, run_after=2023-05-11T00:00:00+00:00
[2023-05-11T15:54:46.478+0000] {processor.py:178} INFO - Processing /opt/airflow/dags/dag2.py took 0.087 seconds
[2023-05-11T15:55:16.817+0000] {processor.py:156} INFO - Started process (PID=981) to work on /opt/airflow/dags/dag2.py
[2023-05-11T15:55:16.818+0000] {processor.py:799} INFO - Processing file /opt/airflow/dags/dag2.py for tasks to queue
[2023-05-11T15:55:16.819+0000] {logging_mixin.py:149} INFO - [2023-05-11T15:55:16.819+0000] {dagbag.py:541} INFO - Filling up the DagBag from /opt/airflow/dags/dag2.py
[2023-05-11T15:55:16.837+0000] {processor.py:809} INFO - DAG(s) dict_keys(['second_dag']) retrieved from /opt/airflow/dags/dag2.py
[2023-05-11T15:55:16.865+0000] {logging_mixin.py:149} INFO - [2023-05-11T15:55:16.864+0000] {dag.py:2726} INFO - Sync 1 DAGs
[2023-05-11T15:55:16.884+0000] {logging_mixin.py:149} INFO - [2023-05-11T15:55:16.884+0000] {dag.py:3490} INFO - Setting next_dagrun for second_dag to 2023-05-10T00:00:00+00:00, run_after=2023-05-11T00:00:00+00:00
[2023-05-11T15:55:16.897+0000] {processor.py:178} INFO - Processing /opt/airflow/dags/dag2.py took 0.084 seconds
