[2023-05-11T15:27:41.238+0000] {processor.py:156} INFO - Started process (PID=32) to work on /opt/airflow/dags/dag3.py
[2023-05-11T15:27:41.240+0000] {processor.py:799} INFO - Processing file /opt/airflow/dags/dag3.py for tasks to queue
[2023-05-11T15:27:41.241+0000] {logging_mixin.py:149} INFO - [2023-05-11T15:27:41.241+0000] {dagbag.py:541} INFO - Filling up the DagBag from /opt/airflow/dags/dag3.py
[2023-05-11T15:27:41.295+0000] {logging_mixin.py:149} INFO - [2023-05-11T15:27:41.289+0000] {dagbag.py:350} ERROR - Failed to import: /opt/airflow/dags/dag3.py
Traceback (most recent call last):
  File "/home/airflow/.local/lib/python3.7/site-packages/airflow/models/dagbag.py", line 346, in parse
    loader.exec_module(new_module)
  File "<frozen importlib._bootstrap_external>", line 728, in exec_module
  File "<frozen importlib._bootstrap>", line 219, in _call_with_frames_removed
  File "/opt/airflow/dags/dag3.py", line 18, in <module>
    python_callable=_random_fail
  File "/home/airflow/.local/lib/python3.7/site-packages/airflow/models/baseoperator.py", line 429, in apply_defaults
    result = func(self, **kwargs, default_args=default_args)
  File "/home/airflow/.local/lib/python3.7/site-packages/airflow/models/baseoperator.py", line 429, in apply_defaults
    result = func(self, **kwargs, default_args=default_args)
  File "/home/airflow/.local/lib/python3.7/site-packages/airflow/models/baseoperator.py", line 789, in __init__
    f"Invalid arguments were passed to {self.__class__.__name__} (task_id: {task_id}). "
airflow.exceptions.AirflowException: Invalid arguments were passed to EmptyOperator (task_id: dummy_task). Invalid arguments were:
**kwargs: {'python_callable': <function _random_fail at 0xffff7d68b5f0>}
[2023-05-11T15:27:41.297+0000] {processor.py:811} WARNING - No viable dags retrieved from /opt/airflow/dags/dag3.py
[2023-05-11T15:27:41.344+0000] {processor.py:178} INFO - Processing /opt/airflow/dags/dag3.py took 0.111 seconds
[2023-05-11T15:28:11.790+0000] {processor.py:156} INFO - Started process (PID=42) to work on /opt/airflow/dags/dag3.py
[2023-05-11T15:28:11.792+0000] {processor.py:799} INFO - Processing file /opt/airflow/dags/dag3.py for tasks to queue
[2023-05-11T15:28:11.794+0000] {logging_mixin.py:149} INFO - [2023-05-11T15:28:11.794+0000] {dagbag.py:541} INFO - Filling up the DagBag from /opt/airflow/dags/dag3.py
[2023-05-11T15:28:11.814+0000] {logging_mixin.py:149} INFO - [2023-05-11T15:28:11.811+0000] {dagbag.py:350} ERROR - Failed to import: /opt/airflow/dags/dag3.py
Traceback (most recent call last):
  File "/home/airflow/.local/lib/python3.7/site-packages/airflow/models/dagbag.py", line 346, in parse
    loader.exec_module(new_module)
  File "<frozen importlib._bootstrap_external>", line 728, in exec_module
  File "<frozen importlib._bootstrap>", line 219, in _call_with_frames_removed
  File "/opt/airflow/dags/dag3.py", line 18, in <module>
    python_callable=_random_fail
  File "/home/airflow/.local/lib/python3.7/site-packages/airflow/models/baseoperator.py", line 429, in apply_defaults
    result = func(self, **kwargs, default_args=default_args)
  File "/home/airflow/.local/lib/python3.7/site-packages/airflow/models/baseoperator.py", line 429, in apply_defaults
    result = func(self, **kwargs, default_args=default_args)
  File "/home/airflow/.local/lib/python3.7/site-packages/airflow/models/baseoperator.py", line 789, in __init__
    f"Invalid arguments were passed to {self.__class__.__name__} (task_id: {task_id}). "
airflow.exceptions.AirflowException: Invalid arguments were passed to EmptyOperator (task_id: dummy_task). Invalid arguments were:
**kwargs: {'python_callable': <function _random_fail at 0xffff7dc0ed40>}
[2023-05-11T15:28:11.814+0000] {processor.py:811} WARNING - No viable dags retrieved from /opt/airflow/dags/dag3.py
[2023-05-11T15:28:11.834+0000] {processor.py:178} INFO - Processing /opt/airflow/dags/dag3.py took 0.052 seconds
[2023-05-11T15:28:42.204+0000] {processor.py:156} INFO - Started process (PID=53) to work on /opt/airflow/dags/dag3.py
[2023-05-11T15:28:42.206+0000] {processor.py:799} INFO - Processing file /opt/airflow/dags/dag3.py for tasks to queue
[2023-05-11T15:28:42.208+0000] {logging_mixin.py:149} INFO - [2023-05-11T15:28:42.208+0000] {dagbag.py:541} INFO - Filling up the DagBag from /opt/airflow/dags/dag3.py
[2023-05-11T15:28:42.222+0000] {logging_mixin.py:149} INFO - [2023-05-11T15:28:42.220+0000] {dagbag.py:350} ERROR - Failed to import: /opt/airflow/dags/dag3.py
Traceback (most recent call last):
  File "/home/airflow/.local/lib/python3.7/site-packages/airflow/models/dagbag.py", line 346, in parse
    loader.exec_module(new_module)
  File "<frozen importlib._bootstrap_external>", line 728, in exec_module
  File "<frozen importlib._bootstrap>", line 219, in _call_with_frames_removed
  File "/opt/airflow/dags/dag3.py", line 18, in <module>
    python_callable=_random_fail
  File "/home/airflow/.local/lib/python3.7/site-packages/airflow/models/baseoperator.py", line 429, in apply_defaults
    result = func(self, **kwargs, default_args=default_args)
  File "/home/airflow/.local/lib/python3.7/site-packages/airflow/models/baseoperator.py", line 429, in apply_defaults
    result = func(self, **kwargs, default_args=default_args)
  File "/home/airflow/.local/lib/python3.7/site-packages/airflow/models/baseoperator.py", line 789, in __init__
    f"Invalid arguments were passed to {self.__class__.__name__} (task_id: {task_id}). "
airflow.exceptions.AirflowException: Invalid arguments were passed to EmptyOperator (task_id: dummy_task). Invalid arguments were:
**kwargs: {'python_callable': <function _random_fail at 0xffff7dc13e60>}
[2023-05-11T15:28:42.223+0000] {processor.py:811} WARNING - No viable dags retrieved from /opt/airflow/dags/dag3.py
[2023-05-11T15:28:42.242+0000] {processor.py:178} INFO - Processing /opt/airflow/dags/dag3.py took 0.042 seconds
[2023-05-11T15:28:44.340+0000] {processor.py:156} INFO - Started process (PID=56) to work on /opt/airflow/dags/dag3.py
[2023-05-11T15:28:44.342+0000] {processor.py:799} INFO - Processing file /opt/airflow/dags/dag3.py for tasks to queue
[2023-05-11T15:28:44.343+0000] {logging_mixin.py:149} INFO - [2023-05-11T15:28:44.343+0000] {dagbag.py:541} INFO - Filling up the DagBag from /opt/airflow/dags/dag3.py
[2023-05-11T15:28:44.364+0000] {logging_mixin.py:149} INFO - [2023-05-11T15:28:44.362+0000] {dagbag.py:350} ERROR - Failed to import: /opt/airflow/dags/dag3.py
Traceback (most recent call last):
  File "/home/airflow/.local/lib/python3.7/site-packages/airflow/models/dagbag.py", line 346, in parse
    loader.exec_module(new_module)
  File "<frozen importlib._bootstrap_external>", line 728, in exec_module
  File "<frozen importlib._bootstrap>", line 219, in _call_with_frames_removed
  File "/opt/airflow/dags/dag3.py", line 18, in <module>
    python_callable = _random_fail
  File "/home/airflow/.local/lib/python3.7/site-packages/airflow/models/baseoperator.py", line 429, in apply_defaults
    result = func(self, **kwargs, default_args=default_args)
  File "/home/airflow/.local/lib/python3.7/site-packages/airflow/models/baseoperator.py", line 429, in apply_defaults
    result = func(self, **kwargs, default_args=default_args)
  File "/home/airflow/.local/lib/python3.7/site-packages/airflow/models/baseoperator.py", line 789, in __init__
    f"Invalid arguments were passed to {self.__class__.__name__} (task_id: {task_id}). "
airflow.exceptions.AirflowException: Invalid arguments were passed to EmptyOperator (task_id: dummy_task). Invalid arguments were:
**kwargs: {'python_callable': <function _random_fail at 0xffff7dc17dd0>}
[2023-05-11T15:28:44.365+0000] {processor.py:811} WARNING - No viable dags retrieved from /opt/airflow/dags/dag3.py
[2023-05-11T15:28:44.382+0000] {processor.py:178} INFO - Processing /opt/airflow/dags/dag3.py took 0.048 seconds
[2023-05-11T15:29:04.604+0000] {processor.py:156} INFO - Started process (PID=57) to work on /opt/airflow/dags/dag3.py
[2023-05-11T15:29:04.607+0000] {processor.py:799} INFO - Processing file /opt/airflow/dags/dag3.py for tasks to queue
[2023-05-11T15:29:04.608+0000] {logging_mixin.py:149} INFO - [2023-05-11T15:29:04.608+0000] {dagbag.py:541} INFO - Filling up the DagBag from /opt/airflow/dags/dag3.py
[2023-05-11T15:29:04.621+0000] {logging_mixin.py:149} INFO - [2023-05-11T15:29:04.620+0000] {dagbag.py:350} ERROR - Failed to import: /opt/airflow/dags/dag3.py
Traceback (most recent call last):
  File "/home/airflow/.local/lib/python3.7/site-packages/airflow/models/dagbag.py", line 346, in parse
    loader.exec_module(new_module)
  File "<frozen importlib._bootstrap_external>", line 728, in exec_module
  File "<frozen importlib._bootstrap>", line 219, in _call_with_frames_removed
  File "/opt/airflow/dags/dag3.py", line 4, in <module>
    from airflow.operators.python import DummyOperator
ImportError: cannot import name 'DummyOperator' from 'airflow.operators.python' (/home/airflow/.local/lib/python3.7/site-packages/airflow/operators/python.py)
[2023-05-11T15:29:04.622+0000] {processor.py:811} WARNING - No viable dags retrieved from /opt/airflow/dags/dag3.py
[2023-05-11T15:29:04.639+0000] {processor.py:178} INFO - Processing /opt/airflow/dags/dag3.py took 0.039 seconds
[2023-05-11T15:29:09.675+0000] {processor.py:156} INFO - Started process (PID=65) to work on /opt/airflow/dags/dag3.py
[2023-05-11T15:29:09.678+0000] {processor.py:799} INFO - Processing file /opt/airflow/dags/dag3.py for tasks to queue
[2023-05-11T15:29:09.679+0000] {logging_mixin.py:149} INFO - [2023-05-11T15:29:09.679+0000] {dagbag.py:541} INFO - Filling up the DagBag from /opt/airflow/dags/dag3.py
[2023-05-11T15:29:09.694+0000] {logging_mixin.py:149} INFO - [2023-05-11T15:29:09.692+0000] {dagbag.py:350} ERROR - Failed to import: /opt/airflow/dags/dag3.py
Traceback (most recent call last):
  File "/home/airflow/.local/lib/python3.7/site-packages/airflow/models/dagbag.py", line 346, in parse
    loader.exec_module(new_module)
  File "<frozen importlib._bootstrap_external>", line 728, in exec_module
  File "<frozen importlib._bootstrap>", line 219, in _call_with_frames_removed
  File "/opt/airflow/dags/dag3.py", line 4, in <module>
    from airflow.operators.python_operator import DummyOperator
ImportError: cannot import name 'DummyOperator' from 'airflow.operators.python_operator' (unknown location)
[2023-05-11T15:29:09.695+0000] {processor.py:811} WARNING - No viable dags retrieved from /opt/airflow/dags/dag3.py
[2023-05-11T15:29:09.714+0000] {processor.py:178} INFO - Processing /opt/airflow/dags/dag3.py took 0.046 seconds
[2023-05-11T15:29:14.898+0000] {processor.py:156} INFO - Started process (PID=68) to work on /opt/airflow/dags/dag3.py
[2023-05-11T15:29:14.900+0000] {processor.py:799} INFO - Processing file /opt/airflow/dags/dag3.py for tasks to queue
[2023-05-11T15:29:14.901+0000] {logging_mixin.py:149} INFO - [2023-05-11T15:29:14.901+0000] {dagbag.py:541} INFO - Filling up the DagBag from /opt/airflow/dags/dag3.py
[2023-05-11T15:29:14.916+0000] {logging_mixin.py:149} INFO - [2023-05-11T15:29:14.914+0000] {dagbag.py:350} ERROR - Failed to import: /opt/airflow/dags/dag3.py
Traceback (most recent call last):
  File "/home/airflow/.local/lib/python3.7/site-packages/airflow/models/dagbag.py", line 346, in parse
    loader.exec_module(new_module)
  File "<frozen importlib._bootstrap_external>", line 728, in exec_module
  File "<frozen importlib._bootstrap>", line 219, in _call_with_frames_removed
  File "/opt/airflow/dags/dag3.py", line 4, in <module>
    from airflow.operators.python_operator import Python
ImportError: cannot import name 'Python' from 'airflow.operators.python_operator' (unknown location)
[2023-05-11T15:29:14.917+0000] {processor.py:811} WARNING - No viable dags retrieved from /opt/airflow/dags/dag3.py
[2023-05-11T15:29:14.935+0000] {processor.py:178} INFO - Processing /opt/airflow/dags/dag3.py took 0.044 seconds
[2023-05-11T15:29:18.959+0000] {processor.py:156} INFO - Started process (PID=69) to work on /opt/airflow/dags/dag3.py
[2023-05-11T15:29:18.961+0000] {processor.py:799} INFO - Processing file /opt/airflow/dags/dag3.py for tasks to queue
[2023-05-11T15:29:18.963+0000] {logging_mixin.py:149} INFO - [2023-05-11T15:29:18.963+0000] {dagbag.py:541} INFO - Filling up the DagBag from /opt/airflow/dags/dag3.py
[2023-05-11T15:29:18.986+0000] {logging_mixin.py:149} INFO - [2023-05-11T15:29:18.984+0000] {dagbag.py:350} ERROR - Failed to import: /opt/airflow/dags/dag3.py
Traceback (most recent call last):
  File "/home/airflow/.local/lib/python3.7/site-packages/airflow/models/dagbag.py", line 346, in parse
    loader.exec_module(new_module)
  File "<frozen importlib._bootstrap_external>", line 728, in exec_module
  File "<frozen importlib._bootstrap>", line 219, in _call_with_frames_removed
  File "/opt/airflow/dags/dag3.py", line 17, in <module>
    my_task = DummyOperator(task_id  = "dummy_task",
NameError: name 'DummyOperator' is not defined
[2023-05-11T15:29:18.987+0000] {processor.py:811} WARNING - No viable dags retrieved from /opt/airflow/dags/dag3.py
[2023-05-11T15:29:19.003+0000] {processor.py:178} INFO - Processing /opt/airflow/dags/dag3.py took 0.051 seconds
[2023-05-11T15:29:23.030+0000] {processor.py:156} INFO - Started process (PID=70) to work on /opt/airflow/dags/dag3.py
[2023-05-11T15:29:23.031+0000] {processor.py:799} INFO - Processing file /opt/airflow/dags/dag3.py for tasks to queue
[2023-05-11T15:29:23.033+0000] {logging_mixin.py:149} INFO - [2023-05-11T15:29:23.032+0000] {dagbag.py:541} INFO - Filling up the DagBag from /opt/airflow/dags/dag3.py
[2023-05-11T15:29:23.059+0000] {logging_mixin.py:149} INFO - [2023-05-11T15:29:23.058+0000] {dagbag.py:350} ERROR - Failed to import: /opt/airflow/dags/dag3.py
Traceback (most recent call last):
  File "/home/airflow/.local/lib/python3.7/site-packages/airflow/models/dagbag.py", line 346, in parse
    loader.exec_module(new_module)
  File "<frozen importlib._bootstrap_external>", line 728, in exec_module
  File "<frozen importlib._bootstrap>", line 219, in _call_with_frames_removed
  File "/opt/airflow/dags/dag3.py", line 17, in <module>
    my_task = DummyOperator(task_id  = "dummy_task",
NameError: name 'DummyOperator' is not defined
[2023-05-11T15:29:23.060+0000] {processor.py:811} WARNING - No viable dags retrieved from /opt/airflow/dags/dag3.py
[2023-05-11T15:29:23.074+0000] {processor.py:178} INFO - Processing /opt/airflow/dags/dag3.py took 0.048 seconds
[2023-05-11T15:29:43.232+0000] {processor.py:156} INFO - Started process (PID=79) to work on /opt/airflow/dags/dag3.py
[2023-05-11T15:29:43.237+0000] {processor.py:799} INFO - Processing file /opt/airflow/dags/dag3.py for tasks to queue
[2023-05-11T15:29:43.240+0000] {logging_mixin.py:149} INFO - [2023-05-11T15:29:43.240+0000] {dagbag.py:541} INFO - Filling up the DagBag from /opt/airflow/dags/dag3.py
[2023-05-11T15:29:43.266+0000] {logging_mixin.py:149} INFO - [2023-05-11T15:29:43.264+0000] {dagbag.py:350} ERROR - Failed to import: /opt/airflow/dags/dag3.py
Traceback (most recent call last):
  File "/home/airflow/.local/lib/python3.7/site-packages/airflow/models/dagbag.py", line 346, in parse
    loader.exec_module(new_module)
  File "<frozen importlib._bootstrap_external>", line 728, in exec_module
  File "<frozen importlib._bootstrap>", line 219, in _call_with_frames_removed
  File "/opt/airflow/dags/dag3.py", line 17, in <module>
    my_task = P(task_id  = "dummy_task",
NameError: name 'P' is not defined
[2023-05-11T15:29:43.267+0000] {processor.py:811} WARNING - No viable dags retrieved from /opt/airflow/dags/dag3.py
[2023-05-11T15:29:43.288+0000] {processor.py:178} INFO - Processing /opt/airflow/dags/dag3.py took 0.064 seconds
[2023-05-11T15:29:47.473+0000] {processor.py:156} INFO - Started process (PID=82) to work on /opt/airflow/dags/dag3.py
[2023-05-11T15:29:47.474+0000] {processor.py:799} INFO - Processing file /opt/airflow/dags/dag3.py for tasks to queue
[2023-05-11T15:29:47.476+0000] {logging_mixin.py:149} INFO - [2023-05-11T15:29:47.476+0000] {dagbag.py:541} INFO - Filling up the DagBag from /opt/airflow/dags/dag3.py
[2023-05-11T15:29:47.498+0000] {logging_mixin.py:149} INFO - [2023-05-11T15:29:47.496+0000] {dagbag.py:350} ERROR - Failed to import: /opt/airflow/dags/dag3.py
Traceback (most recent call last):
  File "/home/airflow/.local/lib/python3.7/site-packages/airflow/models/dagbag.py", line 346, in parse
    loader.exec_module(new_module)
  File "<frozen importlib._bootstrap_external>", line 728, in exec_module
  File "<frozen importlib._bootstrap>", line 219, in _call_with_frames_removed
  File "/opt/airflow/dags/dag3.py", line 17, in <module>
    my_task = PythonOperaot(task_id  = "dummy_task",
NameError: name 'PythonOperaot' is not defined
[2023-05-11T15:29:47.500+0000] {processor.py:811} WARNING - No viable dags retrieved from /opt/airflow/dags/dag3.py
[2023-05-11T15:29:47.519+0000] {processor.py:178} INFO - Processing /opt/airflow/dags/dag3.py took 0.051 seconds
[2023-05-11T15:29:49.501+0000] {processor.py:156} INFO - Started process (PID=83) to work on /opt/airflow/dags/dag3.py
[2023-05-11T15:29:49.502+0000] {processor.py:799} INFO - Processing file /opt/airflow/dags/dag3.py for tasks to queue
[2023-05-11T15:29:49.503+0000] {logging_mixin.py:149} INFO - [2023-05-11T15:29:49.503+0000] {dagbag.py:541} INFO - Filling up the DagBag from /opt/airflow/dags/dag3.py
[2023-05-11T15:29:49.518+0000] {logging_mixin.py:149} INFO - [2023-05-11T15:29:49.516+0000] {dagbag.py:350} ERROR - Failed to import: /opt/airflow/dags/dag3.py
Traceback (most recent call last):
  File "/home/airflow/.local/lib/python3.7/site-packages/airflow/models/dagbag.py", line 346, in parse
    loader.exec_module(new_module)
  File "<frozen importlib._bootstrap_external>", line 728, in exec_module
  File "<frozen importlib._bootstrap>", line 219, in _call_with_frames_removed
  File "/opt/airflow/dags/dag3.py", line 17, in <module>
    my_task = PythonOpera(task_id  = "dummy_task",
NameError: name 'PythonOpera' is not defined
[2023-05-11T15:29:49.519+0000] {processor.py:811} WARNING - No viable dags retrieved from /opt/airflow/dags/dag3.py
[2023-05-11T15:29:49.533+0000] {processor.py:178} INFO - Processing /opt/airflow/dags/dag3.py took 0.035 seconds
[2023-05-11T15:29:50.535+0000] {processor.py:156} INFO - Started process (PID=84) to work on /opt/airflow/dags/dag3.py
[2023-05-11T15:29:50.537+0000] {processor.py:799} INFO - Processing file /opt/airflow/dags/dag3.py for tasks to queue
[2023-05-11T15:29:50.539+0000] {logging_mixin.py:149} INFO - [2023-05-11T15:29:50.538+0000] {dagbag.py:541} INFO - Filling up the DagBag from /opt/airflow/dags/dag3.py
[2023-05-11T15:29:50.564+0000] {processor.py:809} INFO - DAG(s) dict_keys(['third_dag']) retrieved from /opt/airflow/dags/dag3.py
[2023-05-11T15:29:50.609+0000] {logging_mixin.py:149} INFO - [2023-05-11T15:29:50.609+0000] {dag.py:2726} INFO - Sync 1 DAGs
[2023-05-11T15:29:50.625+0000] {logging_mixin.py:149} INFO - [2023-05-11T15:29:50.625+0000] {dag.py:3490} INFO - Setting next_dagrun for third_dag to 2023-05-10T00:00:00+00:00, run_after=2023-05-11T00:00:00+00:00
[2023-05-11T15:29:50.639+0000] {processor.py:178} INFO - Processing /opt/airflow/dags/dag3.py took 0.110 seconds
[2023-05-11T15:29:52.569+0000] {processor.py:156} INFO - Started process (PID=85) to work on /opt/airflow/dags/dag3.py
[2023-05-11T15:29:52.570+0000] {processor.py:799} INFO - Processing file /opt/airflow/dags/dag3.py for tasks to queue
[2023-05-11T15:29:52.571+0000] {logging_mixin.py:149} INFO - [2023-05-11T15:29:52.571+0000] {dagbag.py:541} INFO - Filling up the DagBag from /opt/airflow/dags/dag3.py
[2023-05-11T15:29:52.583+0000] {processor.py:809} INFO - DAG(s) dict_keys(['third_dag']) retrieved from /opt/airflow/dags/dag3.py
[2023-05-11T15:29:52.596+0000] {logging_mixin.py:149} INFO - [2023-05-11T15:29:52.596+0000] {dag.py:2726} INFO - Sync 1 DAGs
[2023-05-11T15:29:52.615+0000] {logging_mixin.py:149} INFO - [2023-05-11T15:29:52.615+0000] {dag.py:3490} INFO - Setting next_dagrun for third_dag to 2023-05-11T00:00:00+00:00, run_after=2023-05-12T00:00:00+00:00
[2023-05-11T15:29:52.630+0000] {processor.py:178} INFO - Processing /opt/airflow/dags/dag3.py took 0.064 seconds
[2023-05-11T15:30:22.987+0000] {processor.py:156} INFO - Started process (PID=94) to work on /opt/airflow/dags/dag3.py
[2023-05-11T15:30:22.990+0000] {processor.py:799} INFO - Processing file /opt/airflow/dags/dag3.py for tasks to queue
[2023-05-11T15:30:22.992+0000] {logging_mixin.py:149} INFO - [2023-05-11T15:30:22.992+0000] {dagbag.py:541} INFO - Filling up the DagBag from /opt/airflow/dags/dag3.py
[2023-05-11T15:30:23.009+0000] {processor.py:809} INFO - DAG(s) dict_keys(['third_dag']) retrieved from /opt/airflow/dags/dag3.py
[2023-05-11T15:30:23.034+0000] {logging_mixin.py:149} INFO - [2023-05-11T15:30:23.034+0000] {dag.py:2726} INFO - Sync 1 DAGs
[2023-05-11T15:30:23.051+0000] {logging_mixin.py:149} INFO - [2023-05-11T15:30:23.051+0000] {dag.py:3490} INFO - Setting next_dagrun for third_dag to 2023-05-11T00:00:00+00:00, run_after=2023-05-12T00:00:00+00:00
[2023-05-11T15:30:23.063+0000] {processor.py:178} INFO - Processing /opt/airflow/dags/dag3.py took 0.080 seconds
[2023-05-11T15:30:53.417+0000] {processor.py:156} INFO - Started process (PID=104) to work on /opt/airflow/dags/dag3.py
[2023-05-11T15:30:53.418+0000] {processor.py:799} INFO - Processing file /opt/airflow/dags/dag3.py for tasks to queue
[2023-05-11T15:30:53.419+0000] {logging_mixin.py:149} INFO - [2023-05-11T15:30:53.419+0000] {dagbag.py:541} INFO - Filling up the DagBag from /opt/airflow/dags/dag3.py
[2023-05-11T15:30:53.431+0000] {processor.py:809} INFO - DAG(s) dict_keys(['third_dag']) retrieved from /opt/airflow/dags/dag3.py
[2023-05-11T15:30:53.454+0000] {logging_mixin.py:149} INFO - [2023-05-11T15:30:53.454+0000] {dag.py:2726} INFO - Sync 1 DAGs
[2023-05-11T15:30:53.471+0000] {logging_mixin.py:149} INFO - [2023-05-11T15:30:53.471+0000] {dag.py:3490} INFO - Setting next_dagrun for third_dag to 2023-05-11T00:00:00+00:00, run_after=2023-05-12T00:00:00+00:00
[2023-05-11T15:30:53.482+0000] {processor.py:178} INFO - Processing /opt/airflow/dags/dag3.py took 0.068 seconds
[2023-05-11T15:31:23.883+0000] {processor.py:156} INFO - Started process (PID=114) to work on /opt/airflow/dags/dag3.py
[2023-05-11T15:31:23.887+0000] {processor.py:799} INFO - Processing file /opt/airflow/dags/dag3.py for tasks to queue
[2023-05-11T15:31:23.889+0000] {logging_mixin.py:149} INFO - [2023-05-11T15:31:23.889+0000] {dagbag.py:541} INFO - Filling up the DagBag from /opt/airflow/dags/dag3.py
[2023-05-11T15:31:23.907+0000] {processor.py:809} INFO - DAG(s) dict_keys(['third_dag']) retrieved from /opt/airflow/dags/dag3.py
[2023-05-11T15:31:23.932+0000] {logging_mixin.py:149} INFO - [2023-05-11T15:31:23.932+0000] {dag.py:2726} INFO - Sync 1 DAGs
[2023-05-11T15:31:23.949+0000] {logging_mixin.py:149} INFO - [2023-05-11T15:31:23.949+0000] {dag.py:3490} INFO - Setting next_dagrun for third_dag to 2023-05-11T00:00:00+00:00, run_after=2023-05-12T00:00:00+00:00
[2023-05-11T15:31:23.960+0000] {processor.py:178} INFO - Processing /opt/airflow/dags/dag3.py took 0.082 seconds
[2023-05-11T15:31:25.933+0000] {processor.py:156} INFO - Started process (PID=115) to work on /opt/airflow/dags/dag3.py
[2023-05-11T15:31:25.935+0000] {processor.py:799} INFO - Processing file /opt/airflow/dags/dag3.py for tasks to queue
[2023-05-11T15:31:25.937+0000] {logging_mixin.py:149} INFO - [2023-05-11T15:31:25.936+0000] {dagbag.py:541} INFO - Filling up the DagBag from /opt/airflow/dags/dag3.py
[2023-05-11T15:31:25.951+0000] {logging_mixin.py:149} INFO - [2023-05-11T15:31:25.949+0000] {dagbag.py:350} ERROR - Failed to import: /opt/airflow/dags/dag3.py
Traceback (most recent call last):
  File "/home/airflow/.local/lib/python3.7/site-packages/airflow/models/dagbag.py", line 346, in parse
    loader.exec_module(new_module)
  File "<frozen importlib._bootstrap_external>", line 724, in exec_module
  File "<frozen importlib._bootstrap_external>", line 860, in get_code
  File "<frozen importlib._bootstrap_external>", line 791, in source_to_code
  File "<frozen importlib._bootstrap>", line 219, in _call_with_frames_removed
  File "/opt/airflow/dags/dag3.py", line 5
    from random
              ^
SyntaxError: invalid syntax
[2023-05-11T15:31:25.952+0000] {processor.py:811} WARNING - No viable dags retrieved from /opt/airflow/dags/dag3.py
[2023-05-11T15:31:25.976+0000] {processor.py:178} INFO - Processing /opt/airflow/dags/dag3.py took 0.049 seconds
[2023-05-11T15:31:29.054+0000] {processor.py:156} INFO - Started process (PID=116) to work on /opt/airflow/dags/dag3.py
[2023-05-11T15:31:29.056+0000] {processor.py:799} INFO - Processing file /opt/airflow/dags/dag3.py for tasks to queue
[2023-05-11T15:31:29.058+0000] {logging_mixin.py:149} INFO - [2023-05-11T15:31:29.058+0000] {dagbag.py:541} INFO - Filling up the DagBag from /opt/airflow/dags/dag3.py
[2023-05-11T15:31:29.066+0000] {logging_mixin.py:149} INFO - [2023-05-11T15:31:29.065+0000] {dagbag.py:350} ERROR - Failed to import: /opt/airflow/dags/dag3.py
Traceback (most recent call last):
  File "/home/airflow/.local/lib/python3.7/site-packages/airflow/models/dagbag.py", line 346, in parse
    loader.exec_module(new_module)
  File "<frozen importlib._bootstrap_external>", line 724, in exec_module
  File "<frozen importlib._bootstrap_external>", line 860, in get_code
  File "<frozen importlib._bootstrap_external>", line 791, in source_to_code
  File "<frozen importlib._bootstrap>", line 219, in _call_with_frames_removed
  File "/opt/airflow/dags/dag3.py", line 5
    from random import
                      ^
SyntaxError: invalid syntax
[2023-05-11T15:31:29.067+0000] {processor.py:811} WARNING - No viable dags retrieved from /opt/airflow/dags/dag3.py
[2023-05-11T15:31:29.089+0000] {processor.py:178} INFO - Processing /opt/airflow/dags/dag3.py took 0.040 seconds
[2023-05-11T15:31:35.149+0000] {processor.py:156} INFO - Started process (PID=117) to work on /opt/airflow/dags/dag3.py
[2023-05-11T15:31:35.151+0000] {processor.py:799} INFO - Processing file /opt/airflow/dags/dag3.py for tasks to queue
[2023-05-11T15:31:35.152+0000] {logging_mixin.py:149} INFO - [2023-05-11T15:31:35.152+0000] {dagbag.py:541} INFO - Filling up the DagBag from /opt/airflow/dags/dag3.py
[2023-05-11T15:31:35.174+0000] {processor.py:809} INFO - DAG(s) dict_keys(['third_dag']) retrieved from /opt/airflow/dags/dag3.py
[2023-05-11T15:31:35.197+0000] {logging_mixin.py:149} INFO - [2023-05-11T15:31:35.197+0000] {dag.py:2726} INFO - Sync 1 DAGs
[2023-05-11T15:31:35.213+0000] {logging_mixin.py:149} INFO - [2023-05-11T15:31:35.213+0000] {dag.py:3490} INFO - Setting next_dagrun for third_dag to 2023-05-11T00:00:00+00:00, run_after=2023-05-12T00:00:00+00:00
[2023-05-11T15:31:35.225+0000] {processor.py:178} INFO - Processing /opt/airflow/dags/dag3.py took 0.080 seconds
[2023-05-11T15:31:43.261+0000] {processor.py:156} INFO - Started process (PID=124) to work on /opt/airflow/dags/dag3.py
[2023-05-11T15:31:43.263+0000] {processor.py:799} INFO - Processing file /opt/airflow/dags/dag3.py for tasks to queue
[2023-05-11T15:31:43.265+0000] {logging_mixin.py:149} INFO - [2023-05-11T15:31:43.265+0000] {dagbag.py:541} INFO - Filling up the DagBag from /opt/airflow/dags/dag3.py
[2023-05-11T15:31:43.288+0000] {processor.py:809} INFO - DAG(s) dict_keys(['third_dag']) retrieved from /opt/airflow/dags/dag3.py
[2023-05-11T15:31:43.312+0000] {logging_mixin.py:149} INFO - [2023-05-11T15:31:43.312+0000] {dag.py:2726} INFO - Sync 1 DAGs
[2023-05-11T15:31:43.328+0000] {logging_mixin.py:149} INFO - [2023-05-11T15:31:43.328+0000] {dag.py:3490} INFO - Setting next_dagrun for third_dag to 2023-05-11T00:00:00+00:00, run_after=2023-05-12T00:00:00+00:00
[2023-05-11T15:31:43.340+0000] {processor.py:178} INFO - Processing /opt/airflow/dags/dag3.py took 0.085 seconds
[2023-05-11T15:32:13.677+0000] {processor.py:156} INFO - Started process (PID=134) to work on /opt/airflow/dags/dag3.py
[2023-05-11T15:32:13.679+0000] {processor.py:799} INFO - Processing file /opt/airflow/dags/dag3.py for tasks to queue
[2023-05-11T15:32:13.680+0000] {logging_mixin.py:149} INFO - [2023-05-11T15:32:13.680+0000] {dagbag.py:541} INFO - Filling up the DagBag from /opt/airflow/dags/dag3.py
[2023-05-11T15:32:13.698+0000] {processor.py:809} INFO - DAG(s) dict_keys(['third_dag']) retrieved from /opt/airflow/dags/dag3.py
[2023-05-11T15:32:13.724+0000] {logging_mixin.py:149} INFO - [2023-05-11T15:32:13.724+0000] {dag.py:2726} INFO - Sync 1 DAGs
[2023-05-11T15:32:13.743+0000] {logging_mixin.py:149} INFO - [2023-05-11T15:32:13.743+0000] {dag.py:3490} INFO - Setting next_dagrun for third_dag to 2023-05-11T00:00:00+00:00, run_after=2023-05-12T00:00:00+00:00
[2023-05-11T15:32:13.754+0000] {processor.py:178} INFO - Processing /opt/airflow/dags/dag3.py took 0.082 seconds
[2023-05-11T15:32:44.107+0000] {processor.py:156} INFO - Started process (PID=144) to work on /opt/airflow/dags/dag3.py
[2023-05-11T15:32:44.109+0000] {processor.py:799} INFO - Processing file /opt/airflow/dags/dag3.py for tasks to queue
[2023-05-11T15:32:44.110+0000] {logging_mixin.py:149} INFO - [2023-05-11T15:32:44.110+0000] {dagbag.py:541} INFO - Filling up the DagBag from /opt/airflow/dags/dag3.py
[2023-05-11T15:32:44.121+0000] {processor.py:809} INFO - DAG(s) dict_keys(['third_dag']) retrieved from /opt/airflow/dags/dag3.py
[2023-05-11T15:32:44.147+0000] {logging_mixin.py:149} INFO - [2023-05-11T15:32:44.147+0000] {dag.py:2726} INFO - Sync 1 DAGs
[2023-05-11T15:32:44.165+0000] {logging_mixin.py:149} INFO - [2023-05-11T15:32:44.165+0000] {dag.py:3490} INFO - Setting next_dagrun for third_dag to 2023-05-11T00:00:00+00:00, run_after=2023-05-12T00:00:00+00:00
[2023-05-11T15:32:44.178+0000] {processor.py:178} INFO - Processing /opt/airflow/dags/dag3.py took 0.073 seconds
[2023-05-11T15:33:14.489+0000] {processor.py:156} INFO - Started process (PID=154) to work on /opt/airflow/dags/dag3.py
[2023-05-11T15:33:14.492+0000] {processor.py:799} INFO - Processing file /opt/airflow/dags/dag3.py for tasks to queue
[2023-05-11T15:33:14.493+0000] {logging_mixin.py:149} INFO - [2023-05-11T15:33:14.493+0000] {dagbag.py:541} INFO - Filling up the DagBag from /opt/airflow/dags/dag3.py
[2023-05-11T15:33:14.514+0000] {processor.py:809} INFO - DAG(s) dict_keys(['third_dag']) retrieved from /opt/airflow/dags/dag3.py
[2023-05-11T15:33:14.546+0000] {logging_mixin.py:149} INFO - [2023-05-11T15:33:14.546+0000] {dag.py:2726} INFO - Sync 1 DAGs
[2023-05-11T15:33:14.566+0000] {logging_mixin.py:149} INFO - [2023-05-11T15:33:14.566+0000] {dag.py:3490} INFO - Setting next_dagrun for third_dag to 2023-05-11T00:00:00+00:00, run_after=2023-05-12T00:00:00+00:00
[2023-05-11T15:33:14.578+0000] {processor.py:178} INFO - Processing /opt/airflow/dags/dag3.py took 0.095 seconds
[2023-05-11T15:33:44.903+0000] {processor.py:156} INFO - Started process (PID=164) to work on /opt/airflow/dags/dag3.py
[2023-05-11T15:33:44.905+0000] {processor.py:799} INFO - Processing file /opt/airflow/dags/dag3.py for tasks to queue
[2023-05-11T15:33:44.906+0000] {logging_mixin.py:149} INFO - [2023-05-11T15:33:44.906+0000] {dagbag.py:541} INFO - Filling up the DagBag from /opt/airflow/dags/dag3.py
[2023-05-11T15:33:44.922+0000] {processor.py:809} INFO - DAG(s) dict_keys(['third_dag']) retrieved from /opt/airflow/dags/dag3.py
[2023-05-11T15:33:44.950+0000] {logging_mixin.py:149} INFO - [2023-05-11T15:33:44.950+0000] {dag.py:2726} INFO - Sync 1 DAGs
[2023-05-11T15:33:44.969+0000] {logging_mixin.py:149} INFO - [2023-05-11T15:33:44.969+0000] {dag.py:3490} INFO - Setting next_dagrun for third_dag to 2023-05-11T00:00:00+00:00, run_after=2023-05-12T00:00:00+00:00
[2023-05-11T15:33:44.979+0000] {processor.py:178} INFO - Processing /opt/airflow/dags/dag3.py took 0.079 seconds
[2023-05-11T15:34:15.319+0000] {processor.py:156} INFO - Started process (PID=174) to work on /opt/airflow/dags/dag3.py
[2023-05-11T15:34:15.321+0000] {processor.py:799} INFO - Processing file /opt/airflow/dags/dag3.py for tasks to queue
[2023-05-11T15:34:15.323+0000] {logging_mixin.py:149} INFO - [2023-05-11T15:34:15.323+0000] {dagbag.py:541} INFO - Filling up the DagBag from /opt/airflow/dags/dag3.py
[2023-05-11T15:34:15.341+0000] {processor.py:809} INFO - DAG(s) dict_keys(['third_dag']) retrieved from /opt/airflow/dags/dag3.py
[2023-05-11T15:34:15.367+0000] {logging_mixin.py:149} INFO - [2023-05-11T15:34:15.367+0000] {dag.py:2726} INFO - Sync 1 DAGs
[2023-05-11T15:34:15.383+0000] {logging_mixin.py:149} INFO - [2023-05-11T15:34:15.383+0000] {dag.py:3490} INFO - Setting next_dagrun for third_dag to 2023-05-11T00:00:00+00:00, run_after=2023-05-12T00:00:00+00:00
[2023-05-11T15:34:15.393+0000] {processor.py:178} INFO - Processing /opt/airflow/dags/dag3.py took 0.078 seconds
[2023-05-11T15:36:31.128+0000] {processor.py:156} INFO - Started process (PID=31) to work on /opt/airflow/dags/dag3.py
[2023-05-11T15:36:31.131+0000] {processor.py:799} INFO - Processing file /opt/airflow/dags/dag3.py for tasks to queue
[2023-05-11T15:36:31.132+0000] {logging_mixin.py:149} INFO - [2023-05-11T15:36:31.132+0000] {dagbag.py:541} INFO - Filling up the DagBag from /opt/airflow/dags/dag3.py
[2023-05-11T15:36:31.188+0000] {processor.py:809} INFO - DAG(s) dict_keys(['third_dag']) retrieved from /opt/airflow/dags/dag3.py
[2023-05-11T15:36:31.287+0000] {logging_mixin.py:149} INFO - [2023-05-11T15:36:31.287+0000] {dag.py:2726} INFO - Sync 1 DAGs
[2023-05-11T15:36:31.314+0000] {logging_mixin.py:149} INFO - [2023-05-11T15:36:31.314+0000] {dag.py:3490} INFO - Setting next_dagrun for third_dag to 2023-05-11T00:00:00+00:00, run_after=2023-05-12T00:00:00+00:00
[2023-05-11T15:36:31.334+0000] {processor.py:178} INFO - Processing /opt/airflow/dags/dag3.py took 0.210 seconds
[2023-05-11T15:37:01.614+0000] {processor.py:156} INFO - Started process (PID=65) to work on /opt/airflow/dags/dag3.py
[2023-05-11T15:37:01.619+0000] {processor.py:799} INFO - Processing file /opt/airflow/dags/dag3.py for tasks to queue
[2023-05-11T15:37:01.620+0000] {logging_mixin.py:149} INFO - [2023-05-11T15:37:01.620+0000] {dagbag.py:541} INFO - Filling up the DagBag from /opt/airflow/dags/dag3.py
[2023-05-11T15:37:01.665+0000] {processor.py:809} INFO - DAG(s) dict_keys(['third_dag']) retrieved from /opt/airflow/dags/dag3.py
[2023-05-11T15:37:01.719+0000] {logging_mixin.py:149} INFO - [2023-05-11T15:37:01.719+0000] {dag.py:2726} INFO - Sync 1 DAGs
[2023-05-11T15:37:01.778+0000] {logging_mixin.py:149} INFO - [2023-05-11T15:37:01.778+0000] {dag.py:3490} INFO - Setting next_dagrun for third_dag to 2023-05-11T00:00:00+00:00, run_after=2023-05-12T00:00:00+00:00
[2023-05-11T15:37:01.810+0000] {processor.py:178} INFO - Processing /opt/airflow/dags/dag3.py took 0.199 seconds
[2023-05-11T15:37:32.039+0000] {processor.py:156} INFO - Started process (PID=226) to work on /opt/airflow/dags/dag3.py
[2023-05-11T15:37:32.041+0000] {processor.py:799} INFO - Processing file /opt/airflow/dags/dag3.py for tasks to queue
[2023-05-11T15:37:32.043+0000] {logging_mixin.py:149} INFO - [2023-05-11T15:37:32.043+0000] {dagbag.py:541} INFO - Filling up the DagBag from /opt/airflow/dags/dag3.py
[2023-05-11T15:37:32.087+0000] {processor.py:809} INFO - DAG(s) dict_keys(['third_dag']) retrieved from /opt/airflow/dags/dag3.py
[2023-05-11T15:37:32.161+0000] {logging_mixin.py:149} INFO - [2023-05-11T15:37:32.160+0000] {dag.py:2726} INFO - Sync 1 DAGs
[2023-05-11T15:37:32.203+0000] {logging_mixin.py:149} INFO - [2023-05-11T15:37:32.203+0000] {dag.py:3490} INFO - Setting next_dagrun for third_dag to 2023-05-11T00:00:00+00:00, run_after=2023-05-12T00:00:00+00:00
[2023-05-11T15:37:32.229+0000] {processor.py:178} INFO - Processing /opt/airflow/dags/dag3.py took 0.201 seconds
[2023-05-11T15:38:02.435+0000] {processor.py:156} INFO - Started process (PID=328) to work on /opt/airflow/dags/dag3.py
[2023-05-11T15:38:02.439+0000] {processor.py:799} INFO - Processing file /opt/airflow/dags/dag3.py for tasks to queue
[2023-05-11T15:38:02.440+0000] {logging_mixin.py:149} INFO - [2023-05-11T15:38:02.440+0000] {dagbag.py:541} INFO - Filling up the DagBag from /opt/airflow/dags/dag3.py
[2023-05-11T15:38:02.472+0000] {processor.py:809} INFO - DAG(s) dict_keys(['third_dag']) retrieved from /opt/airflow/dags/dag3.py
[2023-05-11T15:38:02.527+0000] {logging_mixin.py:149} INFO - [2023-05-11T15:38:02.527+0000] {dag.py:2726} INFO - Sync 1 DAGs
[2023-05-11T15:38:02.550+0000] {logging_mixin.py:149} INFO - [2023-05-11T15:38:02.550+0000] {dag.py:3490} INFO - Setting next_dagrun for third_dag to 2023-05-11T00:00:00+00:00, run_after=2023-05-12T00:00:00+00:00
[2023-05-11T15:38:02.571+0000] {processor.py:178} INFO - Processing /opt/airflow/dags/dag3.py took 0.141 seconds
[2023-05-11T15:38:32.802+0000] {processor.py:156} INFO - Started process (PID=436) to work on /opt/airflow/dags/dag3.py
[2023-05-11T15:38:32.817+0000] {processor.py:799} INFO - Processing file /opt/airflow/dags/dag3.py for tasks to queue
[2023-05-11T15:38:32.818+0000] {logging_mixin.py:149} INFO - [2023-05-11T15:38:32.818+0000] {dagbag.py:541} INFO - Filling up the DagBag from /opt/airflow/dags/dag3.py
[2023-05-11T15:38:32.873+0000] {processor.py:809} INFO - DAG(s) dict_keys(['third_dag']) retrieved from /opt/airflow/dags/dag3.py
[2023-05-11T15:38:32.957+0000] {logging_mixin.py:149} INFO - [2023-05-11T15:38:32.957+0000] {dag.py:2726} INFO - Sync 1 DAGs
[2023-05-11T15:38:32.994+0000] {logging_mixin.py:149} INFO - [2023-05-11T15:38:32.994+0000] {dag.py:3490} INFO - Setting next_dagrun for third_dag to 2023-05-11T00:00:00+00:00, run_after=2023-05-12T00:00:00+00:00
[2023-05-11T15:38:33.023+0000] {processor.py:178} INFO - Processing /opt/airflow/dags/dag3.py took 0.227 seconds
[2023-05-11T15:39:03.354+0000] {processor.py:156} INFO - Started process (PID=586) to work on /opt/airflow/dags/dag3.py
[2023-05-11T15:39:03.355+0000] {processor.py:799} INFO - Processing file /opt/airflow/dags/dag3.py for tasks to queue
[2023-05-11T15:39:03.357+0000] {logging_mixin.py:149} INFO - [2023-05-11T15:39:03.357+0000] {dagbag.py:541} INFO - Filling up the DagBag from /opt/airflow/dags/dag3.py
[2023-05-11T15:39:03.381+0000] {processor.py:809} INFO - DAG(s) dict_keys(['third_dag']) retrieved from /opt/airflow/dags/dag3.py
[2023-05-11T15:39:03.542+0000] {logging_mixin.py:149} INFO - [2023-05-11T15:39:03.542+0000] {dag.py:2726} INFO - Sync 1 DAGs
[2023-05-11T15:39:03.579+0000] {logging_mixin.py:149} INFO - [2023-05-11T15:39:03.578+0000] {dag.py:3490} INFO - Setting next_dagrun for third_dag to 2023-05-11T00:00:00+00:00, run_after=2023-05-12T00:00:00+00:00
[2023-05-11T15:39:03.602+0000] {processor.py:178} INFO - Processing /opt/airflow/dags/dag3.py took 0.251 seconds
[2023-05-11T15:39:33.963+0000] {processor.py:156} INFO - Started process (PID=670) to work on /opt/airflow/dags/dag3.py
[2023-05-11T15:39:33.965+0000] {processor.py:799} INFO - Processing file /opt/airflow/dags/dag3.py for tasks to queue
[2023-05-11T15:39:33.966+0000] {logging_mixin.py:149} INFO - [2023-05-11T15:39:33.966+0000] {dagbag.py:541} INFO - Filling up the DagBag from /opt/airflow/dags/dag3.py
[2023-05-11T15:39:33.989+0000] {processor.py:809} INFO - DAG(s) dict_keys(['third_dag']) retrieved from /opt/airflow/dags/dag3.py
[2023-05-11T15:39:34.022+0000] {logging_mixin.py:149} INFO - [2023-05-11T15:39:34.022+0000] {dag.py:2726} INFO - Sync 1 DAGs
[2023-05-11T15:39:34.044+0000] {logging_mixin.py:149} INFO - [2023-05-11T15:39:34.044+0000] {dag.py:3490} INFO - Setting next_dagrun for third_dag to 2023-05-11T00:00:00+00:00, run_after=2023-05-12T00:00:00+00:00
[2023-05-11T15:39:34.058+0000] {processor.py:178} INFO - Processing /opt/airflow/dags/dag3.py took 0.101 seconds
[2023-05-11T15:40:04.383+0000] {processor.py:156} INFO - Started process (PID=679) to work on /opt/airflow/dags/dag3.py
[2023-05-11T15:40:04.386+0000] {processor.py:799} INFO - Processing file /opt/airflow/dags/dag3.py for tasks to queue
[2023-05-11T15:40:04.389+0000] {logging_mixin.py:149} INFO - [2023-05-11T15:40:04.389+0000] {dagbag.py:541} INFO - Filling up the DagBag from /opt/airflow/dags/dag3.py
[2023-05-11T15:40:04.411+0000] {processor.py:809} INFO - DAG(s) dict_keys(['third_dag']) retrieved from /opt/airflow/dags/dag3.py
[2023-05-11T15:40:04.443+0000] {logging_mixin.py:149} INFO - [2023-05-11T15:40:04.443+0000] {dag.py:2726} INFO - Sync 1 DAGs
[2023-05-11T15:40:04.465+0000] {logging_mixin.py:149} INFO - [2023-05-11T15:40:04.465+0000] {dag.py:3490} INFO - Setting next_dagrun for third_dag to 2023-05-11T00:00:00+00:00, run_after=2023-05-12T00:00:00+00:00
[2023-05-11T15:40:04.480+0000] {processor.py:178} INFO - Processing /opt/airflow/dags/dag3.py took 0.102 seconds
[2023-05-11T15:40:34.860+0000] {processor.py:156} INFO - Started process (PID=689) to work on /opt/airflow/dags/dag3.py
[2023-05-11T15:40:34.863+0000] {processor.py:799} INFO - Processing file /opt/airflow/dags/dag3.py for tasks to queue
[2023-05-11T15:40:34.865+0000] {logging_mixin.py:149} INFO - [2023-05-11T15:40:34.865+0000] {dagbag.py:541} INFO - Filling up the DagBag from /opt/airflow/dags/dag3.py
[2023-05-11T15:40:34.885+0000] {processor.py:809} INFO - DAG(s) dict_keys(['third_dag']) retrieved from /opt/airflow/dags/dag3.py
[2023-05-11T15:40:34.913+0000] {logging_mixin.py:149} INFO - [2023-05-11T15:40:34.913+0000] {dag.py:2726} INFO - Sync 1 DAGs
[2023-05-11T15:40:34.931+0000] {logging_mixin.py:149} INFO - [2023-05-11T15:40:34.931+0000] {dag.py:3490} INFO - Setting next_dagrun for third_dag to 2023-05-11T00:00:00+00:00, run_after=2023-05-12T00:00:00+00:00
[2023-05-11T15:40:34.944+0000] {processor.py:178} INFO - Processing /opt/airflow/dags/dag3.py took 0.091 seconds
[2023-05-11T15:41:05.261+0000] {processor.py:156} INFO - Started process (PID=699) to work on /opt/airflow/dags/dag3.py
[2023-05-11T15:41:05.263+0000] {processor.py:799} INFO - Processing file /opt/airflow/dags/dag3.py for tasks to queue
[2023-05-11T15:41:05.265+0000] {logging_mixin.py:149} INFO - [2023-05-11T15:41:05.264+0000] {dagbag.py:541} INFO - Filling up the DagBag from /opt/airflow/dags/dag3.py
[2023-05-11T15:41:05.282+0000] {processor.py:809} INFO - DAG(s) dict_keys(['third_dag']) retrieved from /opt/airflow/dags/dag3.py
[2023-05-11T15:41:05.310+0000] {logging_mixin.py:149} INFO - [2023-05-11T15:41:05.310+0000] {dag.py:2726} INFO - Sync 1 DAGs
[2023-05-11T15:41:05.329+0000] {logging_mixin.py:149} INFO - [2023-05-11T15:41:05.329+0000] {dag.py:3490} INFO - Setting next_dagrun for third_dag to 2023-05-11T00:00:00+00:00, run_after=2023-05-12T00:00:00+00:00
[2023-05-11T15:41:05.342+0000] {processor.py:178} INFO - Processing /opt/airflow/dags/dag3.py took 0.087 seconds
[2023-05-11T15:41:35.717+0000] {processor.py:156} INFO - Started process (PID=709) to work on /opt/airflow/dags/dag3.py
[2023-05-11T15:41:35.719+0000] {processor.py:799} INFO - Processing file /opt/airflow/dags/dag3.py for tasks to queue
[2023-05-11T15:41:35.721+0000] {logging_mixin.py:149} INFO - [2023-05-11T15:41:35.721+0000] {dagbag.py:541} INFO - Filling up the DagBag from /opt/airflow/dags/dag3.py
[2023-05-11T15:41:35.743+0000] {processor.py:809} INFO - DAG(s) dict_keys(['third_dag']) retrieved from /opt/airflow/dags/dag3.py
[2023-05-11T15:41:35.769+0000] {logging_mixin.py:149} INFO - [2023-05-11T15:41:35.769+0000] {dag.py:2726} INFO - Sync 1 DAGs
[2023-05-11T15:41:35.788+0000] {logging_mixin.py:149} INFO - [2023-05-11T15:41:35.788+0000] {dag.py:3490} INFO - Setting next_dagrun for third_dag to 2023-05-11T00:00:00+00:00, run_after=2023-05-12T00:00:00+00:00
[2023-05-11T15:41:35.801+0000] {processor.py:178} INFO - Processing /opt/airflow/dags/dag3.py took 0.091 seconds
[2023-05-11T15:42:06.175+0000] {processor.py:156} INFO - Started process (PID=719) to work on /opt/airflow/dags/dag3.py
[2023-05-11T15:42:06.177+0000] {processor.py:799} INFO - Processing file /opt/airflow/dags/dag3.py for tasks to queue
[2023-05-11T15:42:06.178+0000] {logging_mixin.py:149} INFO - [2023-05-11T15:42:06.178+0000] {dagbag.py:541} INFO - Filling up the DagBag from /opt/airflow/dags/dag3.py
[2023-05-11T15:42:06.198+0000] {processor.py:809} INFO - DAG(s) dict_keys(['third_dag']) retrieved from /opt/airflow/dags/dag3.py
[2023-05-11T15:42:06.223+0000] {logging_mixin.py:149} INFO - [2023-05-11T15:42:06.223+0000] {dag.py:2726} INFO - Sync 1 DAGs
[2023-05-11T15:42:06.240+0000] {logging_mixin.py:149} INFO - [2023-05-11T15:42:06.240+0000] {dag.py:3490} INFO - Setting next_dagrun for third_dag to 2023-05-11T00:00:00+00:00, run_after=2023-05-12T00:00:00+00:00
[2023-05-11T15:42:06.251+0000] {processor.py:178} INFO - Processing /opt/airflow/dags/dag3.py took 0.082 seconds
[2023-05-11T15:42:36.607+0000] {processor.py:156} INFO - Started process (PID=730) to work on /opt/airflow/dags/dag3.py
[2023-05-11T15:42:36.609+0000] {processor.py:799} INFO - Processing file /opt/airflow/dags/dag3.py for tasks to queue
[2023-05-11T15:42:36.611+0000] {logging_mixin.py:149} INFO - [2023-05-11T15:42:36.611+0000] {dagbag.py:541} INFO - Filling up the DagBag from /opt/airflow/dags/dag3.py
[2023-05-11T15:42:36.629+0000] {processor.py:809} INFO - DAG(s) dict_keys(['third_dag']) retrieved from /opt/airflow/dags/dag3.py
[2023-05-11T15:42:36.659+0000] {logging_mixin.py:149} INFO - [2023-05-11T15:42:36.659+0000] {dag.py:2726} INFO - Sync 1 DAGs
[2023-05-11T15:42:36.681+0000] {logging_mixin.py:149} INFO - [2023-05-11T15:42:36.681+0000] {dag.py:3490} INFO - Setting next_dagrun for third_dag to 2023-05-11T00:00:00+00:00, run_after=2023-05-12T00:00:00+00:00
[2023-05-11T15:42:36.697+0000] {processor.py:178} INFO - Processing /opt/airflow/dags/dag3.py took 0.094 seconds
[2023-05-11T15:43:07.063+0000] {processor.py:156} INFO - Started process (PID=740) to work on /opt/airflow/dags/dag3.py
[2023-05-11T15:43:07.066+0000] {processor.py:799} INFO - Processing file /opt/airflow/dags/dag3.py for tasks to queue
[2023-05-11T15:43:07.068+0000] {logging_mixin.py:149} INFO - [2023-05-11T15:43:07.068+0000] {dagbag.py:541} INFO - Filling up the DagBag from /opt/airflow/dags/dag3.py
[2023-05-11T15:43:07.090+0000] {processor.py:809} INFO - DAG(s) dict_keys(['third_dag']) retrieved from /opt/airflow/dags/dag3.py
[2023-05-11T15:43:07.118+0000] {logging_mixin.py:149} INFO - [2023-05-11T15:43:07.118+0000] {dag.py:2726} INFO - Sync 1 DAGs
[2023-05-11T15:43:07.139+0000] {logging_mixin.py:149} INFO - [2023-05-11T15:43:07.139+0000] {dag.py:3490} INFO - Setting next_dagrun for third_dag to 2023-05-11T00:00:00+00:00, run_after=2023-05-12T00:00:00+00:00
[2023-05-11T15:43:07.152+0000] {processor.py:178} INFO - Processing /opt/airflow/dags/dag3.py took 0.098 seconds
[2023-05-11T15:43:37.437+0000] {processor.py:156} INFO - Started process (PID=750) to work on /opt/airflow/dags/dag3.py
[2023-05-11T15:43:37.439+0000] {processor.py:799} INFO - Processing file /opt/airflow/dags/dag3.py for tasks to queue
[2023-05-11T15:43:37.440+0000] {logging_mixin.py:149} INFO - [2023-05-11T15:43:37.440+0000] {dagbag.py:541} INFO - Filling up the DagBag from /opt/airflow/dags/dag3.py
[2023-05-11T15:43:37.463+0000] {processor.py:809} INFO - DAG(s) dict_keys(['third_dag']) retrieved from /opt/airflow/dags/dag3.py
[2023-05-11T15:43:37.492+0000] {logging_mixin.py:149} INFO - [2023-05-11T15:43:37.492+0000] {dag.py:2726} INFO - Sync 1 DAGs
[2023-05-11T15:43:37.510+0000] {logging_mixin.py:149} INFO - [2023-05-11T15:43:37.510+0000] {dag.py:3490} INFO - Setting next_dagrun for third_dag to 2023-05-11T00:00:00+00:00, run_after=2023-05-12T00:00:00+00:00
[2023-05-11T15:43:37.522+0000] {processor.py:178} INFO - Processing /opt/airflow/dags/dag3.py took 0.091 seconds
[2023-05-11T15:44:07.808+0000] {processor.py:156} INFO - Started process (PID=760) to work on /opt/airflow/dags/dag3.py
[2023-05-11T15:44:07.811+0000] {processor.py:799} INFO - Processing file /opt/airflow/dags/dag3.py for tasks to queue
[2023-05-11T15:44:07.812+0000] {logging_mixin.py:149} INFO - [2023-05-11T15:44:07.812+0000] {dagbag.py:541} INFO - Filling up the DagBag from /opt/airflow/dags/dag3.py
[2023-05-11T15:44:07.829+0000] {processor.py:809} INFO - DAG(s) dict_keys(['third_dag']) retrieved from /opt/airflow/dags/dag3.py
[2023-05-11T15:44:07.855+0000] {logging_mixin.py:149} INFO - [2023-05-11T15:44:07.855+0000] {dag.py:2726} INFO - Sync 1 DAGs
[2023-05-11T15:44:07.872+0000] {logging_mixin.py:149} INFO - [2023-05-11T15:44:07.872+0000] {dag.py:3490} INFO - Setting next_dagrun for third_dag to 2023-05-11T00:00:00+00:00, run_after=2023-05-12T00:00:00+00:00
[2023-05-11T15:44:07.884+0000] {processor.py:178} INFO - Processing /opt/airflow/dags/dag3.py took 0.080 seconds
[2023-05-11T15:44:38.198+0000] {processor.py:156} INFO - Started process (PID=770) to work on /opt/airflow/dags/dag3.py
[2023-05-11T15:44:38.202+0000] {processor.py:799} INFO - Processing file /opt/airflow/dags/dag3.py for tasks to queue
[2023-05-11T15:44:38.204+0000] {logging_mixin.py:149} INFO - [2023-05-11T15:44:38.204+0000] {dagbag.py:541} INFO - Filling up the DagBag from /opt/airflow/dags/dag3.py
[2023-05-11T15:44:38.231+0000] {processor.py:809} INFO - DAG(s) dict_keys(['third_dag']) retrieved from /opt/airflow/dags/dag3.py
[2023-05-11T15:44:38.261+0000] {logging_mixin.py:149} INFO - [2023-05-11T15:44:38.261+0000] {dag.py:2726} INFO - Sync 1 DAGs
[2023-05-11T15:44:38.283+0000] {logging_mixin.py:149} INFO - [2023-05-11T15:44:38.283+0000] {dag.py:3490} INFO - Setting next_dagrun for third_dag to 2023-05-11T00:00:00+00:00, run_after=2023-05-12T00:00:00+00:00
[2023-05-11T15:44:38.296+0000] {processor.py:178} INFO - Processing /opt/airflow/dags/dag3.py took 0.108 seconds
[2023-05-11T15:45:08.617+0000] {processor.py:156} INFO - Started process (PID=780) to work on /opt/airflow/dags/dag3.py
[2023-05-11T15:45:08.619+0000] {processor.py:799} INFO - Processing file /opt/airflow/dags/dag3.py for tasks to queue
[2023-05-11T15:45:08.622+0000] {logging_mixin.py:149} INFO - [2023-05-11T15:45:08.622+0000] {dagbag.py:541} INFO - Filling up the DagBag from /opt/airflow/dags/dag3.py
[2023-05-11T15:45:08.641+0000] {processor.py:809} INFO - DAG(s) dict_keys(['third_dag']) retrieved from /opt/airflow/dags/dag3.py
[2023-05-11T15:45:08.669+0000] {logging_mixin.py:149} INFO - [2023-05-11T15:45:08.669+0000] {dag.py:2726} INFO - Sync 1 DAGs
[2023-05-11T15:45:08.692+0000] {logging_mixin.py:149} INFO - [2023-05-11T15:45:08.692+0000] {dag.py:3490} INFO - Setting next_dagrun for third_dag to 2023-05-11T00:00:00+00:00, run_after=2023-05-12T00:00:00+00:00
[2023-05-11T15:45:08.707+0000] {processor.py:178} INFO - Processing /opt/airflow/dags/dag3.py took 0.094 seconds
[2023-05-11T15:45:39.038+0000] {processor.py:156} INFO - Started process (PID=790) to work on /opt/airflow/dags/dag3.py
[2023-05-11T15:45:39.040+0000] {processor.py:799} INFO - Processing file /opt/airflow/dags/dag3.py for tasks to queue
[2023-05-11T15:45:39.042+0000] {logging_mixin.py:149} INFO - [2023-05-11T15:45:39.042+0000] {dagbag.py:541} INFO - Filling up the DagBag from /opt/airflow/dags/dag3.py
[2023-05-11T15:45:39.065+0000] {processor.py:809} INFO - DAG(s) dict_keys(['third_dag']) retrieved from /opt/airflow/dags/dag3.py
[2023-05-11T15:45:39.095+0000] {logging_mixin.py:149} INFO - [2023-05-11T15:45:39.095+0000] {dag.py:2726} INFO - Sync 1 DAGs
[2023-05-11T15:45:39.120+0000] {logging_mixin.py:149} INFO - [2023-05-11T15:45:39.120+0000] {dag.py:3490} INFO - Setting next_dagrun for third_dag to 2023-05-11T00:00:00+00:00, run_after=2023-05-12T00:00:00+00:00
[2023-05-11T15:45:39.135+0000] {processor.py:178} INFO - Processing /opt/airflow/dags/dag3.py took 0.104 seconds
[2023-05-11T15:46:09.434+0000] {processor.py:156} INFO - Started process (PID=800) to work on /opt/airflow/dags/dag3.py
[2023-05-11T15:46:09.437+0000] {processor.py:799} INFO - Processing file /opt/airflow/dags/dag3.py for tasks to queue
[2023-05-11T15:46:09.438+0000] {logging_mixin.py:149} INFO - [2023-05-11T15:46:09.438+0000] {dagbag.py:541} INFO - Filling up the DagBag from /opt/airflow/dags/dag3.py
[2023-05-11T15:46:09.455+0000] {processor.py:809} INFO - DAG(s) dict_keys(['third_dag']) retrieved from /opt/airflow/dags/dag3.py
[2023-05-11T15:46:09.479+0000] {logging_mixin.py:149} INFO - [2023-05-11T15:46:09.479+0000] {dag.py:2726} INFO - Sync 1 DAGs
[2023-05-11T15:46:09.496+0000] {logging_mixin.py:149} INFO - [2023-05-11T15:46:09.496+0000] {dag.py:3490} INFO - Setting next_dagrun for third_dag to 2023-05-11T00:00:00+00:00, run_after=2023-05-12T00:00:00+00:00
[2023-05-11T15:46:09.508+0000] {processor.py:178} INFO - Processing /opt/airflow/dags/dag3.py took 0.079 seconds
[2023-05-11T15:46:39.884+0000] {processor.py:156} INFO - Started process (PID=811) to work on /opt/airflow/dags/dag3.py
[2023-05-11T15:46:39.886+0000] {processor.py:799} INFO - Processing file /opt/airflow/dags/dag3.py for tasks to queue
[2023-05-11T15:46:39.888+0000] {logging_mixin.py:149} INFO - [2023-05-11T15:46:39.888+0000] {dagbag.py:541} INFO - Filling up the DagBag from /opt/airflow/dags/dag3.py
[2023-05-11T15:46:39.907+0000] {processor.py:809} INFO - DAG(s) dict_keys(['third_dag']) retrieved from /opt/airflow/dags/dag3.py
[2023-05-11T15:46:39.933+0000] {logging_mixin.py:149} INFO - [2023-05-11T15:46:39.933+0000] {dag.py:2726} INFO - Sync 1 DAGs
[2023-05-11T15:46:39.951+0000] {logging_mixin.py:149} INFO - [2023-05-11T15:46:39.951+0000] {dag.py:3490} INFO - Setting next_dagrun for third_dag to 2023-05-11T00:00:00+00:00, run_after=2023-05-12T00:00:00+00:00
[2023-05-11T15:46:39.962+0000] {processor.py:178} INFO - Processing /opt/airflow/dags/dag3.py took 0.084 seconds
[2023-05-11T15:47:10.303+0000] {processor.py:156} INFO - Started process (PID=821) to work on /opt/airflow/dags/dag3.py
[2023-05-11T15:47:10.305+0000] {processor.py:799} INFO - Processing file /opt/airflow/dags/dag3.py for tasks to queue
[2023-05-11T15:47:10.306+0000] {logging_mixin.py:149} INFO - [2023-05-11T15:47:10.306+0000] {dagbag.py:541} INFO - Filling up the DagBag from /opt/airflow/dags/dag3.py
[2023-05-11T15:47:10.325+0000] {processor.py:809} INFO - DAG(s) dict_keys(['third_dag']) retrieved from /opt/airflow/dags/dag3.py
[2023-05-11T15:47:10.354+0000] {logging_mixin.py:149} INFO - [2023-05-11T15:47:10.354+0000] {dag.py:2726} INFO - Sync 1 DAGs
[2023-05-11T15:47:10.371+0000] {logging_mixin.py:149} INFO - [2023-05-11T15:47:10.371+0000] {dag.py:3490} INFO - Setting next_dagrun for third_dag to 2023-05-11T00:00:00+00:00, run_after=2023-05-12T00:00:00+00:00
[2023-05-11T15:47:10.383+0000] {processor.py:178} INFO - Processing /opt/airflow/dags/dag3.py took 0.086 seconds
[2023-05-11T15:47:40.708+0000] {processor.py:156} INFO - Started process (PID=831) to work on /opt/airflow/dags/dag3.py
[2023-05-11T15:47:40.710+0000] {processor.py:799} INFO - Processing file /opt/airflow/dags/dag3.py for tasks to queue
[2023-05-11T15:47:40.712+0000] {logging_mixin.py:149} INFO - [2023-05-11T15:47:40.712+0000] {dagbag.py:541} INFO - Filling up the DagBag from /opt/airflow/dags/dag3.py
[2023-05-11T15:47:40.733+0000] {processor.py:809} INFO - DAG(s) dict_keys(['third_dag']) retrieved from /opt/airflow/dags/dag3.py
[2023-05-11T15:47:40.763+0000] {logging_mixin.py:149} INFO - [2023-05-11T15:47:40.763+0000] {dag.py:2726} INFO - Sync 1 DAGs
[2023-05-11T15:47:40.780+0000] {logging_mixin.py:149} INFO - [2023-05-11T15:47:40.780+0000] {dag.py:3490} INFO - Setting next_dagrun for third_dag to 2023-05-11T00:00:00+00:00, run_after=2023-05-12T00:00:00+00:00
[2023-05-11T15:47:40.791+0000] {processor.py:178} INFO - Processing /opt/airflow/dags/dag3.py took 0.090 seconds
[2023-05-11T15:48:11.151+0000] {processor.py:156} INFO - Started process (PID=841) to work on /opt/airflow/dags/dag3.py
[2023-05-11T15:48:11.152+0000] {processor.py:799} INFO - Processing file /opt/airflow/dags/dag3.py for tasks to queue
[2023-05-11T15:48:11.153+0000] {logging_mixin.py:149} INFO - [2023-05-11T15:48:11.153+0000] {dagbag.py:541} INFO - Filling up the DagBag from /opt/airflow/dags/dag3.py
[2023-05-11T15:48:11.171+0000] {processor.py:809} INFO - DAG(s) dict_keys(['third_dag']) retrieved from /opt/airflow/dags/dag3.py
[2023-05-11T15:48:11.197+0000] {logging_mixin.py:149} INFO - [2023-05-11T15:48:11.196+0000] {dag.py:2726} INFO - Sync 1 DAGs
[2023-05-11T15:48:11.214+0000] {logging_mixin.py:149} INFO - [2023-05-11T15:48:11.214+0000] {dag.py:3490} INFO - Setting next_dagrun for third_dag to 2023-05-11T00:00:00+00:00, run_after=2023-05-12T00:00:00+00:00
[2023-05-11T15:48:11.227+0000] {processor.py:178} INFO - Processing /opt/airflow/dags/dag3.py took 0.082 seconds
[2023-05-11T15:48:41.602+0000] {processor.py:156} INFO - Started process (PID=851) to work on /opt/airflow/dags/dag3.py
[2023-05-11T15:48:41.604+0000] {processor.py:799} INFO - Processing file /opt/airflow/dags/dag3.py for tasks to queue
[2023-05-11T15:48:41.605+0000] {logging_mixin.py:149} INFO - [2023-05-11T15:48:41.605+0000] {dagbag.py:541} INFO - Filling up the DagBag from /opt/airflow/dags/dag3.py
[2023-05-11T15:48:41.623+0000] {processor.py:809} INFO - DAG(s) dict_keys(['third_dag']) retrieved from /opt/airflow/dags/dag3.py
[2023-05-11T15:48:41.650+0000] {logging_mixin.py:149} INFO - [2023-05-11T15:48:41.650+0000] {dag.py:2726} INFO - Sync 1 DAGs
[2023-05-11T15:48:41.668+0000] {logging_mixin.py:149} INFO - [2023-05-11T15:48:41.668+0000] {dag.py:3490} INFO - Setting next_dagrun for third_dag to 2023-05-11T00:00:00+00:00, run_after=2023-05-12T00:00:00+00:00
[2023-05-11T15:48:41.680+0000] {processor.py:178} INFO - Processing /opt/airflow/dags/dag3.py took 0.086 seconds
[2023-05-11T15:49:12.061+0000] {processor.py:156} INFO - Started process (PID=861) to work on /opt/airflow/dags/dag3.py
[2023-05-11T15:49:12.064+0000] {processor.py:799} INFO - Processing file /opt/airflow/dags/dag3.py for tasks to queue
[2023-05-11T15:49:12.065+0000] {logging_mixin.py:149} INFO - [2023-05-11T15:49:12.065+0000] {dagbag.py:541} INFO - Filling up the DagBag from /opt/airflow/dags/dag3.py
[2023-05-11T15:49:12.089+0000] {processor.py:809} INFO - DAG(s) dict_keys(['third_dag']) retrieved from /opt/airflow/dags/dag3.py
[2023-05-11T15:49:12.116+0000] {logging_mixin.py:149} INFO - [2023-05-11T15:49:12.116+0000] {dag.py:2726} INFO - Sync 1 DAGs
[2023-05-11T15:49:12.136+0000] {logging_mixin.py:149} INFO - [2023-05-11T15:49:12.136+0000] {dag.py:3490} INFO - Setting next_dagrun for third_dag to 2023-05-11T00:00:00+00:00, run_after=2023-05-12T00:00:00+00:00
[2023-05-11T15:49:12.148+0000] {processor.py:178} INFO - Processing /opt/airflow/dags/dag3.py took 0.094 seconds
[2023-05-11T15:49:42.540+0000] {processor.py:156} INFO - Started process (PID=871) to work on /opt/airflow/dags/dag3.py
[2023-05-11T15:49:42.543+0000] {processor.py:799} INFO - Processing file /opt/airflow/dags/dag3.py for tasks to queue
[2023-05-11T15:49:42.544+0000] {logging_mixin.py:149} INFO - [2023-05-11T15:49:42.544+0000] {dagbag.py:541} INFO - Filling up the DagBag from /opt/airflow/dags/dag3.py
[2023-05-11T15:49:42.563+0000] {processor.py:809} INFO - DAG(s) dict_keys(['third_dag']) retrieved from /opt/airflow/dags/dag3.py
[2023-05-11T15:49:42.589+0000] {logging_mixin.py:149} INFO - [2023-05-11T15:49:42.589+0000] {dag.py:2726} INFO - Sync 1 DAGs
[2023-05-11T15:49:42.606+0000] {logging_mixin.py:149} INFO - [2023-05-11T15:49:42.606+0000] {dag.py:3490} INFO - Setting next_dagrun for third_dag to 2023-05-11T00:00:00+00:00, run_after=2023-05-12T00:00:00+00:00
[2023-05-11T15:49:42.618+0000] {processor.py:178} INFO - Processing /opt/airflow/dags/dag3.py took 0.085 seconds
[2023-05-11T15:50:12.940+0000] {processor.py:156} INFO - Started process (PID=881) to work on /opt/airflow/dags/dag3.py
[2023-05-11T15:50:12.944+0000] {processor.py:799} INFO - Processing file /opt/airflow/dags/dag3.py for tasks to queue
[2023-05-11T15:50:12.947+0000] {logging_mixin.py:149} INFO - [2023-05-11T15:50:12.946+0000] {dagbag.py:541} INFO - Filling up the DagBag from /opt/airflow/dags/dag3.py
[2023-05-11T15:50:12.968+0000] {processor.py:809} INFO - DAG(s) dict_keys(['third_dag']) retrieved from /opt/airflow/dags/dag3.py
[2023-05-11T15:50:12.994+0000] {logging_mixin.py:149} INFO - [2023-05-11T15:50:12.994+0000] {dag.py:2726} INFO - Sync 1 DAGs
[2023-05-11T15:50:13.012+0000] {logging_mixin.py:149} INFO - [2023-05-11T15:50:13.012+0000] {dag.py:3490} INFO - Setting next_dagrun for third_dag to 2023-05-11T00:00:00+00:00, run_after=2023-05-12T00:00:00+00:00
[2023-05-11T15:50:13.023+0000] {processor.py:178} INFO - Processing /opt/airflow/dags/dag3.py took 0.091 seconds
[2023-05-11T15:50:43.309+0000] {processor.py:156} INFO - Started process (PID=891) to work on /opt/airflow/dags/dag3.py
[2023-05-11T15:50:43.310+0000] {processor.py:799} INFO - Processing file /opt/airflow/dags/dag3.py for tasks to queue
[2023-05-11T15:50:43.312+0000] {logging_mixin.py:149} INFO - [2023-05-11T15:50:43.312+0000] {dagbag.py:541} INFO - Filling up the DagBag from /opt/airflow/dags/dag3.py
[2023-05-11T15:50:43.333+0000] {processor.py:809} INFO - DAG(s) dict_keys(['third_dag']) retrieved from /opt/airflow/dags/dag3.py
[2023-05-11T15:50:43.358+0000] {logging_mixin.py:149} INFO - [2023-05-11T15:50:43.358+0000] {dag.py:2726} INFO - Sync 1 DAGs
[2023-05-11T15:50:43.375+0000] {logging_mixin.py:149} INFO - [2023-05-11T15:50:43.375+0000] {dag.py:3490} INFO - Setting next_dagrun for third_dag to 2023-05-11T00:00:00+00:00, run_after=2023-05-12T00:00:00+00:00
[2023-05-11T15:50:43.387+0000] {processor.py:178} INFO - Processing /opt/airflow/dags/dag3.py took 0.084 seconds
[2023-05-11T15:51:13.667+0000] {processor.py:156} INFO - Started process (PID=900) to work on /opt/airflow/dags/dag3.py
[2023-05-11T15:51:13.670+0000] {processor.py:799} INFO - Processing file /opt/airflow/dags/dag3.py for tasks to queue
[2023-05-11T15:51:13.672+0000] {logging_mixin.py:149} INFO - [2023-05-11T15:51:13.672+0000] {dagbag.py:541} INFO - Filling up the DagBag from /opt/airflow/dags/dag3.py
[2023-05-11T15:51:13.693+0000] {processor.py:809} INFO - DAG(s) dict_keys(['third_dag']) retrieved from /opt/airflow/dags/dag3.py
[2023-05-11T15:51:13.722+0000] {logging_mixin.py:149} INFO - [2023-05-11T15:51:13.722+0000] {dag.py:2726} INFO - Sync 1 DAGs
[2023-05-11T15:51:13.742+0000] {logging_mixin.py:149} INFO - [2023-05-11T15:51:13.741+0000] {dag.py:3490} INFO - Setting next_dagrun for third_dag to 2023-05-11T00:00:00+00:00, run_after=2023-05-12T00:00:00+00:00
[2023-05-11T15:51:13.756+0000] {processor.py:178} INFO - Processing /opt/airflow/dags/dag3.py took 0.094 seconds
[2023-05-11T15:51:44.045+0000] {processor.py:156} INFO - Started process (PID=909) to work on /opt/airflow/dags/dag3.py
[2023-05-11T15:51:44.046+0000] {processor.py:799} INFO - Processing file /opt/airflow/dags/dag3.py for tasks to queue
[2023-05-11T15:51:44.047+0000] {logging_mixin.py:149} INFO - [2023-05-11T15:51:44.047+0000] {dagbag.py:541} INFO - Filling up the DagBag from /opt/airflow/dags/dag3.py
[2023-05-11T15:51:44.063+0000] {processor.py:809} INFO - DAG(s) dict_keys(['third_dag']) retrieved from /opt/airflow/dags/dag3.py
[2023-05-11T15:51:44.088+0000] {logging_mixin.py:149} INFO - [2023-05-11T15:51:44.087+0000] {dag.py:2726} INFO - Sync 1 DAGs
[2023-05-11T15:51:44.105+0000] {logging_mixin.py:149} INFO - [2023-05-11T15:51:44.105+0000] {dag.py:3490} INFO - Setting next_dagrun for third_dag to 2023-05-11T00:00:00+00:00, run_after=2023-05-12T00:00:00+00:00
[2023-05-11T15:51:44.118+0000] {processor.py:178} INFO - Processing /opt/airflow/dags/dag3.py took 0.079 seconds
[2023-05-11T15:52:14.387+0000] {processor.py:156} INFO - Started process (PID=919) to work on /opt/airflow/dags/dag3.py
[2023-05-11T15:52:14.389+0000] {processor.py:799} INFO - Processing file /opt/airflow/dags/dag3.py for tasks to queue
[2023-05-11T15:52:14.390+0000] {logging_mixin.py:149} INFO - [2023-05-11T15:52:14.390+0000] {dagbag.py:541} INFO - Filling up the DagBag from /opt/airflow/dags/dag3.py
[2023-05-11T15:52:14.407+0000] {processor.py:809} INFO - DAG(s) dict_keys(['third_dag']) retrieved from /opt/airflow/dags/dag3.py
[2023-05-11T15:52:14.432+0000] {logging_mixin.py:149} INFO - [2023-05-11T15:52:14.432+0000] {dag.py:2726} INFO - Sync 1 DAGs
[2023-05-11T15:52:14.451+0000] {logging_mixin.py:149} INFO - [2023-05-11T15:52:14.451+0000] {dag.py:3490} INFO - Setting next_dagrun for third_dag to 2023-05-11T00:00:00+00:00, run_after=2023-05-12T00:00:00+00:00
[2023-05-11T15:52:14.464+0000] {processor.py:178} INFO - Processing /opt/airflow/dags/dag3.py took 0.082 seconds
[2023-05-11T15:52:44.764+0000] {processor.py:156} INFO - Started process (PID=929) to work on /opt/airflow/dags/dag3.py
[2023-05-11T15:52:44.767+0000] {processor.py:799} INFO - Processing file /opt/airflow/dags/dag3.py for tasks to queue
[2023-05-11T15:52:44.768+0000] {logging_mixin.py:149} INFO - [2023-05-11T15:52:44.768+0000] {dagbag.py:541} INFO - Filling up the DagBag from /opt/airflow/dags/dag3.py
[2023-05-11T15:52:44.789+0000] {processor.py:809} INFO - DAG(s) dict_keys(['third_dag']) retrieved from /opt/airflow/dags/dag3.py
[2023-05-11T15:52:44.816+0000] {logging_mixin.py:149} INFO - [2023-05-11T15:52:44.816+0000] {dag.py:2726} INFO - Sync 1 DAGs
[2023-05-11T15:52:44.836+0000] {logging_mixin.py:149} INFO - [2023-05-11T15:52:44.835+0000] {dag.py:3490} INFO - Setting next_dagrun for third_dag to 2023-05-11T00:00:00+00:00, run_after=2023-05-12T00:00:00+00:00
[2023-05-11T15:52:44.848+0000] {processor.py:178} INFO - Processing /opt/airflow/dags/dag3.py took 0.090 seconds
[2023-05-11T15:53:15.169+0000] {processor.py:156} INFO - Started process (PID=939) to work on /opt/airflow/dags/dag3.py
[2023-05-11T15:53:15.172+0000] {processor.py:799} INFO - Processing file /opt/airflow/dags/dag3.py for tasks to queue
[2023-05-11T15:53:15.173+0000] {logging_mixin.py:149} INFO - [2023-05-11T15:53:15.173+0000] {dagbag.py:541} INFO - Filling up the DagBag from /opt/airflow/dags/dag3.py
[2023-05-11T15:53:15.192+0000] {processor.py:809} INFO - DAG(s) dict_keys(['third_dag']) retrieved from /opt/airflow/dags/dag3.py
[2023-05-11T15:53:15.217+0000] {logging_mixin.py:149} INFO - [2023-05-11T15:53:15.217+0000] {dag.py:2726} INFO - Sync 1 DAGs
[2023-05-11T15:53:15.234+0000] {logging_mixin.py:149} INFO - [2023-05-11T15:53:15.234+0000] {dag.py:3490} INFO - Setting next_dagrun for third_dag to 2023-05-11T00:00:00+00:00, run_after=2023-05-12T00:00:00+00:00
[2023-05-11T15:53:15.246+0000] {processor.py:178} INFO - Processing /opt/airflow/dags/dag3.py took 0.082 seconds
[2023-05-11T15:53:45.542+0000] {processor.py:156} INFO - Started process (PID=949) to work on /opt/airflow/dags/dag3.py
[2023-05-11T15:53:45.545+0000] {processor.py:799} INFO - Processing file /opt/airflow/dags/dag3.py for tasks to queue
[2023-05-11T15:53:45.546+0000] {logging_mixin.py:149} INFO - [2023-05-11T15:53:45.546+0000] {dagbag.py:541} INFO - Filling up the DagBag from /opt/airflow/dags/dag3.py
[2023-05-11T15:53:45.565+0000] {processor.py:809} INFO - DAG(s) dict_keys(['third_dag']) retrieved from /opt/airflow/dags/dag3.py
[2023-05-11T15:53:45.606+0000] {logging_mixin.py:149} INFO - [2023-05-11T15:53:45.605+0000] {dag.py:2726} INFO - Sync 1 DAGs
[2023-05-11T15:53:45.629+0000] {logging_mixin.py:149} INFO - [2023-05-11T15:53:45.628+0000] {dag.py:3490} INFO - Setting next_dagrun for third_dag to 2023-05-11T00:00:00+00:00, run_after=2023-05-12T00:00:00+00:00
[2023-05-11T15:53:45.646+0000] {processor.py:178} INFO - Processing /opt/airflow/dags/dag3.py took 0.108 seconds
[2023-05-11T15:54:15.950+0000] {processor.py:156} INFO - Started process (PID=960) to work on /opt/airflow/dags/dag3.py
[2023-05-11T15:54:15.953+0000] {processor.py:799} INFO - Processing file /opt/airflow/dags/dag3.py for tasks to queue
[2023-05-11T15:54:15.955+0000] {logging_mixin.py:149} INFO - [2023-05-11T15:54:15.954+0000] {dagbag.py:541} INFO - Filling up the DagBag from /opt/airflow/dags/dag3.py
[2023-05-11T15:54:15.973+0000] {processor.py:809} INFO - DAG(s) dict_keys(['third_dag']) retrieved from /opt/airflow/dags/dag3.py
[2023-05-11T15:54:16.005+0000] {logging_mixin.py:149} INFO - [2023-05-11T15:54:16.004+0000] {dag.py:2726} INFO - Sync 1 DAGs
[2023-05-11T15:54:16.028+0000] {logging_mixin.py:149} INFO - [2023-05-11T15:54:16.028+0000] {dag.py:3490} INFO - Setting next_dagrun for third_dag to 2023-05-11T00:00:00+00:00, run_after=2023-05-12T00:00:00+00:00
[2023-05-11T15:54:16.042+0000] {processor.py:178} INFO - Processing /opt/airflow/dags/dag3.py took 0.097 seconds
[2023-05-11T15:54:46.390+0000] {processor.py:156} INFO - Started process (PID=970) to work on /opt/airflow/dags/dag3.py
[2023-05-11T15:54:46.393+0000] {processor.py:799} INFO - Processing file /opt/airflow/dags/dag3.py for tasks to queue
[2023-05-11T15:54:46.394+0000] {logging_mixin.py:149} INFO - [2023-05-11T15:54:46.394+0000] {dagbag.py:541} INFO - Filling up the DagBag from /opt/airflow/dags/dag3.py
[2023-05-11T15:54:46.418+0000] {processor.py:809} INFO - DAG(s) dict_keys(['third_dag']) retrieved from /opt/airflow/dags/dag3.py
[2023-05-11T15:54:46.446+0000] {logging_mixin.py:149} INFO - [2023-05-11T15:54:46.446+0000] {dag.py:2726} INFO - Sync 1 DAGs
[2023-05-11T15:54:46.466+0000] {logging_mixin.py:149} INFO - [2023-05-11T15:54:46.466+0000] {dag.py:3490} INFO - Setting next_dagrun for third_dag to 2023-05-11T00:00:00+00:00, run_after=2023-05-12T00:00:00+00:00
[2023-05-11T15:54:46.478+0000] {processor.py:178} INFO - Processing /opt/airflow/dags/dag3.py took 0.097 seconds
[2023-05-11T15:55:16.815+0000] {processor.py:156} INFO - Started process (PID=980) to work on /opt/airflow/dags/dag3.py
[2023-05-11T15:55:16.816+0000] {processor.py:799} INFO - Processing file /opt/airflow/dags/dag3.py for tasks to queue
[2023-05-11T15:55:16.818+0000] {logging_mixin.py:149} INFO - [2023-05-11T15:55:16.818+0000] {dagbag.py:541} INFO - Filling up the DagBag from /opt/airflow/dags/dag3.py
[2023-05-11T15:55:16.833+0000] {processor.py:809} INFO - DAG(s) dict_keys(['third_dag']) retrieved from /opt/airflow/dags/dag3.py
[2023-05-11T15:55:16.864+0000] {logging_mixin.py:149} INFO - [2023-05-11T15:55:16.864+0000] {dag.py:2726} INFO - Sync 1 DAGs
[2023-05-11T15:55:16.884+0000] {logging_mixin.py:149} INFO - [2023-05-11T15:55:16.884+0000] {dag.py:3490} INFO - Setting next_dagrun for third_dag to 2023-05-11T00:00:00+00:00, run_after=2023-05-12T00:00:00+00:00
[2023-05-11T15:55:16.897+0000] {processor.py:178} INFO - Processing /opt/airflow/dags/dag3.py took 0.087 seconds
