[2023-06-06T06:02:19.219+0000] {processor.py:156} INFO - Started process (PID=34) to work on /opt/airflow/dags/dag1.py
[2023-06-06T06:02:19.244+0000] {processor.py:799} INFO - Processing file /opt/airflow/dags/dag1.py for tasks to queue
[2023-06-06T06:02:19.247+0000] {logging_mixin.py:149} INFO - [2023-06-06T06:02:19.247+0000] {dagbag.py:541} INFO - Filling up the DagBag from /opt/airflow/dags/dag1.py
[2023-06-06T06:02:19.439+0000] {processor.py:809} INFO - DAG(s) dict_keys(['first_dag']) retrieved from /opt/airflow/dags/dag1.py
[2023-06-06T06:02:19.731+0000] {logging_mixin.py:149} INFO - [2023-06-06T06:02:19.731+0000] {dag.py:2726} INFO - Sync 1 DAGs
[2023-06-06T06:02:19.793+0000] {logging_mixin.py:149} INFO - [2023-06-06T06:02:19.792+0000] {dag.py:3490} INFO - Setting next_dagrun for first_dag to 2022-01-01T02:53:00+00:00, run_after=2022-01-01T02:54:00+00:00
[2023-06-06T06:02:19.857+0000] {processor.py:178} INFO - Processing /opt/airflow/dags/dag1.py took 0.654 seconds
[2023-06-06T06:02:51.647+0000] {processor.py:156} INFO - Started process (PID=45) to work on /opt/airflow/dags/dag1.py
[2023-06-06T06:02:51.667+0000] {processor.py:799} INFO - Processing file /opt/airflow/dags/dag1.py for tasks to queue
[2023-06-06T06:02:51.685+0000] {logging_mixin.py:149} INFO - [2023-06-06T06:02:51.684+0000] {dagbag.py:541} INFO - Filling up the DagBag from /opt/airflow/dags/dag1.py
[2023-06-06T06:02:52.501+0000] {processor.py:809} INFO - DAG(s) dict_keys(['first_dag']) retrieved from /opt/airflow/dags/dag1.py
[2023-06-06T06:02:53.252+0000] {logging_mixin.py:149} INFO - [2023-06-06T06:02:53.252+0000] {dag.py:2726} INFO - Sync 1 DAGs
[2023-06-06T06:02:53.389+0000] {logging_mixin.py:149} INFO - [2023-06-06T06:02:53.389+0000] {dag.py:3490} INFO - Setting next_dagrun for first_dag to 2022-01-01T02:53:00+00:00, run_after=2022-01-01T02:54:00+00:00
[2023-06-06T06:02:55.123+0000] {processor.py:178} INFO - Processing /opt/airflow/dags/dag1.py took 3.523 seconds
[2023-06-06T06:04:55.584+0000] {processor.py:156} INFO - Started process (PID=68) to work on /opt/airflow/dags/dag1.py
[2023-06-06T06:04:55.800+0000] {processor.py:799} INFO - Processing file /opt/airflow/dags/dag1.py for tasks to queue
[2023-06-06T06:04:56.425+0000] {logging_mixin.py:149} INFO - [2023-06-06T06:04:56.333+0000] {dagbag.py:541} INFO - Filling up the DagBag from /opt/airflow/dags/dag1.py
[2023-06-06T06:05:34.956+0000] {logging_mixin.py:149} INFO - [2023-06-06T06:05:28.705+0000] {timeout.py:68} ERROR - Process timed out, PID: 68
[2023-06-06T06:05:47.297+0000] {logging_mixin.py:149} INFO - [2023-06-06T06:05:36.544+0000] {dagbag.py:350} ERROR - Failed to import: /opt/airflow/dags/dag1.py
Traceback (most recent call last):
  File "/home/airflow/.local/lib/python3.7/site-packages/airflow/models/dagbag.py", line 346, in parse
    loader.exec_module(new_module)
  File "<frozen importlib._bootstrap_external>", line 728, in exec_module
  File "<frozen importlib._bootstrap>", line 219, in _call_with_frames_removed
  File "/opt/airflow/dags/dag1.py", line 3, in <module>
    from airflow.operators.postgres_operator import PostgresOperator
  File "/home/airflow/.local/lib/python3.7/site-packages/airflow/utils/deprecation_tools.py", line 36, in getattr_with_deprecation
    return getattr(importlib.import_module(new_module), new_class_name)
  File "/usr/local/lib/python3.7/importlib/__init__.py", line 127, in import_module
    return _bootstrap._gcd_import(name[level:], package, level)
  File "<frozen importlib._bootstrap>", line 1006, in _gcd_import
  File "<frozen importlib._bootstrap>", line 983, in _find_and_load
  File "<frozen importlib._bootstrap>", line 953, in _find_and_load_unlocked
  File "<frozen importlib._bootstrap>", line 219, in _call_with_frames_removed
  File "<frozen importlib._bootstrap>", line 1006, in _gcd_import
  File "<frozen importlib._bootstrap>", line 983, in _find_and_load
  File "<frozen importlib._bootstrap>", line 967, in _find_and_load_unlocked
  File "<frozen importlib._bootstrap>", line 677, in _load_unlocked
  File "<frozen importlib._bootstrap_external>", line 724, in exec_module
  File "<frozen importlib._bootstrap_external>", line 818, in get_code
  File "<frozen importlib._bootstrap_external>", line 916, in get_data
  File "/home/airflow/.local/lib/python3.7/site-packages/airflow/utils/timeout.py", line 69, in handle_timeout
    raise AirflowTaskTimeout(self.error_message)
airflow.exceptions.AirflowTaskTimeout: DagBag import timeout for /opt/airflow/dags/dag1.py after 30.0s.
Please take a look at these docs to improve your DAG import time:
* https://airflow.apache.org/docs/apache-airflow/2.6.0/best-practices.html#top-level-python-code
* https://airflow.apache.org/docs/apache-airflow/2.6.0/best-practices.html#reducing-dag-complexity, PID: 68
[2023-06-06T06:05:47.628+0000] {processor.py:811} WARNING - No viable dags retrieved from /opt/airflow/dags/dag1.py
[2023-06-06T06:06:19.008+0000] {processor.py:156} INFO - Started process (PID=79) to work on /opt/airflow/dags/dag1.py
[2023-06-06T06:06:19.206+0000] {processor.py:799} INFO - Processing file /opt/airflow/dags/dag1.py for tasks to queue
[2023-06-06T06:06:19.286+0000] {logging_mixin.py:149} INFO - [2023-06-06T06:06:19.238+0000] {dagbag.py:541} INFO - Filling up the DagBag from /opt/airflow/dags/dag1.py
[2023-06-06T06:06:21.481+0000] {processor.py:809} INFO - DAG(s) dict_keys(['first_dag']) retrieved from /opt/airflow/dags/dag1.py
[2023-06-06T06:06:25.445+0000] {logging_mixin.py:149} INFO - [2023-06-06T06:06:25.443+0000] {dag.py:2726} INFO - Sync 1 DAGs
[2023-06-06T06:06:58.113+0000] {logging_mixin.py:149} INFO - [2023-06-06T06:06:58.098+0000] {dag.py:3490} INFO - Setting next_dagrun for first_dag to 2022-01-01T02:53:00+00:00, run_after=2022-01-01T02:54:00+00:00
[2023-06-06T06:06:58.848+0000] {processor.py:181} ERROR - Got an exception! Propagating...
Traceback (most recent call last):
  File "/home/airflow/.local/lib/python3.7/site-packages/airflow/dag_processing/processor.py", line 177, in _run_file_processor
    _handle_dag_file_processing()
  File "/home/airflow/.local/lib/python3.7/site-packages/airflow/dag_processing/processor.py", line 161, in _handle_dag_file_processing
    callback_requests=callback_requests,
  File "/home/airflow/.local/lib/python3.7/site-packages/airflow/utils/session.py", line 76, in wrapper
    return func(*args, session=session, **kwargs)
  File "/home/airflow/.local/lib/python3.7/site-packages/airflow/dag_processing/processor.py", line 830, in process_file
    pickle_dags=pickle_dags,
  File "/home/airflow/.local/lib/python3.7/site-packages/airflow/api_internal/internal_api_call.py", line 112, in wrapper
    return func(*args, **kwargs)
  File "/home/airflow/.local/lib/python3.7/site-packages/airflow/utils/session.py", line 76, in wrapper
    return func(*args, session=session, **kwargs)
  File "/home/airflow/.local/lib/python3.7/site-packages/airflow/dag_processing/processor.py", line 863, in save_dag_to_db
    import_errors = DagBag._sync_to_db(dags=dags, processor_subdir=dag_directory, session=session)
  File "/home/airflow/.local/lib/python3.7/site-packages/airflow/utils/session.py", line 73, in wrapper
    return func(*args, **kwargs)
  File "/home/airflow/.local/lib/python3.7/site-packages/airflow/models/dagbag.py", line 660, in _sync_to_db
    for attempt in run_with_db_retries(logger=log):
  File "/home/airflow/.local/lib/python3.7/site-packages/tenacity/__init__.py", line 347, in __iter__
    do = self.iter(retry_state=retry_state)
  File "/home/airflow/.local/lib/python3.7/site-packages/tenacity/__init__.py", line 314, in iter
    return fut.result()
  File "/usr/local/lib/python3.7/concurrent/futures/_base.py", line 428, in result
    return self.__get_result()
  File "/usr/local/lib/python3.7/concurrent/futures/_base.py", line 384, in __get_result
    raise self._exception
  File "/home/airflow/.local/lib/python3.7/site-packages/airflow/models/dagbag.py", line 674, in _sync_to_db
    DAG.bulk_write_to_db(dags.values(), processor_subdir=processor_subdir, session=session)
  File "/home/airflow/.local/lib/python3.7/site-packages/airflow/utils/session.py", line 73, in wrapper
    return func(*args, **kwargs)
  File "/home/airflow/.local/lib/python3.7/site-packages/airflow/models/dag.py", line 2890, in bulk_write_to_db
    session.flush()  # this is required to ensure each dataset has its PK loaded
  File "/home/airflow/.local/lib/python3.7/site-packages/sqlalchemy/orm/session.py", line 3446, in flush
    self._flush(objects)
  File "/home/airflow/.local/lib/python3.7/site-packages/sqlalchemy/orm/session.py", line 3586, in _flush
    transaction.rollback(_capture_exception=True)
  File "/home/airflow/.local/lib/python3.7/site-packages/sqlalchemy/util/langhelpers.py", line 72, in __exit__
    with_traceback=exc_tb,
  File "/home/airflow/.local/lib/python3.7/site-packages/sqlalchemy/util/compat.py", line 211, in raise_
    raise exception
  File "/home/airflow/.local/lib/python3.7/site-packages/sqlalchemy/orm/session.py", line 3546, in _flush
    flush_context.execute()
  File "/home/airflow/.local/lib/python3.7/site-packages/sqlalchemy/orm/unitofwork.py", line 456, in execute
    rec.execute(self)
  File "/home/airflow/.local/lib/python3.7/site-packages/sqlalchemy/orm/unitofwork.py", line 633, in execute
    uow,
  File "/home/airflow/.local/lib/python3.7/site-packages/sqlalchemy/orm/persistence.py", line 242, in save_obj
    update,
  File "/home/airflow/.local/lib/python3.7/site-packages/sqlalchemy/orm/persistence.py", line 1038, in _emit_update_statements
    % (table.description, len(records), rows)
sqlalchemy.orm.exc.StaleDataError: UPDATE statement on table 'serialized_dag' expected to update 1 row(s); 0 were matched.
[2023-06-06T06:07:41.762+0000] {processor.py:156} INFO - Started process (PID=99) to work on /opt/airflow/dags/dag1.py
[2023-06-06T06:07:42.098+0000] {processor.py:799} INFO - Processing file /opt/airflow/dags/dag1.py for tasks to queue
[2023-06-06T06:07:42.315+0000] {logging_mixin.py:149} INFO - [2023-06-06T06:07:42.314+0000] {dagbag.py:541} INFO - Filling up the DagBag from /opt/airflow/dags/dag1.py
[2023-06-06T06:07:43.400+0000] {processor.py:809} INFO - DAG(s) dict_keys(['first_dag']) retrieved from /opt/airflow/dags/dag1.py
[2023-06-06T06:08:15.410+0000] {logging_mixin.py:149} INFO - [2023-06-06T06:08:15.409+0000] {dag.py:2726} INFO - Sync 1 DAGs
[2023-06-06T06:08:18.845+0000] {logging_mixin.py:149} INFO - [2023-06-06T06:08:18.843+0000] {dag.py:3490} INFO - Setting next_dagrun for first_dag to 2022-01-01T02:53:00+00:00, run_after=2022-01-01T02:54:00+00:00
[2023-06-06T06:08:19.962+0000] {processor.py:178} INFO - Processing /opt/airflow/dags/dag1.py took 38.640 seconds
[2023-06-06T06:09:15.665+0000] {processor.py:156} INFO - Started process (PID=111) to work on /opt/airflow/dags/dag1.py
[2023-06-06T06:09:15.886+0000] {processor.py:799} INFO - Processing file /opt/airflow/dags/dag1.py for tasks to queue
[2023-06-06T06:09:15.966+0000] {logging_mixin.py:149} INFO - [2023-06-06T06:09:15.965+0000] {dagbag.py:541} INFO - Filling up the DagBag from /opt/airflow/dags/dag1.py
[2023-06-06T06:09:19.839+0000] {processor.py:809} INFO - DAG(s) dict_keys(['first_dag']) retrieved from /opt/airflow/dags/dag1.py
[2023-06-06T06:09:59.971+0000] {logging_mixin.py:149} INFO - [2023-06-06T06:09:59.967+0000] {dag.py:2726} INFO - Sync 1 DAGs
[2023-06-06T06:10:04.158+0000] {logging_mixin.py:149} INFO - [2023-06-06T06:10:04.038+0000] {dag.py:3490} INFO - Setting next_dagrun for first_dag to 2022-01-01T02:53:00+00:00, run_after=2022-01-01T02:54:00+00:00
[2023-06-06T06:10:59.347+0000] {processor.py:156} INFO - Started process (PID=129) to work on /opt/airflow/dags/dag1.py
[2023-06-06T06:11:00.011+0000] {processor.py:799} INFO - Processing file /opt/airflow/dags/dag1.py for tasks to queue
[2023-06-06T06:11:00.113+0000] {logging_mixin.py:149} INFO - [2023-06-06T06:11:00.112+0000] {dagbag.py:541} INFO - Filling up the DagBag from /opt/airflow/dags/dag1.py
[2023-06-06T06:11:12.369+0000] {processor.py:809} INFO - DAG(s) dict_keys(['first_dag']) retrieved from /opt/airflow/dags/dag1.py
[2023-06-06T06:12:50.344+0000] {processor.py:156} INFO - Started process (PID=140) to work on /opt/airflow/dags/dag1.py
[2023-06-06T06:12:50.414+0000] {processor.py:799} INFO - Processing file /opt/airflow/dags/dag1.py for tasks to queue
[2023-06-06T06:12:50.595+0000] {logging_mixin.py:149} INFO - [2023-06-06T06:12:50.594+0000] {dagbag.py:541} INFO - Filling up the DagBag from /opt/airflow/dags/dag1.py
[2023-06-06T06:13:43.125+0000] {logging_mixin.py:149} INFO - [2023-06-06T06:13:42.444+0000] {timeout.py:68} ERROR - Process timed out, PID: 140
[2023-06-06T06:13:44.794+0000] {logging_mixin.py:149} WARNING - Exception ignored in: <function _collection_gced at 0xffffb92b35f0>
[2023-06-06T06:13:45.628+0000] {logging_mixin.py:149} WARNING - Traceback (most recent call last):
[2023-06-06T06:13:46.977+0000] {logging_mixin.py:149} WARNING -   File "/home/airflow/.local/lib/python3.7/site-packages/sqlalchemy/event/registry.py", line 53, in _collection_gced
[2023-06-06T06:13:50.060+0000] {logging_mixin.py:149} WARNING -     def _collection_gced(ref):
[2023-06-06T06:13:50.866+0000] {logging_mixin.py:149} WARNING -   File "/home/airflow/.local/lib/python3.7/site-packages/airflow/utils/timeout.py", line 69, in handle_timeout
[2023-06-06T06:13:53.845+0000] {logging_mixin.py:149} WARNING -     raise AirflowTaskTimeout(self.error_message)
[2023-06-06T06:13:56.326+0000] {logging_mixin.py:149} WARNING - airflow.exceptions.AirflowTaskTimeout: DagBag import timeout for /opt/airflow/dags/dag1.py after 30.0s.
Please take a look at these docs to improve your DAG import time:
* https://airflow.apache.org/docs/apache-airflow/2.6.0/best-practices.html#top-level-python-code
* https://airflow.apache.org/docs/apache-airflow/2.6.0/best-practices.html#reducing-dag-complexity, PID: 140
[2023-06-06T06:18:16.288+0000] {processor.py:156} INFO - Started process (PID=151) to work on /opt/airflow/dags/dag1.py
[2023-06-06T06:18:17.235+0000] {processor.py:799} INFO - Processing file /opt/airflow/dags/dag1.py for tasks to queue
[2023-06-06T06:18:24.073+0000] {logging_mixin.py:149} INFO - [2023-06-06T06:18:18.433+0000] {dagbag.py:541} INFO - Filling up the DagBag from /opt/airflow/dags/dag1.py
[2023-06-06T06:38:06.783+0000] {processor.py:156} INFO - Started process (PID=34) to work on /opt/airflow/dags/dag1.py
[2023-06-06T06:38:06.804+0000] {processor.py:799} INFO - Processing file /opt/airflow/dags/dag1.py for tasks to queue
[2023-06-06T06:38:06.810+0000] {logging_mixin.py:149} INFO - [2023-06-06T06:38:06.810+0000] {dagbag.py:541} INFO - Filling up the DagBag from /opt/airflow/dags/dag1.py
[2023-06-06T06:38:06.997+0000] {processor.py:809} INFO - DAG(s) dict_keys(['first_dag']) retrieved from /opt/airflow/dags/dag1.py
[2023-06-06T06:38:07.414+0000] {logging_mixin.py:149} INFO - [2023-06-06T06:38:07.414+0000] {dag.py:2726} INFO - Sync 1 DAGs
[2023-06-06T06:38:07.521+0000] {logging_mixin.py:149} INFO - [2023-06-06T06:38:07.521+0000] {dag.py:3490} INFO - Setting next_dagrun for first_dag to 2022-01-01T02:53:00+00:00, run_after=2022-01-01T02:54:00+00:00
[2023-06-06T06:38:07.592+0000] {processor.py:178} INFO - Processing /opt/airflow/dags/dag1.py took 0.817 seconds
[2023-06-06T06:38:37.782+0000] {processor.py:156} INFO - Started process (PID=45) to work on /opt/airflow/dags/dag1.py
[2023-06-06T06:38:37.784+0000] {processor.py:799} INFO - Processing file /opt/airflow/dags/dag1.py for tasks to queue
[2023-06-06T06:38:37.785+0000] {logging_mixin.py:149} INFO - [2023-06-06T06:38:37.785+0000] {dagbag.py:541} INFO - Filling up the DagBag from /opt/airflow/dags/dag1.py
[2023-06-06T06:38:37.809+0000] {processor.py:809} INFO - DAG(s) dict_keys(['first_dag']) retrieved from /opt/airflow/dags/dag1.py
[2023-06-06T06:38:37.865+0000] {logging_mixin.py:149} INFO - [2023-06-06T06:38:37.865+0000] {dag.py:2726} INFO - Sync 1 DAGs
[2023-06-06T06:38:37.881+0000] {logging_mixin.py:149} INFO - [2023-06-06T06:38:37.881+0000] {dag.py:3490} INFO - Setting next_dagrun for first_dag to 2022-01-01T02:53:00+00:00, run_after=2022-01-01T02:54:00+00:00
[2023-06-06T06:38:38.031+0000] {processor.py:178} INFO - Processing /opt/airflow/dags/dag1.py took 0.253 seconds
[2023-06-06T06:39:08.214+0000] {processor.py:156} INFO - Started process (PID=56) to work on /opt/airflow/dags/dag1.py
[2023-06-06T06:39:08.222+0000] {processor.py:799} INFO - Processing file /opt/airflow/dags/dag1.py for tasks to queue
[2023-06-06T06:39:08.223+0000] {logging_mixin.py:149} INFO - [2023-06-06T06:39:08.223+0000] {dagbag.py:541} INFO - Filling up the DagBag from /opt/airflow/dags/dag1.py
[2023-06-06T06:39:08.266+0000] {processor.py:809} INFO - DAG(s) dict_keys(['first_dag']) retrieved from /opt/airflow/dags/dag1.py
[2023-06-06T06:39:08.361+0000] {logging_mixin.py:149} INFO - [2023-06-06T06:39:08.361+0000] {dag.py:2726} INFO - Sync 1 DAGs
[2023-06-06T06:39:08.617+0000] {logging_mixin.py:149} INFO - [2023-06-06T06:39:08.616+0000] {dag.py:3490} INFO - Setting next_dagrun for first_dag to 2022-01-01T02:53:00+00:00, run_after=2022-01-01T02:54:00+00:00
[2023-06-06T06:39:08.647+0000] {processor.py:178} INFO - Processing /opt/airflow/dags/dag1.py took 0.451 seconds
[2023-06-06T06:39:39.597+0000] {processor.py:156} INFO - Started process (PID=66) to work on /opt/airflow/dags/dag1.py
[2023-06-06T06:39:39.600+0000] {processor.py:799} INFO - Processing file /opt/airflow/dags/dag1.py for tasks to queue
[2023-06-06T06:39:39.604+0000] {logging_mixin.py:149} INFO - [2023-06-06T06:39:39.604+0000] {dagbag.py:541} INFO - Filling up the DagBag from /opt/airflow/dags/dag1.py
[2023-06-06T06:39:39.632+0000] {processor.py:809} INFO - DAG(s) dict_keys(['first_dag']) retrieved from /opt/airflow/dags/dag1.py
[2023-06-06T06:39:39.685+0000] {logging_mixin.py:149} INFO - [2023-06-06T06:39:39.685+0000] {dag.py:2726} INFO - Sync 1 DAGs
[2023-06-06T06:39:39.844+0000] {logging_mixin.py:149} INFO - [2023-06-06T06:39:39.844+0000] {dag.py:3490} INFO - Setting next_dagrun for first_dag to 2022-01-01T02:53:00+00:00, run_after=2022-01-01T02:54:00+00:00
[2023-06-06T06:39:39.856+0000] {processor.py:178} INFO - Processing /opt/airflow/dags/dag1.py took 0.263 seconds
[2023-06-06T06:40:10.087+0000] {processor.py:156} INFO - Started process (PID=77) to work on /opt/airflow/dags/dag1.py
[2023-06-06T06:40:10.092+0000] {processor.py:799} INFO - Processing file /opt/airflow/dags/dag1.py for tasks to queue
[2023-06-06T06:40:10.103+0000] {logging_mixin.py:149} INFO - [2023-06-06T06:40:10.103+0000] {dagbag.py:541} INFO - Filling up the DagBag from /opt/airflow/dags/dag1.py
[2023-06-06T06:40:10.181+0000] {processor.py:809} INFO - DAG(s) dict_keys(['first_dag']) retrieved from /opt/airflow/dags/dag1.py
[2023-06-06T06:40:11.703+0000] {logging_mixin.py:149} INFO - [2023-06-06T06:40:11.703+0000] {dag.py:2726} INFO - Sync 1 DAGs
[2023-06-06T06:40:11.748+0000] {logging_mixin.py:149} INFO - [2023-06-06T06:40:11.748+0000] {dag.py:3490} INFO - Setting next_dagrun for first_dag to 2022-01-01T02:53:00+00:00, run_after=2022-01-01T02:54:00+00:00
[2023-06-06T06:40:11.809+0000] {processor.py:178} INFO - Processing /opt/airflow/dags/dag1.py took 1.726 seconds
[2023-06-06T06:40:42.198+0000] {processor.py:156} INFO - Started process (PID=95) to work on /opt/airflow/dags/dag1.py
[2023-06-06T06:40:42.200+0000] {processor.py:799} INFO - Processing file /opt/airflow/dags/dag1.py for tasks to queue
[2023-06-06T06:40:42.201+0000] {logging_mixin.py:149} INFO - [2023-06-06T06:40:42.201+0000] {dagbag.py:541} INFO - Filling up the DagBag from /opt/airflow/dags/dag1.py
[2023-06-06T06:40:42.228+0000] {processor.py:809} INFO - DAG(s) dict_keys(['first_dag']) retrieved from /opt/airflow/dags/dag1.py
[2023-06-06T06:40:42.541+0000] {logging_mixin.py:149} INFO - [2023-06-06T06:40:42.540+0000] {dag.py:2726} INFO - Sync 1 DAGs
[2023-06-06T06:40:42.570+0000] {logging_mixin.py:149} INFO - [2023-06-06T06:40:42.570+0000] {dag.py:3490} INFO - Setting next_dagrun for first_dag to 2022-01-01T02:53:00+00:00, run_after=2022-01-01T02:54:00+00:00
[2023-06-06T06:40:42.599+0000] {processor.py:178} INFO - Processing /opt/airflow/dags/dag1.py took 0.404 seconds
[2023-06-06T06:41:12.801+0000] {processor.py:156} INFO - Started process (PID=106) to work on /opt/airflow/dags/dag1.py
[2023-06-06T06:41:12.804+0000] {processor.py:799} INFO - Processing file /opt/airflow/dags/dag1.py for tasks to queue
[2023-06-06T06:41:12.806+0000] {logging_mixin.py:149} INFO - [2023-06-06T06:41:12.806+0000] {dagbag.py:541} INFO - Filling up the DagBag from /opt/airflow/dags/dag1.py
[2023-06-06T06:41:12.838+0000] {processor.py:809} INFO - DAG(s) dict_keys(['first_dag']) retrieved from /opt/airflow/dags/dag1.py
[2023-06-06T06:41:13.012+0000] {logging_mixin.py:149} INFO - [2023-06-06T06:41:13.012+0000] {dag.py:2726} INFO - Sync 1 DAGs
[2023-06-06T06:41:13.027+0000] {logging_mixin.py:149} INFO - [2023-06-06T06:41:13.027+0000] {dag.py:3490} INFO - Setting next_dagrun for first_dag to 2022-01-01T02:53:00+00:00, run_after=2022-01-01T02:54:00+00:00
[2023-06-06T06:41:13.041+0000] {processor.py:178} INFO - Processing /opt/airflow/dags/dag1.py took 0.245 seconds
[2023-06-06T06:41:43.292+0000] {processor.py:156} INFO - Started process (PID=118) to work on /opt/airflow/dags/dag1.py
[2023-06-06T06:41:43.294+0000] {processor.py:799} INFO - Processing file /opt/airflow/dags/dag1.py for tasks to queue
[2023-06-06T06:41:43.295+0000] {logging_mixin.py:149} INFO - [2023-06-06T06:41:43.295+0000] {dagbag.py:541} INFO - Filling up the DagBag from /opt/airflow/dags/dag1.py
[2023-06-06T06:41:43.320+0000] {processor.py:809} INFO - DAG(s) dict_keys(['first_dag']) retrieved from /opt/airflow/dags/dag1.py
[2023-06-06T06:41:44.376+0000] {logging_mixin.py:149} INFO - [2023-06-06T06:41:44.375+0000] {dag.py:2726} INFO - Sync 1 DAGs
[2023-06-06T06:41:44.427+0000] {logging_mixin.py:149} INFO - [2023-06-06T06:41:44.426+0000] {dag.py:3490} INFO - Setting next_dagrun for first_dag to 2022-01-01T02:53:00+00:00, run_after=2022-01-01T02:54:00+00:00
[2023-06-06T06:41:44.498+0000] {processor.py:178} INFO - Processing /opt/airflow/dags/dag1.py took 1.209 seconds
[2023-06-06T06:42:14.740+0000] {processor.py:156} INFO - Started process (PID=129) to work on /opt/airflow/dags/dag1.py
[2023-06-06T06:42:14.743+0000] {processor.py:799} INFO - Processing file /opt/airflow/dags/dag1.py for tasks to queue
[2023-06-06T06:42:14.744+0000] {logging_mixin.py:149} INFO - [2023-06-06T06:42:14.744+0000] {dagbag.py:541} INFO - Filling up the DagBag from /opt/airflow/dags/dag1.py
[2023-06-06T06:42:14.785+0000] {processor.py:809} INFO - DAG(s) dict_keys(['first_dag']) retrieved from /opt/airflow/dags/dag1.py
[2023-06-06T06:42:15.018+0000] {logging_mixin.py:149} INFO - [2023-06-06T06:42:15.018+0000] {dag.py:2726} INFO - Sync 1 DAGs
[2023-06-06T06:42:15.039+0000] {logging_mixin.py:149} INFO - [2023-06-06T06:42:15.039+0000] {dag.py:3490} INFO - Setting next_dagrun for first_dag to 2022-01-01T02:53:00+00:00, run_after=2022-01-01T02:54:00+00:00
[2023-06-06T06:42:15.071+0000] {processor.py:178} INFO - Processing /opt/airflow/dags/dag1.py took 0.335 seconds
[2023-06-06T06:42:45.625+0000] {processor.py:156} INFO - Started process (PID=140) to work on /opt/airflow/dags/dag1.py
[2023-06-06T06:42:45.627+0000] {processor.py:799} INFO - Processing file /opt/airflow/dags/dag1.py for tasks to queue
[2023-06-06T06:42:45.628+0000] {logging_mixin.py:149} INFO - [2023-06-06T06:42:45.627+0000] {dagbag.py:541} INFO - Filling up the DagBag from /opt/airflow/dags/dag1.py
[2023-06-06T06:42:45.758+0000] {processor.py:809} INFO - DAG(s) dict_keys(['first_dag']) retrieved from /opt/airflow/dags/dag1.py
[2023-06-06T06:42:45.796+0000] {logging_mixin.py:149} INFO - [2023-06-06T06:42:45.796+0000] {dag.py:2726} INFO - Sync 1 DAGs
[2023-06-06T06:42:45.811+0000] {logging_mixin.py:149} INFO - [2023-06-06T06:42:45.811+0000] {dag.py:3490} INFO - Setting next_dagrun for first_dag to 2022-01-01T02:53:00+00:00, run_after=2022-01-01T02:54:00+00:00
[2023-06-06T06:42:45.834+0000] {processor.py:178} INFO - Processing /opt/airflow/dags/dag1.py took 0.214 seconds
