[2023-06-06T06:02:18.978+0000] {processor.py:156} INFO - Started process (PID=33) to work on /opt/airflow/dags/dag2.py
[2023-06-06T06:02:18.982+0000] {processor.py:799} INFO - Processing file /opt/airflow/dags/dag2.py for tasks to queue
[2023-06-06T06:02:18.984+0000] {logging_mixin.py:149} INFO - [2023-06-06T06:02:18.984+0000] {dagbag.py:541} INFO - Filling up the DagBag from /opt/airflow/dags/dag2.py
[2023-06-06T06:02:19.101+0000] {processor.py:809} INFO - DAG(s) dict_keys(['second_dag']) retrieved from /opt/airflow/dags/dag2.py
[2023-06-06T06:02:19.271+0000] {logging_mixin.py:149} INFO - [2023-06-06T06:02:19.271+0000] {dag.py:2726} INFO - Sync 1 DAGs
[2023-06-06T06:02:19.412+0000] {logging_mixin.py:149} INFO - [2023-06-06T06:02:19.412+0000] {dag.py:3490} INFO - Setting next_dagrun for second_dag to 2023-06-05T00:00:00+00:00, run_after=2023-06-06T00:00:00+00:00
[2023-06-06T06:02:19.534+0000] {processor.py:178} INFO - Processing /opt/airflow/dags/dag2.py took 0.590 seconds
[2023-06-06T06:02:50.813+0000] {processor.py:156} INFO - Started process (PID=44) to work on /opt/airflow/dags/dag2.py
[2023-06-06T06:02:50.823+0000] {processor.py:799} INFO - Processing file /opt/airflow/dags/dag2.py for tasks to queue
[2023-06-06T06:02:50.837+0000] {logging_mixin.py:149} INFO - [2023-06-06T06:02:50.835+0000] {dagbag.py:541} INFO - Filling up the DagBag from /opt/airflow/dags/dag2.py
[2023-06-06T06:02:51.156+0000] {processor.py:809} INFO - DAG(s) dict_keys(['second_dag']) retrieved from /opt/airflow/dags/dag2.py
[2023-06-06T06:02:51.440+0000] {logging_mixin.py:149} INFO - [2023-06-06T06:02:51.440+0000] {dag.py:2726} INFO - Sync 1 DAGs
[2023-06-06T06:02:52.013+0000] {logging_mixin.py:149} INFO - [2023-06-06T06:02:52.013+0000] {dag.py:3490} INFO - Setting next_dagrun for second_dag to 2023-06-05T00:00:00+00:00, run_after=2023-06-06T00:00:00+00:00
[2023-06-06T06:02:52.691+0000] {processor.py:178} INFO - Processing /opt/airflow/dags/dag2.py took 1.903 seconds
[2023-06-06T06:04:21.218+0000] {processor.py:156} INFO - Started process (PID=61) to work on /opt/airflow/dags/dag2.py
[2023-06-06T06:04:21.320+0000] {processor.py:799} INFO - Processing file /opt/airflow/dags/dag2.py for tasks to queue
[2023-06-06T06:04:21.482+0000] {logging_mixin.py:149} INFO - [2023-06-06T06:04:21.446+0000] {dagbag.py:541} INFO - Filling up the DagBag from /opt/airflow/dags/dag2.py
[2023-06-06T06:06:18.231+0000] {processor.py:156} INFO - Started process (PID=77) to work on /opt/airflow/dags/dag2.py
[2023-06-06T06:06:18.237+0000] {processor.py:799} INFO - Processing file /opt/airflow/dags/dag2.py for tasks to queue
[2023-06-06T06:06:18.247+0000] {logging_mixin.py:149} INFO - [2023-06-06T06:06:18.247+0000] {dagbag.py:541} INFO - Filling up the DagBag from /opt/airflow/dags/dag2.py
[2023-06-06T06:06:19.479+0000] {processor.py:809} INFO - DAG(s) dict_keys(['second_dag']) retrieved from /opt/airflow/dags/dag2.py
[2023-06-06T06:06:22.529+0000] {logging_mixin.py:149} INFO - [2023-06-06T06:06:22.476+0000] {dag.py:2726} INFO - Sync 1 DAGs
[2023-06-06T06:06:23.800+0000] {logging_mixin.py:149} INFO - [2023-06-06T06:06:23.799+0000] {dag.py:3490} INFO - Setting next_dagrun for second_dag to 2023-06-05T00:00:00+00:00, run_after=2023-06-06T00:00:00+00:00
[2023-06-06T06:06:25.752+0000] {processor.py:178} INFO - Processing /opt/airflow/dags/dag2.py took 7.651 seconds
[2023-06-06T06:06:59.033+0000] {processor.py:156} INFO - Started process (PID=89) to work on /opt/airflow/dags/dag2.py
[2023-06-06T06:06:59.047+0000] {processor.py:799} INFO - Processing file /opt/airflow/dags/dag2.py for tasks to queue
[2023-06-06T06:06:59.057+0000] {logging_mixin.py:149} INFO - [2023-06-06T06:06:59.055+0000] {dagbag.py:541} INFO - Filling up the DagBag from /opt/airflow/dags/dag2.py
[2023-06-06T06:07:00.161+0000] {processor.py:809} INFO - DAG(s) dict_keys(['second_dag']) retrieved from /opt/airflow/dags/dag2.py
[2023-06-06T06:07:02.261+0000] {logging_mixin.py:149} INFO - [2023-06-06T06:07:02.078+0000] {dag.py:2726} INFO - Sync 1 DAGs
[2023-06-06T06:07:04.150+0000] {logging_mixin.py:149} INFO - [2023-06-06T06:07:04.144+0000] {dag.py:3490} INFO - Setting next_dagrun for second_dag to 2023-06-05T00:00:00+00:00, run_after=2023-06-06T00:00:00+00:00
[2023-06-06T06:07:04.453+0000] {processor.py:178} INFO - Processing /opt/airflow/dags/dag2.py took 5.525 seconds
[2023-06-06T06:07:47.485+0000] {processor.py:156} INFO - Started process (PID=100) to work on /opt/airflow/dags/dag2.py
[2023-06-06T06:07:47.711+0000] {processor.py:799} INFO - Processing file /opt/airflow/dags/dag2.py for tasks to queue
[2023-06-06T06:07:47.817+0000] {logging_mixin.py:149} INFO - [2023-06-06T06:07:47.816+0000] {dagbag.py:541} INFO - Filling up the DagBag from /opt/airflow/dags/dag2.py
[2023-06-06T06:07:49.587+0000] {processor.py:809} INFO - DAG(s) dict_keys(['second_dag']) retrieved from /opt/airflow/dags/dag2.py
[2023-06-06T06:07:53.480+0000] {logging_mixin.py:149} INFO - [2023-06-06T06:07:53.479+0000] {dag.py:2726} INFO - Sync 1 DAGs
[2023-06-06T06:07:56.294+0000] {logging_mixin.py:149} INFO - [2023-06-06T06:07:56.283+0000] {dag.py:3490} INFO - Setting next_dagrun for second_dag to 2023-06-05T00:00:00+00:00, run_after=2023-06-06T00:00:00+00:00
[2023-06-06T06:08:15.129+0000] {processor.py:178} INFO - Processing /opt/airflow/dags/dag2.py took 28.264 seconds
[2023-06-06T06:09:09.918+0000] {processor.py:156} INFO - Started process (PID=110) to work on /opt/airflow/dags/dag2.py
[2023-06-06T06:09:09.938+0000] {processor.py:799} INFO - Processing file /opt/airflow/dags/dag2.py for tasks to queue
[2023-06-06T06:09:09.963+0000] {logging_mixin.py:149} INFO - [2023-06-06T06:09:09.963+0000] {dagbag.py:541} INFO - Filling up the DagBag from /opt/airflow/dags/dag2.py
[2023-06-06T06:09:12.466+0000] {processor.py:809} INFO - DAG(s) dict_keys(['second_dag']) retrieved from /opt/airflow/dags/dag2.py
[2023-06-06T06:09:19.573+0000] {logging_mixin.py:149} INFO - [2023-06-06T06:09:19.384+0000] {dag.py:2726} INFO - Sync 1 DAGs
[2023-06-06T06:09:44.557+0000] {logging_mixin.py:149} INFO - [2023-06-06T06:09:44.528+0000] {dag.py:3490} INFO - Setting next_dagrun for second_dag to 2023-06-05T00:00:00+00:00, run_after=2023-06-06T00:00:00+00:00
[2023-06-06T06:09:46.002+0000] {processor.py:178} INFO - Processing /opt/airflow/dags/dag2.py took 36.352 seconds
[2023-06-06T06:10:55.932+0000] {processor.py:156} INFO - Started process (PID=128) to work on /opt/airflow/dags/dag2.py
[2023-06-06T06:10:55.988+0000] {processor.py:799} INFO - Processing file /opt/airflow/dags/dag2.py for tasks to queue
[2023-06-06T06:10:55.997+0000] {logging_mixin.py:149} INFO - [2023-06-06T06:10:55.994+0000] {dagbag.py:541} INFO - Filling up the DagBag from /opt/airflow/dags/dag2.py
[2023-06-06T06:11:03.168+0000] {processor.py:809} INFO - DAG(s) dict_keys(['second_dag']) retrieved from /opt/airflow/dags/dag2.py
[2023-06-06T06:11:15.595+0000] {logging_mixin.py:149} INFO - [2023-06-06T06:11:15.593+0000] {dag.py:2726} INFO - Sync 1 DAGs
[2023-06-06T06:11:38.512+0000] {logging_mixin.py:149} INFO - [2023-06-06T06:11:38.479+0000] {dag.py:3490} INFO - Setting next_dagrun for second_dag to 2023-06-05T00:00:00+00:00, run_after=2023-06-06T00:00:00+00:00
[2023-06-06T06:11:39.316+0000] {processor.py:178} INFO - Processing /opt/airflow/dags/dag2.py took 44.899 seconds
[2023-06-06T06:12:47.533+0000] {processor.py:156} INFO - Started process (PID=138) to work on /opt/airflow/dags/dag2.py
[2023-06-06T06:12:47.546+0000] {processor.py:799} INFO - Processing file /opt/airflow/dags/dag2.py for tasks to queue
[2023-06-06T06:12:47.814+0000] {logging_mixin.py:149} INFO - [2023-06-06T06:12:47.814+0000] {dagbag.py:541} INFO - Filling up the DagBag from /opt/airflow/dags/dag2.py
[2023-06-06T06:12:53.765+0000] {processor.py:809} INFO - DAG(s) dict_keys(['second_dag']) retrieved from /opt/airflow/dags/dag2.py
[2023-06-06T06:18:15.483+0000] {processor.py:156} INFO - Started process (PID=150) to work on /opt/airflow/dags/dag2.py
[2023-06-06T06:18:15.901+0000] {processor.py:799} INFO - Processing file /opt/airflow/dags/dag2.py for tasks to queue
[2023-06-06T06:18:22.615+0000] {logging_mixin.py:149} INFO - [2023-06-06T06:18:17.891+0000] {dagbag.py:541} INFO - Filling up the DagBag from /opt/airflow/dags/dag2.py
[2023-06-06T06:38:06.661+0000] {processor.py:156} INFO - Started process (PID=33) to work on /opt/airflow/dags/dag2.py
[2023-06-06T06:38:06.664+0000] {processor.py:799} INFO - Processing file /opt/airflow/dags/dag2.py for tasks to queue
[2023-06-06T06:38:06.668+0000] {logging_mixin.py:149} INFO - [2023-06-06T06:38:06.666+0000] {dagbag.py:541} INFO - Filling up the DagBag from /opt/airflow/dags/dag2.py
[2023-06-06T06:38:06.771+0000] {processor.py:809} INFO - DAG(s) dict_keys(['second_dag']) retrieved from /opt/airflow/dags/dag2.py
[2023-06-06T06:38:07.168+0000] {logging_mixin.py:149} INFO - [2023-06-06T06:38:07.167+0000] {dag.py:2726} INFO - Sync 1 DAGs
[2023-06-06T06:38:07.261+0000] {logging_mixin.py:149} INFO - [2023-06-06T06:38:07.261+0000] {dag.py:3490} INFO - Setting next_dagrun for second_dag to 2023-06-05T00:00:00+00:00, run_after=2023-06-06T00:00:00+00:00
[2023-06-06T06:38:07.356+0000] {processor.py:178} INFO - Processing /opt/airflow/dags/dag2.py took 0.715 seconds
[2023-06-06T06:38:37.776+0000] {processor.py:156} INFO - Started process (PID=44) to work on /opt/airflow/dags/dag2.py
[2023-06-06T06:38:37.778+0000] {processor.py:799} INFO - Processing file /opt/airflow/dags/dag2.py for tasks to queue
[2023-06-06T06:38:37.780+0000] {logging_mixin.py:149} INFO - [2023-06-06T06:38:37.780+0000] {dagbag.py:541} INFO - Filling up the DagBag from /opt/airflow/dags/dag2.py
[2023-06-06T06:38:37.801+0000] {processor.py:809} INFO - DAG(s) dict_keys(['second_dag']) retrieved from /opt/airflow/dags/dag2.py
[2023-06-06T06:38:37.833+0000] {logging_mixin.py:149} INFO - [2023-06-06T06:38:37.833+0000] {dag.py:2726} INFO - Sync 1 DAGs
[2023-06-06T06:38:37.852+0000] {logging_mixin.py:149} INFO - [2023-06-06T06:38:37.852+0000] {dag.py:3490} INFO - Setting next_dagrun for second_dag to 2023-06-05T00:00:00+00:00, run_after=2023-06-06T00:00:00+00:00
[2023-06-06T06:38:37.865+0000] {processor.py:178} INFO - Processing /opt/airflow/dags/dag2.py took 0.093 seconds
[2023-06-06T06:39:08.185+0000] {processor.py:156} INFO - Started process (PID=55) to work on /opt/airflow/dags/dag2.py
[2023-06-06T06:39:08.208+0000] {processor.py:799} INFO - Processing file /opt/airflow/dags/dag2.py for tasks to queue
[2023-06-06T06:39:08.214+0000] {logging_mixin.py:149} INFO - [2023-06-06T06:39:08.213+0000] {dagbag.py:541} INFO - Filling up the DagBag from /opt/airflow/dags/dag2.py
[2023-06-06T06:39:08.253+0000] {processor.py:809} INFO - DAG(s) dict_keys(['second_dag']) retrieved from /opt/airflow/dags/dag2.py
[2023-06-06T06:39:08.304+0000] {logging_mixin.py:149} INFO - [2023-06-06T06:39:08.304+0000] {dag.py:2726} INFO - Sync 1 DAGs
[2023-06-06T06:39:08.323+0000] {logging_mixin.py:149} INFO - [2023-06-06T06:39:08.323+0000] {dag.py:3490} INFO - Setting next_dagrun for second_dag to 2023-06-05T00:00:00+00:00, run_after=2023-06-06T00:00:00+00:00
[2023-06-06T06:39:08.341+0000] {processor.py:178} INFO - Processing /opt/airflow/dags/dag2.py took 0.159 seconds
[2023-06-06T06:39:38.579+0000] {processor.py:156} INFO - Started process (PID=65) to work on /opt/airflow/dags/dag2.py
[2023-06-06T06:39:38.581+0000] {processor.py:799} INFO - Processing file /opt/airflow/dags/dag2.py for tasks to queue
[2023-06-06T06:39:38.582+0000] {logging_mixin.py:149} INFO - [2023-06-06T06:39:38.582+0000] {dagbag.py:541} INFO - Filling up the DagBag from /opt/airflow/dags/dag2.py
[2023-06-06T06:39:38.597+0000] {processor.py:809} INFO - DAG(s) dict_keys(['second_dag']) retrieved from /opt/airflow/dags/dag2.py
[2023-06-06T06:39:38.620+0000] {logging_mixin.py:149} INFO - [2023-06-06T06:39:38.620+0000] {dag.py:2726} INFO - Sync 1 DAGs
[2023-06-06T06:39:38.636+0000] {logging_mixin.py:149} INFO - [2023-06-06T06:39:38.636+0000] {dag.py:3490} INFO - Setting next_dagrun for second_dag to 2023-06-05T00:00:00+00:00, run_after=2023-06-06T00:00:00+00:00
[2023-06-06T06:39:38.648+0000] {processor.py:178} INFO - Processing /opt/airflow/dags/dag2.py took 0.072 seconds
[2023-06-06T06:40:09.147+0000] {processor.py:156} INFO - Started process (PID=76) to work on /opt/airflow/dags/dag2.py
[2023-06-06T06:40:09.155+0000] {processor.py:799} INFO - Processing file /opt/airflow/dags/dag2.py for tasks to queue
[2023-06-06T06:40:09.159+0000] {logging_mixin.py:149} INFO - [2023-06-06T06:40:09.159+0000] {dagbag.py:541} INFO - Filling up the DagBag from /opt/airflow/dags/dag2.py
[2023-06-06T06:40:09.210+0000] {processor.py:809} INFO - DAG(s) dict_keys(['second_dag']) retrieved from /opt/airflow/dags/dag2.py
[2023-06-06T06:40:09.299+0000] {logging_mixin.py:149} INFO - [2023-06-06T06:40:09.299+0000] {dag.py:2726} INFO - Sync 1 DAGs
[2023-06-06T06:40:09.404+0000] {logging_mixin.py:149} INFO - [2023-06-06T06:40:09.404+0000] {dag.py:3490} INFO - Setting next_dagrun for second_dag to 2023-06-05T00:00:00+00:00, run_after=2023-06-06T00:00:00+00:00
[2023-06-06T06:40:09.447+0000] {processor.py:178} INFO - Processing /opt/airflow/dags/dag2.py took 0.318 seconds
[2023-06-06T06:40:40.178+0000] {processor.py:156} INFO - Started process (PID=87) to work on /opt/airflow/dags/dag2.py
[2023-06-06T06:40:40.180+0000] {processor.py:799} INFO - Processing file /opt/airflow/dags/dag2.py for tasks to queue
[2023-06-06T06:40:40.181+0000] {logging_mixin.py:149} INFO - [2023-06-06T06:40:40.181+0000] {dagbag.py:541} INFO - Filling up the DagBag from /opt/airflow/dags/dag2.py
[2023-06-06T06:40:40.243+0000] {processor.py:809} INFO - DAG(s) dict_keys(['second_dag']) retrieved from /opt/airflow/dags/dag2.py
[2023-06-06T06:40:40.286+0000] {logging_mixin.py:149} INFO - [2023-06-06T06:40:40.286+0000] {dag.py:2726} INFO - Sync 1 DAGs
[2023-06-06T06:40:40.308+0000] {logging_mixin.py:149} INFO - [2023-06-06T06:40:40.308+0000] {dag.py:3490} INFO - Setting next_dagrun for second_dag to 2023-06-05T00:00:00+00:00, run_after=2023-06-06T00:00:00+00:00
[2023-06-06T06:40:40.513+0000] {processor.py:178} INFO - Processing /opt/airflow/dags/dag2.py took 0.337 seconds
[2023-06-06T06:41:11.467+0000] {processor.py:156} INFO - Started process (PID=98) to work on /opt/airflow/dags/dag2.py
[2023-06-06T06:41:11.469+0000] {processor.py:799} INFO - Processing file /opt/airflow/dags/dag2.py for tasks to queue
[2023-06-06T06:41:11.470+0000] {logging_mixin.py:149} INFO - [2023-06-06T06:41:11.470+0000] {dagbag.py:541} INFO - Filling up the DagBag from /opt/airflow/dags/dag2.py
[2023-06-06T06:41:11.488+0000] {processor.py:809} INFO - DAG(s) dict_keys(['second_dag']) retrieved from /opt/airflow/dags/dag2.py
[2023-06-06T06:41:11.526+0000] {logging_mixin.py:149} INFO - [2023-06-06T06:41:11.525+0000] {dag.py:2726} INFO - Sync 1 DAGs
[2023-06-06T06:41:11.710+0000] {logging_mixin.py:149} INFO - [2023-06-06T06:41:11.710+0000] {dag.py:3490} INFO - Setting next_dagrun for second_dag to 2023-06-05T00:00:00+00:00, run_after=2023-06-06T00:00:00+00:00
[2023-06-06T06:41:11.725+0000] {processor.py:178} INFO - Processing /opt/airflow/dags/dag2.py took 0.262 seconds
[2023-06-06T06:41:42.596+0000] {processor.py:156} INFO - Started process (PID=117) to work on /opt/airflow/dags/dag2.py
[2023-06-06T06:41:42.598+0000] {processor.py:799} INFO - Processing file /opt/airflow/dags/dag2.py for tasks to queue
[2023-06-06T06:41:42.600+0000] {logging_mixin.py:149} INFO - [2023-06-06T06:41:42.600+0000] {dagbag.py:541} INFO - Filling up the DagBag from /opt/airflow/dags/dag2.py
[2023-06-06T06:41:42.662+0000] {processor.py:809} INFO - DAG(s) dict_keys(['second_dag']) retrieved from /opt/airflow/dags/dag2.py
[2023-06-06T06:41:42.695+0000] {logging_mixin.py:149} INFO - [2023-06-06T06:41:42.694+0000] {dag.py:2726} INFO - Sync 1 DAGs
[2023-06-06T06:41:42.995+0000] {logging_mixin.py:149} INFO - [2023-06-06T06:41:42.995+0000] {dag.py:3490} INFO - Setting next_dagrun for second_dag to 2023-06-05T00:00:00+00:00, run_after=2023-06-06T00:00:00+00:00
[2023-06-06T06:41:43.231+0000] {processor.py:178} INFO - Processing /opt/airflow/dags/dag2.py took 0.640 seconds
[2023-06-06T06:42:13.727+0000] {processor.py:156} INFO - Started process (PID=128) to work on /opt/airflow/dags/dag2.py
[2023-06-06T06:42:13.729+0000] {processor.py:799} INFO - Processing file /opt/airflow/dags/dag2.py for tasks to queue
[2023-06-06T06:42:13.731+0000] {logging_mixin.py:149} INFO - [2023-06-06T06:42:13.731+0000] {dagbag.py:541} INFO - Filling up the DagBag from /opt/airflow/dags/dag2.py
[2023-06-06T06:42:13.749+0000] {processor.py:809} INFO - DAG(s) dict_keys(['second_dag']) retrieved from /opt/airflow/dags/dag2.py
[2023-06-06T06:42:13.879+0000] {logging_mixin.py:149} INFO - [2023-06-06T06:42:13.879+0000] {dag.py:2726} INFO - Sync 1 DAGs
[2023-06-06T06:42:13.896+0000] {logging_mixin.py:149} INFO - [2023-06-06T06:42:13.896+0000] {dag.py:3490} INFO - Setting next_dagrun for second_dag to 2023-06-05T00:00:00+00:00, run_after=2023-06-06T00:00:00+00:00
[2023-06-06T06:42:13.910+0000] {processor.py:178} INFO - Processing /opt/airflow/dags/dag2.py took 0.186 seconds
[2023-06-06T06:42:44.608+0000] {processor.py:156} INFO - Started process (PID=139) to work on /opt/airflow/dags/dag2.py
[2023-06-06T06:42:44.609+0000] {processor.py:799} INFO - Processing file /opt/airflow/dags/dag2.py for tasks to queue
[2023-06-06T06:42:44.610+0000] {logging_mixin.py:149} INFO - [2023-06-06T06:42:44.610+0000] {dagbag.py:541} INFO - Filling up the DagBag from /opt/airflow/dags/dag2.py
[2023-06-06T06:42:44.624+0000] {processor.py:809} INFO - DAG(s) dict_keys(['second_dag']) retrieved from /opt/airflow/dags/dag2.py
[2023-06-06T06:42:44.737+0000] {logging_mixin.py:149} INFO - [2023-06-06T06:42:44.737+0000] {dag.py:2726} INFO - Sync 1 DAGs
[2023-06-06T06:42:44.752+0000] {logging_mixin.py:149} INFO - [2023-06-06T06:42:44.752+0000] {dag.py:3490} INFO - Setting next_dagrun for second_dag to 2023-06-05T00:00:00+00:00, run_after=2023-06-06T00:00:00+00:00
[2023-06-06T06:42:44.763+0000] {processor.py:178} INFO - Processing /opt/airflow/dags/dag2.py took 0.157 seconds
