[2023-06-06T06:02:17.861+0000] {processor.py:156} INFO - Started process (PID=32) to work on /opt/airflow/dags/dag3.py
[2023-06-06T06:02:17.893+0000] {processor.py:799} INFO - Processing file /opt/airflow/dags/dag3.py for tasks to queue
[2023-06-06T06:02:17.899+0000] {logging_mixin.py:149} INFO - [2023-06-06T06:02:17.898+0000] {dagbag.py:541} INFO - Filling up the DagBag from /opt/airflow/dags/dag3.py
[2023-06-06T06:02:18.195+0000] {processor.py:809} INFO - DAG(s) dict_keys(['third_dag']) retrieved from /opt/airflow/dags/dag3.py
[2023-06-06T06:02:18.605+0000] {logging_mixin.py:149} INFO - [2023-06-06T06:02:18.605+0000] {dag.py:2726} INFO - Sync 1 DAGs
[2023-06-06T06:02:18.841+0000] {logging_mixin.py:149} INFO - [2023-06-06T06:02:18.841+0000] {dag.py:3490} INFO - Setting next_dagrun for third_dag to 2023-06-05T00:00:00+00:00, run_after=2023-06-06T00:00:00+00:00
[2023-06-06T06:02:18.991+0000] {processor.py:178} INFO - Processing /opt/airflow/dags/dag3.py took 1.213 seconds
[2023-06-06T06:02:50.095+0000] {processor.py:156} INFO - Started process (PID=43) to work on /opt/airflow/dags/dag3.py
[2023-06-06T06:02:50.102+0000] {processor.py:799} INFO - Processing file /opt/airflow/dags/dag3.py for tasks to queue
[2023-06-06T06:02:50.111+0000] {logging_mixin.py:149} INFO - [2023-06-06T06:02:50.111+0000] {dagbag.py:541} INFO - Filling up the DagBag from /opt/airflow/dags/dag3.py
[2023-06-06T06:02:50.319+0000] {processor.py:809} INFO - DAG(s) dict_keys(['third_dag']) retrieved from /opt/airflow/dags/dag3.py
[2023-06-06T06:02:50.600+0000] {logging_mixin.py:149} INFO - [2023-06-06T06:02:50.600+0000] {dag.py:2726} INFO - Sync 1 DAGs
[2023-06-06T06:02:50.972+0000] {logging_mixin.py:149} INFO - [2023-06-06T06:02:50.971+0000] {dag.py:3490} INFO - Setting next_dagrun for third_dag to 2023-06-05T00:00:00+00:00, run_after=2023-06-06T00:00:00+00:00
[2023-06-06T06:02:51.337+0000] {processor.py:178} INFO - Processing /opt/airflow/dags/dag3.py took 1.267 seconds
[2023-06-06T06:03:24.659+0000] {processor.py:156} INFO - Started process (PID=54) to work on /opt/airflow/dags/dag3.py
[2023-06-06T06:03:25.826+0000] {processor.py:799} INFO - Processing file /opt/airflow/dags/dag3.py for tasks to queue
[2023-06-06T06:03:26.583+0000] {logging_mixin.py:149} INFO - [2023-06-06T06:03:26.212+0000] {dagbag.py:541} INFO - Filling up the DagBag from /opt/airflow/dags/dag3.py
[2023-06-06T06:03:35.346+0000] {processor.py:809} INFO - DAG(s) dict_keys(['third_dag']) retrieved from /opt/airflow/dags/dag3.py
[2023-06-06T06:05:49.495+0000] {processor.py:156} INFO - Started process (PID=71) to work on /opt/airflow/dags/dag3.py
[2023-06-06T06:05:49.547+0000] {processor.py:799} INFO - Processing file /opt/airflow/dags/dag3.py for tasks to queue
[2023-06-06T06:05:49.568+0000] {logging_mixin.py:149} INFO - [2023-06-06T06:05:49.567+0000] {dagbag.py:541} INFO - Filling up the DagBag from /opt/airflow/dags/dag3.py
[2023-06-06T06:05:50.468+0000] {processor.py:809} INFO - DAG(s) dict_keys(['third_dag']) retrieved from /opt/airflow/dags/dag3.py
[2023-06-06T06:05:52.445+0000] {logging_mixin.py:149} INFO - [2023-06-06T06:05:52.393+0000] {dag.py:2726} INFO - Sync 1 DAGs
[2023-06-06T06:05:53.235+0000] {logging_mixin.py:149} INFO - [2023-06-06T06:05:53.234+0000] {dag.py:3490} INFO - Setting next_dagrun for third_dag to 2023-06-05T00:00:00+00:00, run_after=2023-06-06T00:00:00+00:00
[2023-06-06T06:05:53.845+0000] {processor.py:178} INFO - Processing /opt/airflow/dags/dag3.py took 4.671 seconds
[2023-06-06T06:06:29.707+0000] {processor.py:156} INFO - Started process (PID=80) to work on /opt/airflow/dags/dag3.py
[2023-06-06T06:06:29.957+0000] {processor.py:799} INFO - Processing file /opt/airflow/dags/dag3.py for tasks to queue
[2023-06-06T06:06:29.983+0000] {logging_mixin.py:149} INFO - [2023-06-06T06:06:29.983+0000] {dagbag.py:541} INFO - Filling up the DagBag from /opt/airflow/dags/dag3.py
[2023-06-06T06:06:34.133+0000] {processor.py:809} INFO - DAG(s) dict_keys(['third_dag']) retrieved from /opt/airflow/dags/dag3.py
[2023-06-06T06:06:37.703+0000] {logging_mixin.py:149} INFO - [2023-06-06T06:06:37.693+0000] {dag.py:2726} INFO - Sync 1 DAGs
[2023-06-06T06:06:40.441+0000] {logging_mixin.py:149} INFO - [2023-06-06T06:06:40.142+0000] {dag.py:3490} INFO - Setting next_dagrun for third_dag to 2023-06-05T00:00:00+00:00, run_after=2023-06-06T00:00:00+00:00
[2023-06-06T06:06:42.718+0000] {processor.py:178} INFO - Processing /opt/airflow/dags/dag3.py took 13.494 seconds
[2023-06-06T06:07:14.911+0000] {processor.py:156} INFO - Started process (PID=90) to work on /opt/airflow/dags/dag3.py
[2023-06-06T06:07:15.304+0000] {processor.py:799} INFO - Processing file /opt/airflow/dags/dag3.py for tasks to queue
[2023-06-06T06:07:15.517+0000] {logging_mixin.py:149} INFO - [2023-06-06T06:07:15.516+0000] {dagbag.py:541} INFO - Filling up the DagBag from /opt/airflow/dags/dag3.py
[2023-06-06T06:07:16.350+0000] {processor.py:809} INFO - DAG(s) dict_keys(['third_dag']) retrieved from /opt/airflow/dags/dag3.py
[2023-06-06T06:07:30.307+0000] {logging_mixin.py:149} INFO - [2023-06-06T06:07:30.281+0000] {dag.py:2726} INFO - Sync 1 DAGs
[2023-06-06T06:07:36.835+0000] {logging_mixin.py:149} INFO - [2023-06-06T06:07:36.828+0000] {dag.py:3490} INFO - Setting next_dagrun for third_dag to 2023-06-05T00:00:00+00:00, run_after=2023-06-06T00:00:00+00:00
[2023-06-06T06:07:39.367+0000] {processor.py:178} INFO - Processing /opt/airflow/dags/dag3.py took 24.479 seconds
[2023-06-06T06:08:16.073+0000] {processor.py:156} INFO - Started process (PID=108) to work on /opt/airflow/dags/dag3.py
[2023-06-06T06:08:16.095+0000] {processor.py:799} INFO - Processing file /opt/airflow/dags/dag3.py for tasks to queue
[2023-06-06T06:08:16.105+0000] {logging_mixin.py:149} INFO - [2023-06-06T06:08:16.105+0000] {dagbag.py:541} INFO - Filling up the DagBag from /opt/airflow/dags/dag3.py
[2023-06-06T06:08:18.924+0000] {processor.py:809} INFO - DAG(s) dict_keys(['third_dag']) retrieved from /opt/airflow/dags/dag3.py
[2023-06-06T06:08:26.288+0000] {logging_mixin.py:149} INFO - [2023-06-06T06:08:26.287+0000] {dag.py:2726} INFO - Sync 1 DAGs
[2023-06-06T06:09:53.002+0000] {processor.py:156} INFO - Started process (PID=119) to work on /opt/airflow/dags/dag3.py
[2023-06-06T06:09:53.169+0000] {processor.py:799} INFO - Processing file /opt/airflow/dags/dag3.py for tasks to queue
[2023-06-06T06:09:53.288+0000] {logging_mixin.py:149} INFO - [2023-06-06T06:09:53.287+0000] {dagbag.py:541} INFO - Filling up the DagBag from /opt/airflow/dags/dag3.py
[2023-06-06T06:09:55.880+0000] {processor.py:809} INFO - DAG(s) dict_keys(['third_dag']) retrieved from /opt/airflow/dags/dag3.py
[2023-06-06T06:10:15.677+0000] {logging_mixin.py:149} INFO - [2023-06-06T06:10:15.458+0000] {dag.py:2726} INFO - Sync 1 DAGs
[2023-06-06T06:11:49.230+0000] {processor.py:156} INFO - Started process (PID=131) to work on /opt/airflow/dags/dag3.py
[2023-06-06T06:11:49.236+0000] {processor.py:799} INFO - Processing file /opt/airflow/dags/dag3.py for tasks to queue
[2023-06-06T06:11:49.367+0000] {logging_mixin.py:149} INFO - [2023-06-06T06:11:49.367+0000] {dagbag.py:541} INFO - Filling up the DagBag from /opt/airflow/dags/dag3.py
[2023-06-06T06:11:53.351+0000] {processor.py:809} INFO - DAG(s) dict_keys(['third_dag']) retrieved from /opt/airflow/dags/dag3.py
[2023-06-06T06:16:17.567+0000] {processor.py:156} INFO - Started process (PID=148) to work on /opt/airflow/dags/dag3.py
[2023-06-06T06:16:18.067+0000] {processor.py:799} INFO - Processing file /opt/airflow/dags/dag3.py for tasks to queue
[2023-06-06T06:16:19.645+0000] {logging_mixin.py:149} INFO - [2023-06-06T06:16:19.096+0000] {dagbag.py:541} INFO - Filling up the DagBag from /opt/airflow/dags/dag3.py
[2023-06-06T06:18:05.000+0000] {logging_mixin.py:149} INFO - [2023-06-06T06:18:04.546+0000] {timeout.py:68} ERROR - Process timed out, PID: 148
[2023-06-06T06:18:05.013+0000] {logging_mixin.py:149} WARNING - Exception ignored in: <function _collection_gced at 0xffffb92b35f0>
[2023-06-06T06:18:05.183+0000] {logging_mixin.py:149} WARNING - Traceback (most recent call last):
[2023-06-06T06:18:05.192+0000] {logging_mixin.py:149} WARNING -   File "/home/airflow/.local/lib/python3.7/site-packages/sqlalchemy/event/registry.py", line 53, in _collection_gced
[2023-06-06T06:18:05.225+0000] {logging_mixin.py:149} WARNING -     def _collection_gced(ref):
[2023-06-06T06:18:05.238+0000] {logging_mixin.py:149} WARNING -   File "/home/airflow/.local/lib/python3.7/site-packages/airflow/utils/timeout.py", line 69, in handle_timeout
[2023-06-06T06:18:05.242+0000] {logging_mixin.py:149} WARNING -     raise AirflowTaskTimeout(self.error_message)
[2023-06-06T06:18:05.243+0000] {logging_mixin.py:149} WARNING - airflow.exceptions.AirflowTaskTimeout: DagBag import timeout for /opt/airflow/dags/dag3.py after 30.0s.
Please take a look at these docs to improve your DAG import time:
* https://airflow.apache.org/docs/apache-airflow/2.6.0/best-practices.html#top-level-python-code
* https://airflow.apache.org/docs/apache-airflow/2.6.0/best-practices.html#reducing-dag-complexity, PID: 148
[2023-06-06T06:18:07.945+0000] {processor.py:809} INFO - DAG(s) dict_keys(['third_dag']) retrieved from /opt/airflow/dags/dag3.py
[2023-06-06T06:19:16.335+0000] {processor.py:156} INFO - Started process (PID=153) to work on /opt/airflow/dags/dag3.py
[2023-06-06T06:19:16.749+0000] {processor.py:799} INFO - Processing file /opt/airflow/dags/dag3.py for tasks to queue
[2023-06-06T06:19:17.629+0000] {logging_mixin.py:149} INFO - [2023-06-06T06:19:17.628+0000] {dagbag.py:541} INFO - Filling up the DagBag from /opt/airflow/dags/dag3.py
[2023-06-06T06:20:17.678+0000] {logging_mixin.py:149} INFO - [2023-06-06T06:20:14.164+0000] {timeout.py:68} ERROR - Process timed out, PID: 153
[2023-06-06T06:20:24.563+0000] {logging_mixin.py:149} WARNING - Exception ignored in: <function _collection_gced at 0xffffb92b35f0>
[2023-06-06T06:20:31.340+0000] {logging_mixin.py:149} WARNING - Traceback (most recent call last):
[2023-06-06T06:20:31.906+0000] {logging_mixin.py:149} WARNING -   File "/home/airflow/.local/lib/python3.7/site-packages/sqlalchemy/event/registry.py", line 53, in _collection_gced
[2023-06-06T06:20:32.782+0000] {logging_mixin.py:149} WARNING -     def _collection_gced(ref):
[2023-06-06T06:20:32.985+0000] {logging_mixin.py:149} WARNING -   File "/home/airflow/.local/lib/python3.7/site-packages/airflow/utils/timeout.py", line 69, in handle_timeout
[2023-06-06T06:20:33.028+0000] {logging_mixin.py:149} WARNING -     raise AirflowTaskTimeout(self.error_message)
[2023-06-06T06:20:33.039+0000] {logging_mixin.py:149} WARNING - airflow.exceptions.AirflowTaskTimeout: DagBag import timeout for /opt/airflow/dags/dag3.py after 30.0s.
Please take a look at these docs to improve your DAG import time:
* https://airflow.apache.org/docs/apache-airflow/2.6.0/best-practices.html#top-level-python-code
* https://airflow.apache.org/docs/apache-airflow/2.6.0/best-practices.html#reducing-dag-complexity, PID: 153
[2023-06-06T06:38:05.524+0000] {processor.py:156} INFO - Started process (PID=32) to work on /opt/airflow/dags/dag3.py
[2023-06-06T06:38:05.532+0000] {processor.py:799} INFO - Processing file /opt/airflow/dags/dag3.py for tasks to queue
[2023-06-06T06:38:05.535+0000] {logging_mixin.py:149} INFO - [2023-06-06T06:38:05.535+0000] {dagbag.py:541} INFO - Filling up the DagBag from /opt/airflow/dags/dag3.py
[2023-06-06T06:38:05.755+0000] {processor.py:809} INFO - DAG(s) dict_keys(['third_dag']) retrieved from /opt/airflow/dags/dag3.py
[2023-06-06T06:38:06.227+0000] {logging_mixin.py:149} INFO - [2023-06-06T06:38:06.227+0000] {dag.py:2726} INFO - Sync 1 DAGs
[2023-06-06T06:38:06.362+0000] {logging_mixin.py:149} INFO - [2023-06-06T06:38:06.361+0000] {dag.py:3490} INFO - Setting next_dagrun for third_dag to 2023-06-05T00:00:00+00:00, run_after=2023-06-06T00:00:00+00:00
[2023-06-06T06:38:06.586+0000] {processor.py:178} INFO - Processing /opt/airflow/dags/dag3.py took 1.136 seconds
[2023-06-06T06:38:36.757+0000] {processor.py:156} INFO - Started process (PID=43) to work on /opt/airflow/dags/dag3.py
[2023-06-06T06:38:36.758+0000] {processor.py:799} INFO - Processing file /opt/airflow/dags/dag3.py for tasks to queue
[2023-06-06T06:38:36.759+0000] {logging_mixin.py:149} INFO - [2023-06-06T06:38:36.759+0000] {dagbag.py:541} INFO - Filling up the DagBag from /opt/airflow/dags/dag3.py
[2023-06-06T06:38:36.773+0000] {processor.py:809} INFO - DAG(s) dict_keys(['third_dag']) retrieved from /opt/airflow/dags/dag3.py
[2023-06-06T06:38:36.797+0000] {logging_mixin.py:149} INFO - [2023-06-06T06:38:36.797+0000] {dag.py:2726} INFO - Sync 1 DAGs
[2023-06-06T06:38:36.817+0000] {logging_mixin.py:149} INFO - [2023-06-06T06:38:36.817+0000] {dag.py:3490} INFO - Setting next_dagrun for third_dag to 2023-06-05T00:00:00+00:00, run_after=2023-06-06T00:00:00+00:00
[2023-06-06T06:38:36.828+0000] {processor.py:178} INFO - Processing /opt/airflow/dags/dag3.py took 0.074 seconds
[2023-06-06T06:39:07.110+0000] {processor.py:156} INFO - Started process (PID=54) to work on /opt/airflow/dags/dag3.py
[2023-06-06T06:39:07.112+0000] {processor.py:799} INFO - Processing file /opt/airflow/dags/dag3.py for tasks to queue
[2023-06-06T06:39:07.113+0000] {logging_mixin.py:149} INFO - [2023-06-06T06:39:07.113+0000] {dagbag.py:541} INFO - Filling up the DagBag from /opt/airflow/dags/dag3.py
[2023-06-06T06:39:07.130+0000] {processor.py:809} INFO - DAG(s) dict_keys(['third_dag']) retrieved from /opt/airflow/dags/dag3.py
[2023-06-06T06:39:07.155+0000] {logging_mixin.py:149} INFO - [2023-06-06T06:39:07.155+0000] {dag.py:2726} INFO - Sync 1 DAGs
[2023-06-06T06:39:07.175+0000] {logging_mixin.py:149} INFO - [2023-06-06T06:39:07.175+0000] {dag.py:3490} INFO - Setting next_dagrun for third_dag to 2023-06-05T00:00:00+00:00, run_after=2023-06-06T00:00:00+00:00
[2023-06-06T06:39:07.187+0000] {processor.py:178} INFO - Processing /opt/airflow/dags/dag3.py took 0.083 seconds
[2023-06-06T06:39:37.588+0000] {processor.py:156} INFO - Started process (PID=64) to work on /opt/airflow/dags/dag3.py
[2023-06-06T06:39:37.591+0000] {processor.py:799} INFO - Processing file /opt/airflow/dags/dag3.py for tasks to queue
[2023-06-06T06:39:37.594+0000] {logging_mixin.py:149} INFO - [2023-06-06T06:39:37.594+0000] {dagbag.py:541} INFO - Filling up the DagBag from /opt/airflow/dags/dag3.py
[2023-06-06T06:39:37.626+0000] {processor.py:809} INFO - DAG(s) dict_keys(['third_dag']) retrieved from /opt/airflow/dags/dag3.py
[2023-06-06T06:39:37.669+0000] {logging_mixin.py:149} INFO - [2023-06-06T06:39:37.669+0000] {dag.py:2726} INFO - Sync 1 DAGs
[2023-06-06T06:39:37.691+0000] {logging_mixin.py:149} INFO - [2023-06-06T06:39:37.691+0000] {dag.py:3490} INFO - Setting next_dagrun for third_dag to 2023-06-05T00:00:00+00:00, run_after=2023-06-06T00:00:00+00:00
[2023-06-06T06:39:37.709+0000] {processor.py:178} INFO - Processing /opt/airflow/dags/dag3.py took 0.127 seconds
[2023-06-06T06:40:08.046+0000] {processor.py:156} INFO - Started process (PID=75) to work on /opt/airflow/dags/dag3.py
[2023-06-06T06:40:08.048+0000] {processor.py:799} INFO - Processing file /opt/airflow/dags/dag3.py for tasks to queue
[2023-06-06T06:40:08.073+0000] {logging_mixin.py:149} INFO - [2023-06-06T06:40:08.061+0000] {dagbag.py:541} INFO - Filling up the DagBag from /opt/airflow/dags/dag3.py
[2023-06-06T06:40:08.160+0000] {processor.py:809} INFO - DAG(s) dict_keys(['third_dag']) retrieved from /opt/airflow/dags/dag3.py
[2023-06-06T06:40:08.324+0000] {logging_mixin.py:149} INFO - [2023-06-06T06:40:08.323+0000] {dag.py:2726} INFO - Sync 1 DAGs
[2023-06-06T06:40:08.481+0000] {logging_mixin.py:149} INFO - [2023-06-06T06:40:08.480+0000] {dag.py:3490} INFO - Setting next_dagrun for third_dag to 2023-06-05T00:00:00+00:00, run_after=2023-06-06T00:00:00+00:00
[2023-06-06T06:40:08.516+0000] {processor.py:178} INFO - Processing /opt/airflow/dags/dag3.py took 0.480 seconds
[2023-06-06T06:40:38.685+0000] {processor.py:156} INFO - Started process (PID=86) to work on /opt/airflow/dags/dag3.py
[2023-06-06T06:40:38.686+0000] {processor.py:799} INFO - Processing file /opt/airflow/dags/dag3.py for tasks to queue
[2023-06-06T06:40:38.687+0000] {logging_mixin.py:149} INFO - [2023-06-06T06:40:38.687+0000] {dagbag.py:541} INFO - Filling up the DagBag from /opt/airflow/dags/dag3.py
[2023-06-06T06:40:38.715+0000] {processor.py:809} INFO - DAG(s) dict_keys(['third_dag']) retrieved from /opt/airflow/dags/dag3.py
[2023-06-06T06:40:38.764+0000] {logging_mixin.py:149} INFO - [2023-06-06T06:40:38.764+0000] {dag.py:2726} INFO - Sync 1 DAGs
[2023-06-06T06:40:38.793+0000] {logging_mixin.py:149} INFO - [2023-06-06T06:40:38.793+0000] {dag.py:3490} INFO - Setting next_dagrun for third_dag to 2023-06-05T00:00:00+00:00, run_after=2023-06-06T00:00:00+00:00
[2023-06-06T06:40:39.130+0000] {processor.py:178} INFO - Processing /opt/airflow/dags/dag3.py took 0.449 seconds
[2023-06-06T06:41:09.779+0000] {processor.py:156} INFO - Started process (PID=97) to work on /opt/airflow/dags/dag3.py
[2023-06-06T06:41:09.781+0000] {processor.py:799} INFO - Processing file /opt/airflow/dags/dag3.py for tasks to queue
[2023-06-06T06:41:09.785+0000] {logging_mixin.py:149} INFO - [2023-06-06T06:41:09.784+0000] {dagbag.py:541} INFO - Filling up the DagBag from /opt/airflow/dags/dag3.py
[2023-06-06T06:41:09.842+0000] {processor.py:809} INFO - DAG(s) dict_keys(['third_dag']) retrieved from /opt/airflow/dags/dag3.py
[2023-06-06T06:41:09.919+0000] {logging_mixin.py:149} INFO - [2023-06-06T06:41:09.918+0000] {dag.py:2726} INFO - Sync 1 DAGs
[2023-06-06T06:41:10.376+0000] {logging_mixin.py:149} INFO - [2023-06-06T06:41:10.375+0000] {dag.py:3490} INFO - Setting next_dagrun for third_dag to 2023-06-05T00:00:00+00:00, run_after=2023-06-06T00:00:00+00:00
[2023-06-06T06:41:10.415+0000] {processor.py:178} INFO - Processing /opt/airflow/dags/dag3.py took 0.640 seconds
[2023-06-06T06:41:40.955+0000] {processor.py:156} INFO - Started process (PID=108) to work on /opt/airflow/dags/dag3.py
[2023-06-06T06:41:40.957+0000] {processor.py:799} INFO - Processing file /opt/airflow/dags/dag3.py for tasks to queue
[2023-06-06T06:41:40.958+0000] {logging_mixin.py:149} INFO - [2023-06-06T06:41:40.958+0000] {dagbag.py:541} INFO - Filling up the DagBag from /opt/airflow/dags/dag3.py
[2023-06-06T06:41:41.021+0000] {processor.py:809} INFO - DAG(s) dict_keys(['third_dag']) retrieved from /opt/airflow/dags/dag3.py
[2023-06-06T06:41:41.079+0000] {logging_mixin.py:149} INFO - [2023-06-06T06:41:41.079+0000] {dag.py:2726} INFO - Sync 1 DAGs
[2023-06-06T06:41:41.506+0000] {logging_mixin.py:149} INFO - [2023-06-06T06:41:41.506+0000] {dag.py:3490} INFO - Setting next_dagrun for third_dag to 2023-06-05T00:00:00+00:00, run_after=2023-06-06T00:00:00+00:00
[2023-06-06T06:41:41.542+0000] {processor.py:178} INFO - Processing /opt/airflow/dags/dag3.py took 0.592 seconds
[2023-06-06T06:42:11.721+0000] {processor.py:156} INFO - Started process (PID=127) to work on /opt/airflow/dags/dag3.py
[2023-06-06T06:42:11.723+0000] {processor.py:799} INFO - Processing file /opt/airflow/dags/dag3.py for tasks to queue
[2023-06-06T06:42:11.725+0000] {logging_mixin.py:149} INFO - [2023-06-06T06:42:11.725+0000] {dagbag.py:541} INFO - Filling up the DagBag from /opt/airflow/dags/dag3.py
[2023-06-06T06:42:11.761+0000] {processor.py:809} INFO - DAG(s) dict_keys(['third_dag']) retrieved from /opt/airflow/dags/dag3.py
[2023-06-06T06:42:12.099+0000] {logging_mixin.py:149} INFO - [2023-06-06T06:42:12.099+0000] {dag.py:2726} INFO - Sync 1 DAGs
[2023-06-06T06:42:12.119+0000] {logging_mixin.py:149} INFO - [2023-06-06T06:42:12.119+0000] {dag.py:3490} INFO - Setting next_dagrun for third_dag to 2023-06-05T00:00:00+00:00, run_after=2023-06-06T00:00:00+00:00
[2023-06-06T06:42:12.133+0000] {processor.py:178} INFO - Processing /opt/airflow/dags/dag3.py took 0.417 seconds
[2023-06-06T06:42:42.293+0000] {processor.py:156} INFO - Started process (PID=138) to work on /opt/airflow/dags/dag3.py
[2023-06-06T06:42:42.295+0000] {processor.py:799} INFO - Processing file /opt/airflow/dags/dag3.py for tasks to queue
[2023-06-06T06:42:42.296+0000] {logging_mixin.py:149} INFO - [2023-06-06T06:42:42.296+0000] {dagbag.py:541} INFO - Filling up the DagBag from /opt/airflow/dags/dag3.py
[2023-06-06T06:42:42.315+0000] {processor.py:809} INFO - DAG(s) dict_keys(['third_dag']) retrieved from /opt/airflow/dags/dag3.py
[2023-06-06T06:42:42.524+0000] {logging_mixin.py:149} INFO - [2023-06-06T06:42:42.524+0000] {dag.py:2726} INFO - Sync 1 DAGs
[2023-06-06T06:42:42.545+0000] {logging_mixin.py:149} INFO - [2023-06-06T06:42:42.545+0000] {dag.py:3490} INFO - Setting next_dagrun for third_dag to 2023-06-05T00:00:00+00:00, run_after=2023-06-06T00:00:00+00:00
[2023-06-06T06:42:42.556+0000] {processor.py:178} INFO - Processing /opt/airflow/dags/dag3.py took 0.269 seconds
