[2023-06-06T06:02:17.534+0000] {processor.py:156} INFO - Started process (PID=31) to work on /opt/airflow/dags/dag4.py
[2023-06-06T06:02:17.556+0000] {processor.py:799} INFO - Processing file /opt/airflow/dags/dag4.py for tasks to queue
[2023-06-06T06:02:17.571+0000] {logging_mixin.py:149} INFO - [2023-06-06T06:02:17.570+0000] {dagbag.py:541} INFO - Filling up the DagBag from /opt/airflow/dags/dag4.py
[2023-06-06T06:02:17.730+0000] {processor.py:809} INFO - DAG(s) dict_keys(['xcom_example']) retrieved from /opt/airflow/dags/dag4.py
[2023-06-06T06:02:18.389+0000] {logging_mixin.py:149} INFO - [2023-06-06T06:02:18.388+0000] {dag.py:2726} INFO - Sync 1 DAGs
[2023-06-06T06:02:18.603+0000] {logging_mixin.py:149} INFO - [2023-06-06T06:02:18.603+0000] {dag.py:3490} INFO - Setting next_dagrun for xcom_example to None, run_after=None
[2023-06-06T06:02:18.747+0000] {processor.py:178} INFO - Processing /opt/airflow/dags/dag4.py took 1.244 seconds
[2023-06-06T06:02:49.099+0000] {processor.py:156} INFO - Started process (PID=42) to work on /opt/airflow/dags/dag4.py
[2023-06-06T06:02:49.115+0000] {processor.py:799} INFO - Processing file /opt/airflow/dags/dag4.py for tasks to queue
[2023-06-06T06:02:49.118+0000] {logging_mixin.py:149} INFO - [2023-06-06T06:02:49.118+0000] {dagbag.py:541} INFO - Filling up the DagBag from /opt/airflow/dags/dag4.py
[2023-06-06T06:02:49.271+0000] {processor.py:809} INFO - DAG(s) dict_keys(['xcom_example']) retrieved from /opt/airflow/dags/dag4.py
[2023-06-06T06:02:49.746+0000] {logging_mixin.py:149} INFO - [2023-06-06T06:02:49.744+0000] {dag.py:2726} INFO - Sync 1 DAGs
[2023-06-06T06:02:49.979+0000] {logging_mixin.py:149} INFO - [2023-06-06T06:02:49.979+0000] {dag.py:3490} INFO - Setting next_dagrun for xcom_example to None, run_after=None
[2023-06-06T06:02:50.346+0000] {processor.py:178} INFO - Processing /opt/airflow/dags/dag4.py took 1.272 seconds
[2023-06-06T06:03:24.661+0000] {processor.py:156} INFO - Started process (PID=53) to work on /opt/airflow/dags/dag4.py
[2023-06-06T06:03:25.826+0000] {processor.py:799} INFO - Processing file /opt/airflow/dags/dag4.py for tasks to queue
[2023-06-06T06:03:27.071+0000] {logging_mixin.py:149} INFO - [2023-06-06T06:03:26.212+0000] {dagbag.py:541} INFO - Filling up the DagBag from /opt/airflow/dags/dag4.py
[2023-06-06T06:03:35.346+0000] {processor.py:809} INFO - DAG(s) dict_keys(['xcom_example']) retrieved from /opt/airflow/dags/dag4.py
[2023-06-06T06:05:49.616+0000] {processor.py:156} INFO - Started process (PID=70) to work on /opt/airflow/dags/dag4.py
[2023-06-06T06:05:49.674+0000] {processor.py:799} INFO - Processing file /opt/airflow/dags/dag4.py for tasks to queue
[2023-06-06T06:05:49.687+0000] {logging_mixin.py:149} INFO - [2023-06-06T06:05:49.687+0000] {dagbag.py:541} INFO - Filling up the DagBag from /opt/airflow/dags/dag4.py
[2023-06-06T06:05:50.387+0000] {processor.py:809} INFO - DAG(s) dict_keys(['xcom_example']) retrieved from /opt/airflow/dags/dag4.py
[2023-06-06T06:05:52.371+0000] {logging_mixin.py:149} INFO - [2023-06-06T06:05:52.370+0000] {dag.py:2726} INFO - Sync 1 DAGs
[2023-06-06T06:05:53.196+0000] {logging_mixin.py:149} INFO - [2023-06-06T06:05:53.196+0000] {dag.py:3490} INFO - Setting next_dagrun for xcom_example to None, run_after=None
[2023-06-06T06:05:54.535+0000] {processor.py:178} INFO - Processing /opt/airflow/dags/dag4.py took 5.369 seconds
[2023-06-06T06:06:45.144+0000] {processor.py:156} INFO - Started process (PID=81) to work on /opt/airflow/dags/dag4.py
[2023-06-06T06:06:45.261+0000] {processor.py:799} INFO - Processing file /opt/airflow/dags/dag4.py for tasks to queue
[2023-06-06T06:06:45.379+0000] {logging_mixin.py:149} INFO - [2023-06-06T06:06:45.378+0000] {dagbag.py:541} INFO - Filling up the DagBag from /opt/airflow/dags/dag4.py
[2023-06-06T06:06:47.553+0000] {processor.py:809} INFO - DAG(s) dict_keys(['xcom_example']) retrieved from /opt/airflow/dags/dag4.py
[2023-06-06T06:06:51.323+0000] {logging_mixin.py:149} INFO - [2023-06-06T06:06:51.322+0000] {dag.py:2726} INFO - Sync 1 DAGs
[2023-06-06T06:06:54.098+0000] {logging_mixin.py:149} INFO - [2023-06-06T06:06:54.080+0000] {dag.py:3490} INFO - Setting next_dagrun for xcom_example to None, run_after=None
[2023-06-06T06:06:55.268+0000] {processor.py:178} INFO - Processing /opt/airflow/dags/dag4.py took 10.502 seconds
[2023-06-06T06:07:30.522+0000] {processor.py:156} INFO - Started process (PID=97) to work on /opt/airflow/dags/dag4.py
[2023-06-06T06:07:30.526+0000] {processor.py:799} INFO - Processing file /opt/airflow/dags/dag4.py for tasks to queue
[2023-06-06T06:07:30.531+0000] {logging_mixin.py:149} INFO - [2023-06-06T06:07:30.531+0000] {dagbag.py:541} INFO - Filling up the DagBag from /opt/airflow/dags/dag4.py
[2023-06-06T06:07:34.052+0000] {processor.py:809} INFO - DAG(s) dict_keys(['xcom_example']) retrieved from /opt/airflow/dags/dag4.py
[2023-06-06T06:07:42.729+0000] {logging_mixin.py:149} INFO - [2023-06-06T06:07:42.727+0000] {dag.py:2726} INFO - Sync 1 DAGs
[2023-06-06T06:07:45.216+0000] {logging_mixin.py:149} INFO - [2023-06-06T06:07:45.215+0000] {dag.py:3490} INFO - Setting next_dagrun for xcom_example to None, run_after=None
[2023-06-06T06:07:46.106+0000] {processor.py:178} INFO - Processing /opt/airflow/dags/dag4.py took 15.958 seconds
[2023-06-06T06:08:23.828+0000] {processor.py:156} INFO - Started process (PID=109) to work on /opt/airflow/dags/dag4.py
[2023-06-06T06:08:23.850+0000] {processor.py:799} INFO - Processing file /opt/airflow/dags/dag4.py for tasks to queue
[2023-06-06T06:08:23.916+0000] {logging_mixin.py:149} INFO - [2023-06-06T06:08:23.915+0000] {dagbag.py:541} INFO - Filling up the DagBag from /opt/airflow/dags/dag4.py
[2023-06-06T06:08:26.990+0000] {processor.py:809} INFO - DAG(s) dict_keys(['xcom_example']) retrieved from /opt/airflow/dags/dag4.py
[2023-06-06T06:08:35.263+0000] {logging_mixin.py:149} INFO - [2023-06-06T06:08:35.238+0000] {dag.py:2726} INFO - Sync 1 DAGs
[2023-06-06T06:09:10.306+0000] {logging_mixin.py:149} INFO - [2023-06-06T06:09:10.306+0000] {dag.py:3490} INFO - Setting next_dagrun for xcom_example to None, run_after=None
[2023-06-06T06:09:10.568+0000] {processor.py:178} INFO - Processing /opt/airflow/dags/dag4.py took 47.095 seconds
[2023-06-06T06:10:06.431+0000] {processor.py:156} INFO - Started process (PID=127) to work on /opt/airflow/dags/dag4.py
[2023-06-06T06:10:06.434+0000] {processor.py:799} INFO - Processing file /opt/airflow/dags/dag4.py for tasks to queue
[2023-06-06T06:10:06.436+0000] {logging_mixin.py:149} INFO - [2023-06-06T06:10:06.436+0000] {dagbag.py:541} INFO - Filling up the DagBag from /opt/airflow/dags/dag4.py
[2023-06-06T06:10:07.497+0000] {processor.py:809} INFO - DAG(s) dict_keys(['xcom_example']) retrieved from /opt/airflow/dags/dag4.py
[2023-06-06T06:10:15.651+0000] {logging_mixin.py:149} INFO - [2023-06-06T06:10:15.603+0000] {dag.py:2726} INFO - Sync 1 DAGs
[2023-06-06T06:10:53.031+0000] {logging_mixin.py:149} INFO - [2023-06-06T06:10:52.941+0000] {dag.py:3490} INFO - Setting next_dagrun for xcom_example to None, run_after=None
[2023-06-06T06:10:55.004+0000] {processor.py:178} INFO - Processing /opt/airflow/dags/dag4.py took 48.493 seconds
[2023-06-06T06:11:46.737+0000] {processor.py:156} INFO - Started process (PID=130) to work on /opt/airflow/dags/dag4.py
[2023-06-06T06:11:46.761+0000] {processor.py:799} INFO - Processing file /opt/airflow/dags/dag4.py for tasks to queue
[2023-06-06T06:11:46.772+0000] {logging_mixin.py:149} INFO - [2023-06-06T06:11:46.772+0000] {dagbag.py:541} INFO - Filling up the DagBag from /opt/airflow/dags/dag4.py
[2023-06-06T06:11:53.545+0000] {processor.py:809} INFO - DAG(s) dict_keys(['xcom_example']) retrieved from /opt/airflow/dags/dag4.py
[2023-06-06T06:16:16.140+0000] {processor.py:156} INFO - Started process (PID=147) to work on /opt/airflow/dags/dag4.py
[2023-06-06T06:16:16.236+0000] {processor.py:799} INFO - Processing file /opt/airflow/dags/dag4.py for tasks to queue
[2023-06-06T06:16:16.253+0000] {logging_mixin.py:149} INFO - [2023-06-06T06:16:16.253+0000] {dagbag.py:541} INFO - Filling up the DagBag from /opt/airflow/dags/dag4.py
[2023-06-06T06:18:03.601+0000] {logging_mixin.py:149} INFO - [2023-06-06T06:18:03.600+0000] {timeout.py:68} ERROR - Process timed out, PID: 147
[2023-06-06T06:18:03.636+0000] {logging_mixin.py:149} WARNING - Exception ignored in: <function _collection_gced at 0xffffb92b35f0>
[2023-06-06T06:18:03.638+0000] {logging_mixin.py:149} WARNING - Traceback (most recent call last):
[2023-06-06T06:18:03.641+0000] {logging_mixin.py:149} WARNING -   File "/home/airflow/.local/lib/python3.7/site-packages/sqlalchemy/event/registry.py", line 53, in _collection_gced
[2023-06-06T06:18:05.049+0000] {logging_mixin.py:149} WARNING -     def _collection_gced(ref):
[2023-06-06T06:18:05.052+0000] {logging_mixin.py:149} WARNING -   File "/home/airflow/.local/lib/python3.7/site-packages/airflow/utils/timeout.py", line 69, in handle_timeout
[2023-06-06T06:18:05.077+0000] {logging_mixin.py:149} WARNING -     raise AirflowTaskTimeout(self.error_message)
[2023-06-06T06:18:05.081+0000] {logging_mixin.py:149} WARNING - airflow.exceptions.AirflowTaskTimeout: DagBag import timeout for /opt/airflow/dags/dag4.py after 30.0s.
Please take a look at these docs to improve your DAG import time:
* https://airflow.apache.org/docs/apache-airflow/2.6.0/best-practices.html#top-level-python-code
* https://airflow.apache.org/docs/apache-airflow/2.6.0/best-practices.html#reducing-dag-complexity, PID: 147
[2023-06-06T06:18:08.454+0000] {processor.py:809} INFO - DAG(s) dict_keys(['xcom_example']) retrieved from /opt/airflow/dags/dag4.py
[2023-06-06T06:19:16.703+0000] {processor.py:156} INFO - Started process (PID=152) to work on /opt/airflow/dags/dag4.py
[2023-06-06T06:19:16.715+0000] {processor.py:799} INFO - Processing file /opt/airflow/dags/dag4.py for tasks to queue
[2023-06-06T06:19:16.744+0000] {logging_mixin.py:149} INFO - [2023-06-06T06:19:16.740+0000] {dagbag.py:541} INFO - Filling up the DagBag from /opt/airflow/dags/dag4.py
[2023-06-06T06:20:17.691+0000] {logging_mixin.py:149} INFO - [2023-06-06T06:20:12.983+0000] {timeout.py:68} ERROR - Process timed out, PID: 152
[2023-06-06T06:20:26.094+0000] {logging_mixin.py:149} WARNING - Exception ignored in: <function _collection_gced at 0xffffb92b35f0>
[2023-06-06T06:20:29.078+0000] {logging_mixin.py:149} WARNING - Traceback (most recent call last):
[2023-06-06T06:20:31.913+0000] {logging_mixin.py:149} WARNING -   File "/home/airflow/.local/lib/python3.7/site-packages/sqlalchemy/event/registry.py", line 53, in _collection_gced
[2023-06-06T06:20:32.972+0000] {logging_mixin.py:149} WARNING -     def _collection_gced(ref):
[2023-06-06T06:20:33.024+0000] {logging_mixin.py:149} WARNING -   File "/home/airflow/.local/lib/python3.7/site-packages/airflow/utils/timeout.py", line 69, in handle_timeout
[2023-06-06T06:20:33.031+0000] {logging_mixin.py:149} WARNING -     raise AirflowTaskTimeout(self.error_message)
[2023-06-06T06:20:33.090+0000] {logging_mixin.py:149} WARNING - airflow.exceptions.AirflowTaskTimeout: DagBag import timeout for /opt/airflow/dags/dag4.py after 30.0s.
Please take a look at these docs to improve your DAG import time:
* https://airflow.apache.org/docs/apache-airflow/2.6.0/best-practices.html#top-level-python-code
* https://airflow.apache.org/docs/apache-airflow/2.6.0/best-practices.html#reducing-dag-complexity, PID: 152
[2023-06-06T06:38:05.111+0000] {processor.py:156} INFO - Started process (PID=31) to work on /opt/airflow/dags/dag4.py
[2023-06-06T06:38:05.136+0000] {processor.py:799} INFO - Processing file /opt/airflow/dags/dag4.py for tasks to queue
[2023-06-06T06:38:05.151+0000] {logging_mixin.py:149} INFO - [2023-06-06T06:38:05.149+0000] {dagbag.py:541} INFO - Filling up the DagBag from /opt/airflow/dags/dag4.py
[2023-06-06T06:38:05.303+0000] {processor.py:809} INFO - DAG(s) dict_keys(['xcom_example']) retrieved from /opt/airflow/dags/dag4.py
[2023-06-06T06:38:06.153+0000] {logging_mixin.py:149} INFO - [2023-06-06T06:38:06.152+0000] {dag.py:2726} INFO - Sync 1 DAGs
[2023-06-06T06:38:06.302+0000] {logging_mixin.py:149} INFO - [2023-06-06T06:38:06.302+0000] {dag.py:3490} INFO - Setting next_dagrun for xcom_example to None, run_after=None
[2023-06-06T06:38:06.454+0000] {processor.py:178} INFO - Processing /opt/airflow/dags/dag4.py took 1.357 seconds
[2023-06-06T06:38:36.644+0000] {processor.py:156} INFO - Started process (PID=42) to work on /opt/airflow/dags/dag4.py
[2023-06-06T06:38:36.646+0000] {processor.py:799} INFO - Processing file /opt/airflow/dags/dag4.py for tasks to queue
[2023-06-06T06:38:36.648+0000] {logging_mixin.py:149} INFO - [2023-06-06T06:38:36.648+0000] {dagbag.py:541} INFO - Filling up the DagBag from /opt/airflow/dags/dag4.py
[2023-06-06T06:38:36.668+0000] {processor.py:809} INFO - DAG(s) dict_keys(['xcom_example']) retrieved from /opt/airflow/dags/dag4.py
[2023-06-06T06:38:36.696+0000] {logging_mixin.py:149} INFO - [2023-06-06T06:38:36.696+0000] {dag.py:2726} INFO - Sync 1 DAGs
[2023-06-06T06:38:36.714+0000] {logging_mixin.py:149} INFO - [2023-06-06T06:38:36.714+0000] {dag.py:3490} INFO - Setting next_dagrun for xcom_example to None, run_after=None
[2023-06-06T06:38:36.726+0000] {processor.py:178} INFO - Processing /opt/airflow/dags/dag4.py took 0.088 seconds
[2023-06-06T06:39:07.102+0000] {processor.py:156} INFO - Started process (PID=53) to work on /opt/airflow/dags/dag4.py
[2023-06-06T06:39:07.105+0000] {processor.py:799} INFO - Processing file /opt/airflow/dags/dag4.py for tasks to queue
[2023-06-06T06:39:07.107+0000] {logging_mixin.py:149} INFO - [2023-06-06T06:39:07.107+0000] {dagbag.py:541} INFO - Filling up the DagBag from /opt/airflow/dags/dag4.py
[2023-06-06T06:39:07.125+0000] {processor.py:809} INFO - DAG(s) dict_keys(['xcom_example']) retrieved from /opt/airflow/dags/dag4.py
[2023-06-06T06:39:07.155+0000] {logging_mixin.py:149} INFO - [2023-06-06T06:39:07.155+0000] {dag.py:2726} INFO - Sync 1 DAGs
[2023-06-06T06:39:07.174+0000] {logging_mixin.py:149} INFO - [2023-06-06T06:39:07.174+0000] {dag.py:3490} INFO - Setting next_dagrun for xcom_example to None, run_after=None
[2023-06-06T06:39:07.187+0000] {processor.py:178} INFO - Processing /opt/airflow/dags/dag4.py took 0.091 seconds
[2023-06-06T06:39:37.575+0000] {processor.py:156} INFO - Started process (PID=63) to work on /opt/airflow/dags/dag4.py
[2023-06-06T06:39:37.579+0000] {processor.py:799} INFO - Processing file /opt/airflow/dags/dag4.py for tasks to queue
[2023-06-06T06:39:37.581+0000] {logging_mixin.py:149} INFO - [2023-06-06T06:39:37.581+0000] {dagbag.py:541} INFO - Filling up the DagBag from /opt/airflow/dags/dag4.py
[2023-06-06T06:39:37.628+0000] {processor.py:809} INFO - DAG(s) dict_keys(['xcom_example']) retrieved from /opt/airflow/dags/dag4.py
[2023-06-06T06:39:37.669+0000] {logging_mixin.py:149} INFO - [2023-06-06T06:39:37.669+0000] {dag.py:2726} INFO - Sync 1 DAGs
[2023-06-06T06:39:37.690+0000] {logging_mixin.py:149} INFO - [2023-06-06T06:39:37.690+0000] {dag.py:3490} INFO - Setting next_dagrun for xcom_example to None, run_after=None
[2023-06-06T06:39:37.709+0000] {processor.py:178} INFO - Processing /opt/airflow/dags/dag4.py took 0.146 seconds
[2023-06-06T06:40:08.044+0000] {processor.py:156} INFO - Started process (PID=74) to work on /opt/airflow/dags/dag4.py
[2023-06-06T06:40:08.047+0000] {processor.py:799} INFO - Processing file /opt/airflow/dags/dag4.py for tasks to queue
[2023-06-06T06:40:08.073+0000] {logging_mixin.py:149} INFO - [2023-06-06T06:40:08.072+0000] {dagbag.py:541} INFO - Filling up the DagBag from /opt/airflow/dags/dag4.py
[2023-06-06T06:40:08.146+0000] {processor.py:809} INFO - DAG(s) dict_keys(['xcom_example']) retrieved from /opt/airflow/dags/dag4.py
[2023-06-06T06:40:08.324+0000] {logging_mixin.py:149} INFO - [2023-06-06T06:40:08.324+0000] {dag.py:2726} INFO - Sync 1 DAGs
[2023-06-06T06:40:08.466+0000] {logging_mixin.py:149} INFO - [2023-06-06T06:40:08.466+0000] {dag.py:3490} INFO - Setting next_dagrun for xcom_example to None, run_after=None
[2023-06-06T06:40:08.515+0000] {processor.py:178} INFO - Processing /opt/airflow/dags/dag4.py took 0.483 seconds
[2023-06-06T06:40:38.682+0000] {processor.py:156} INFO - Started process (PID=85) to work on /opt/airflow/dags/dag4.py
[2023-06-06T06:40:38.684+0000] {processor.py:799} INFO - Processing file /opt/airflow/dags/dag4.py for tasks to queue
[2023-06-06T06:40:38.687+0000] {logging_mixin.py:149} INFO - [2023-06-06T06:40:38.687+0000] {dagbag.py:541} INFO - Filling up the DagBag from /opt/airflow/dags/dag4.py
[2023-06-06T06:40:38.714+0000] {processor.py:809} INFO - DAG(s) dict_keys(['xcom_example']) retrieved from /opt/airflow/dags/dag4.py
[2023-06-06T06:40:38.764+0000] {logging_mixin.py:149} INFO - [2023-06-06T06:40:38.764+0000] {dag.py:2726} INFO - Sync 1 DAGs
[2023-06-06T06:40:38.789+0000] {logging_mixin.py:149} INFO - [2023-06-06T06:40:38.789+0000] {dag.py:3490} INFO - Setting next_dagrun for xcom_example to None, run_after=None
[2023-06-06T06:40:39.123+0000] {processor.py:178} INFO - Processing /opt/airflow/dags/dag4.py took 0.447 seconds
[2023-06-06T06:41:09.760+0000] {processor.py:156} INFO - Started process (PID=96) to work on /opt/airflow/dags/dag4.py
[2023-06-06T06:41:09.763+0000] {processor.py:799} INFO - Processing file /opt/airflow/dags/dag4.py for tasks to queue
[2023-06-06T06:41:09.765+0000] {logging_mixin.py:149} INFO - [2023-06-06T06:41:09.765+0000] {dagbag.py:541} INFO - Filling up the DagBag from /opt/airflow/dags/dag4.py
[2023-06-06T06:41:09.808+0000] {processor.py:809} INFO - DAG(s) dict_keys(['xcom_example']) retrieved from /opt/airflow/dags/dag4.py
[2023-06-06T06:41:09.918+0000] {logging_mixin.py:149} INFO - [2023-06-06T06:41:09.918+0000] {dag.py:2726} INFO - Sync 1 DAGs
[2023-06-06T06:41:10.378+0000] {logging_mixin.py:149} INFO - [2023-06-06T06:41:10.377+0000] {dag.py:3490} INFO - Setting next_dagrun for xcom_example to None, run_after=None
[2023-06-06T06:41:10.433+0000] {processor.py:178} INFO - Processing /opt/airflow/dags/dag4.py took 0.680 seconds
[2023-06-06T06:41:40.954+0000] {processor.py:156} INFO - Started process (PID=107) to work on /opt/airflow/dags/dag4.py
[2023-06-06T06:41:40.956+0000] {processor.py:799} INFO - Processing file /opt/airflow/dags/dag4.py for tasks to queue
[2023-06-06T06:41:40.957+0000] {logging_mixin.py:149} INFO - [2023-06-06T06:41:40.957+0000] {dagbag.py:541} INFO - Filling up the DagBag from /opt/airflow/dags/dag4.py
[2023-06-06T06:41:41.014+0000] {processor.py:809} INFO - DAG(s) dict_keys(['xcom_example']) retrieved from /opt/airflow/dags/dag4.py
[2023-06-06T06:41:41.080+0000] {logging_mixin.py:149} INFO - [2023-06-06T06:41:41.079+0000] {dag.py:2726} INFO - Sync 1 DAGs
[2023-06-06T06:41:41.504+0000] {logging_mixin.py:149} INFO - [2023-06-06T06:41:41.504+0000] {dag.py:3490} INFO - Setting next_dagrun for xcom_example to None, run_after=None
[2023-06-06T06:41:41.529+0000] {processor.py:178} INFO - Processing /opt/airflow/dags/dag4.py took 0.581 seconds
[2023-06-06T06:42:11.708+0000] {processor.py:156} INFO - Started process (PID=126) to work on /opt/airflow/dags/dag4.py
[2023-06-06T06:42:11.710+0000] {processor.py:799} INFO - Processing file /opt/airflow/dags/dag4.py for tasks to queue
[2023-06-06T06:42:11.711+0000] {logging_mixin.py:149} INFO - [2023-06-06T06:42:11.711+0000] {dagbag.py:541} INFO - Filling up the DagBag from /opt/airflow/dags/dag4.py
[2023-06-06T06:42:11.745+0000] {processor.py:809} INFO - DAG(s) dict_keys(['xcom_example']) retrieved from /opt/airflow/dags/dag4.py
[2023-06-06T06:42:12.096+0000] {logging_mixin.py:149} INFO - [2023-06-06T06:42:12.096+0000] {dag.py:2726} INFO - Sync 1 DAGs
[2023-06-06T06:42:12.118+0000] {logging_mixin.py:149} INFO - [2023-06-06T06:42:12.117+0000] {dag.py:3490} INFO - Setting next_dagrun for xcom_example to None, run_after=None
[2023-06-06T06:42:12.133+0000] {processor.py:178} INFO - Processing /opt/airflow/dags/dag4.py took 0.428 seconds
[2023-06-06T06:42:42.279+0000] {processor.py:156} INFO - Started process (PID=137) to work on /opt/airflow/dags/dag4.py
[2023-06-06T06:42:42.282+0000] {processor.py:799} INFO - Processing file /opt/airflow/dags/dag4.py for tasks to queue
[2023-06-06T06:42:42.285+0000] {logging_mixin.py:149} INFO - [2023-06-06T06:42:42.285+0000] {dagbag.py:541} INFO - Filling up the DagBag from /opt/airflow/dags/dag4.py
[2023-06-06T06:42:42.313+0000] {processor.py:809} INFO - DAG(s) dict_keys(['xcom_example']) retrieved from /opt/airflow/dags/dag4.py
[2023-06-06T06:42:42.525+0000] {logging_mixin.py:149} INFO - [2023-06-06T06:42:42.525+0000] {dag.py:2726} INFO - Sync 1 DAGs
[2023-06-06T06:42:42.544+0000] {logging_mixin.py:149} INFO - [2023-06-06T06:42:42.544+0000] {dag.py:3490} INFO - Setting next_dagrun for xcom_example to None, run_after=None
[2023-06-06T06:42:42.557+0000] {processor.py:178} INFO - Processing /opt/airflow/dags/dag4.py took 0.286 seconds
