[2023-06-03T15:06:24.597+0000] {processor.py:156} INFO - Started process (PID=34) to work on /opt/airflow/dags/dag1.py
[2023-06-03T15:06:24.611+0000] {processor.py:799} INFO - Processing file /opt/airflow/dags/dag1.py for tasks to queue
[2023-06-03T15:06:24.616+0000] {logging_mixin.py:149} INFO - [2023-06-03T15:06:24.614+0000] {dagbag.py:541} INFO - Filling up the DagBag from /opt/airflow/dags/dag1.py
[2023-06-03T15:06:24.857+0000] {processor.py:809} INFO - DAG(s) dict_keys(['first_dag']) retrieved from /opt/airflow/dags/dag1.py
[2023-06-03T15:06:25.968+0000] {logging_mixin.py:149} INFO - [2023-06-03T15:06:25.967+0000] {dag.py:2726} INFO - Sync 1 DAGs
[2023-06-03T15:06:26.326+0000] {logging_mixin.py:149} INFO - [2023-06-03T15:06:26.325+0000] {dag.py:3490} INFO - Setting next_dagrun for first_dag to 2022-01-01T02:53:00+00:00, run_after=2022-01-01T02:54:00+00:00
[2023-06-03T15:06:26.498+0000] {processor.py:178} INFO - Processing /opt/airflow/dags/dag1.py took 1.914 seconds
[2023-06-03T15:06:59.248+0000] {processor.py:156} INFO - Started process (PID=52) to work on /opt/airflow/dags/dag1.py
[2023-06-03T15:06:59.330+0000] {processor.py:799} INFO - Processing file /opt/airflow/dags/dag1.py for tasks to queue
[2023-06-03T15:06:59.455+0000] {logging_mixin.py:149} INFO - [2023-06-03T15:06:59.437+0000] {dagbag.py:541} INFO - Filling up the DagBag from /opt/airflow/dags/dag1.py
[2023-06-03T15:07:00.088+0000] {processor.py:809} INFO - DAG(s) dict_keys(['first_dag']) retrieved from /opt/airflow/dags/dag1.py
[2023-06-03T15:07:01.175+0000] {logging_mixin.py:149} INFO - [2023-06-03T15:07:01.175+0000] {dag.py:2726} INFO - Sync 1 DAGs
[2023-06-03T15:07:01.394+0000] {logging_mixin.py:149} INFO - [2023-06-03T15:07:01.394+0000] {dag.py:3490} INFO - Setting next_dagrun for first_dag to 2022-01-01T02:53:00+00:00, run_after=2022-01-01T02:54:00+00:00
[2023-06-03T15:07:04.310+0000] {processor.py:178} INFO - Processing /opt/airflow/dags/dag1.py took 5.132 seconds
[2023-06-03T15:07:40.543+0000] {processor.py:156} INFO - Started process (PID=63) to work on /opt/airflow/dags/dag1.py
[2023-06-03T15:07:40.577+0000] {processor.py:799} INFO - Processing file /opt/airflow/dags/dag1.py for tasks to queue
[2023-06-03T15:07:40.590+0000] {logging_mixin.py:149} INFO - [2023-06-03T15:07:40.590+0000] {dagbag.py:541} INFO - Filling up the DagBag from /opt/airflow/dags/dag1.py
[2023-06-03T15:07:43.168+0000] {processor.py:809} INFO - DAG(s) dict_keys(['first_dag']) retrieved from /opt/airflow/dags/dag1.py
[2023-06-03T15:07:51.749+0000] {logging_mixin.py:149} INFO - [2023-06-03T15:07:51.730+0000] {dag.py:2726} INFO - Sync 1 DAGs
[2023-06-03T15:07:56.941+0000] {logging_mixin.py:149} INFO - [2023-06-03T15:07:56.941+0000] {dag.py:3490} INFO - Setting next_dagrun for first_dag to 2022-01-01T02:53:00+00:00, run_after=2022-01-01T02:54:00+00:00
[2023-06-03T15:07:57.198+0000] {processor.py:178} INFO - Processing /opt/airflow/dags/dag1.py took 16.750 seconds
[2023-06-03T15:09:20.639+0000] {processor.py:156} INFO - Started process (PID=75) to work on /opt/airflow/dags/dag1.py
[2023-06-03T15:09:21.553+0000] {processor.py:799} INFO - Processing file /opt/airflow/dags/dag1.py for tasks to queue
[2023-06-03T15:09:22.509+0000] {logging_mixin.py:149} INFO - [2023-06-03T15:09:22.066+0000] {dagbag.py:541} INFO - Filling up the DagBag from /opt/airflow/dags/dag1.py
[2023-06-03T15:09:28.059+0000] {processor.py:809} INFO - DAG(s) dict_keys(['first_dag']) retrieved from /opt/airflow/dags/dag1.py
[2023-06-03T15:09:31.704+0000] {logging_mixin.py:149} INFO - [2023-06-03T15:09:31.703+0000] {dag.py:2726} INFO - Sync 1 DAGs
[2023-06-03T15:09:46.735+0000] {logging_mixin.py:149} INFO - [2023-06-03T15:09:46.733+0000] {dag.py:3490} INFO - Setting next_dagrun for first_dag to 2022-01-01T02:53:00+00:00, run_after=2022-01-01T02:54:00+00:00
[2023-06-03T15:09:47.950+0000] {processor.py:178} INFO - Processing /opt/airflow/dags/dag1.py took 42.052 seconds
[2023-06-03T15:10:21.692+0000] {processor.py:156} INFO - Started process (PID=94) to work on /opt/airflow/dags/dag1.py
[2023-06-03T15:10:21.704+0000] {processor.py:799} INFO - Processing file /opt/airflow/dags/dag1.py for tasks to queue
[2023-06-03T15:10:21.714+0000] {logging_mixin.py:149} INFO - [2023-06-03T15:10:21.713+0000] {dagbag.py:541} INFO - Filling up the DagBag from /opt/airflow/dags/dag1.py
[2023-06-03T15:10:22.395+0000] {processor.py:809} INFO - DAG(s) dict_keys(['first_dag']) retrieved from /opt/airflow/dags/dag1.py
[2023-06-03T15:10:32.258+0000] {logging_mixin.py:149} INFO - [2023-06-03T15:10:32.257+0000] {dag.py:2726} INFO - Sync 1 DAGs
[2023-06-03T15:10:32.819+0000] {logging_mixin.py:149} INFO - [2023-06-03T15:10:32.817+0000] {dag.py:3490} INFO - Setting next_dagrun for first_dag to 2022-01-01T02:53:00+00:00, run_after=2022-01-01T02:54:00+00:00
[2023-06-03T15:10:33.704+0000] {processor.py:178} INFO - Processing /opt/airflow/dags/dag1.py took 12.048 seconds
[2023-06-03T15:11:05.784+0000] {processor.py:156} INFO - Started process (PID=105) to work on /opt/airflow/dags/dag1.py
[2023-06-03T15:11:05.796+0000] {processor.py:799} INFO - Processing file /opt/airflow/dags/dag1.py for tasks to queue
[2023-06-03T15:11:05.816+0000] {logging_mixin.py:149} INFO - [2023-06-03T15:11:05.816+0000] {dagbag.py:541} INFO - Filling up the DagBag from /opt/airflow/dags/dag1.py
[2023-06-03T15:11:06.571+0000] {processor.py:809} INFO - DAG(s) dict_keys(['first_dag']) retrieved from /opt/airflow/dags/dag1.py
[2023-06-03T15:11:18.677+0000] {logging_mixin.py:149} INFO - [2023-06-03T15:11:18.677+0000] {dag.py:2726} INFO - Sync 1 DAGs
[2023-06-03T15:11:18.809+0000] {logging_mixin.py:149} INFO - [2023-06-03T15:11:18.804+0000] {dag.py:3490} INFO - Setting next_dagrun for first_dag to 2022-01-01T02:53:00+00:00, run_after=2022-01-01T02:54:00+00:00
[2023-06-03T15:11:18.893+0000] {processor.py:178} INFO - Processing /opt/airflow/dags/dag1.py took 13.150 seconds
