[2023-06-03T15:06:22.795+0000] {processor.py:156} INFO - Started process (PID=32) to work on /opt/airflow/dags/dag3.py
[2023-06-03T15:06:22.840+0000] {processor.py:799} INFO - Processing file /opt/airflow/dags/dag3.py for tasks to queue
[2023-06-03T15:06:22.843+0000] {logging_mixin.py:149} INFO - [2023-06-03T15:06:22.843+0000] {dagbag.py:541} INFO - Filling up the DagBag from /opt/airflow/dags/dag3.py
[2023-06-03T15:06:23.230+0000] {processor.py:809} INFO - DAG(s) dict_keys(['third_dag']) retrieved from /opt/airflow/dags/dag3.py
[2023-06-03T15:06:23.782+0000] {logging_mixin.py:149} INFO - [2023-06-03T15:06:23.781+0000] {dag.py:2726} INFO - Sync 1 DAGs
[2023-06-03T15:06:24.127+0000] {logging_mixin.py:149} INFO - [2023-06-03T15:06:24.127+0000] {dag.py:3490} INFO - Setting next_dagrun for third_dag to 2023-06-02T00:00:00+00:00, run_after=2023-06-03T00:00:00+00:00
[2023-06-03T15:06:24.378+0000] {processor.py:178} INFO - Processing /opt/airflow/dags/dag3.py took 1.660 seconds
[2023-06-03T15:06:55.430+0000] {processor.py:156} INFO - Started process (PID=43) to work on /opt/airflow/dags/dag3.py
[2023-06-03T15:06:55.452+0000] {processor.py:799} INFO - Processing file /opt/airflow/dags/dag3.py for tasks to queue
[2023-06-03T15:06:55.470+0000] {logging_mixin.py:149} INFO - [2023-06-03T15:06:55.470+0000] {dagbag.py:541} INFO - Filling up the DagBag from /opt/airflow/dags/dag3.py
[2023-06-03T15:06:55.734+0000] {processor.py:809} INFO - DAG(s) dict_keys(['third_dag']) retrieved from /opt/airflow/dags/dag3.py
[2023-06-03T15:06:56.217+0000] {logging_mixin.py:149} INFO - [2023-06-03T15:06:56.217+0000] {dag.py:2726} INFO - Sync 1 DAGs
[2023-06-03T15:06:56.938+0000] {logging_mixin.py:149} INFO - [2023-06-03T15:06:56.938+0000] {dag.py:3490} INFO - Setting next_dagrun for third_dag to 2023-06-02T00:00:00+00:00, run_after=2023-06-03T00:00:00+00:00
[2023-06-03T15:06:58.151+0000] {processor.py:178} INFO - Processing /opt/airflow/dags/dag3.py took 2.802 seconds
[2023-06-03T15:07:37.597+0000] {processor.py:156} INFO - Started process (PID=61) to work on /opt/airflow/dags/dag3.py
[2023-06-03T15:07:37.706+0000] {processor.py:799} INFO - Processing file /opt/airflow/dags/dag3.py for tasks to queue
[2023-06-03T15:07:37.747+0000] {logging_mixin.py:149} INFO - [2023-06-03T15:07:37.747+0000] {dagbag.py:541} INFO - Filling up the DagBag from /opt/airflow/dags/dag3.py
[2023-06-03T15:07:38.407+0000] {processor.py:809} INFO - DAG(s) dict_keys(['third_dag']) retrieved from /opt/airflow/dags/dag3.py
[2023-06-03T15:07:39.353+0000] {logging_mixin.py:149} INFO - [2023-06-03T15:07:39.351+0000] {dag.py:2726} INFO - Sync 1 DAGs
[2023-06-03T15:07:39.591+0000] {logging_mixin.py:149} INFO - [2023-06-03T15:07:39.590+0000] {dag.py:3490} INFO - Setting next_dagrun for third_dag to 2023-06-02T00:00:00+00:00, run_after=2023-06-03T00:00:00+00:00
[2023-06-03T15:07:39.900+0000] {processor.py:178} INFO - Processing /opt/airflow/dags/dag3.py took 2.441 seconds
[2023-06-03T15:08:17.190+0000] {processor.py:156} INFO - Started process (PID=65) to work on /opt/airflow/dags/dag3.py
[2023-06-03T15:08:17.313+0000] {processor.py:799} INFO - Processing file /opt/airflow/dags/dag3.py for tasks to queue
[2023-06-03T15:08:17.333+0000] {logging_mixin.py:149} INFO - [2023-06-03T15:08:17.332+0000] {dagbag.py:541} INFO - Filling up the DagBag from /opt/airflow/dags/dag3.py
[2023-06-03T15:08:20.999+0000] {processor.py:809} INFO - DAG(s) dict_keys(['third_dag']) retrieved from /opt/airflow/dags/dag3.py
[2023-06-03T15:08:59.849+0000] {logging_mixin.py:149} INFO - [2023-06-03T15:08:59.784+0000] {dag.py:2726} INFO - Sync 1 DAGs
[2023-06-03T15:09:33.371+0000] {processor.py:156} INFO - Started process (PID=84) to work on /opt/airflow/dags/dag3.py
[2023-06-03T15:09:33.394+0000] {processor.py:799} INFO - Processing file /opt/airflow/dags/dag3.py for tasks to queue
[2023-06-03T15:09:33.403+0000] {logging_mixin.py:149} INFO - [2023-06-03T15:09:33.403+0000] {dagbag.py:541} INFO - Filling up the DagBag from /opt/airflow/dags/dag3.py
[2023-06-03T15:09:34.157+0000] {processor.py:809} INFO - DAG(s) dict_keys(['third_dag']) retrieved from /opt/airflow/dags/dag3.py
[2023-06-03T15:09:36.674+0000] {logging_mixin.py:149} INFO - [2023-06-03T15:09:36.672+0000] {dag.py:2726} INFO - Sync 1 DAGs
[2023-06-03T15:10:04.996+0000] {logging_mixin.py:149} INFO - [2023-06-03T15:10:04.768+0000] {dag.py:3490} INFO - Setting next_dagrun for third_dag to 2023-06-02T00:00:00+00:00, run_after=2023-06-03T00:00:00+00:00
[2023-06-03T15:10:06.328+0000] {processor.py:178} INFO - Processing /opt/airflow/dags/dag3.py took 33.235 seconds
[2023-06-03T15:10:37.747+0000] {processor.py:156} INFO - Started process (PID=102) to work on /opt/airflow/dags/dag3.py
[2023-06-03T15:10:37.860+0000] {processor.py:799} INFO - Processing file /opt/airflow/dags/dag3.py for tasks to queue
[2023-06-03T15:10:37.866+0000] {logging_mixin.py:149} INFO - [2023-06-03T15:10:37.866+0000] {dagbag.py:541} INFO - Filling up the DagBag from /opt/airflow/dags/dag3.py
[2023-06-03T15:10:39.098+0000] {processor.py:809} INFO - DAG(s) dict_keys(['third_dag']) retrieved from /opt/airflow/dags/dag3.py
[2023-06-03T15:10:39.778+0000] {logging_mixin.py:149} INFO - [2023-06-03T15:10:39.766+0000] {dag.py:2726} INFO - Sync 1 DAGs
[2023-06-03T15:10:40.738+0000] {logging_mixin.py:149} INFO - [2023-06-03T15:10:40.655+0000] {dag.py:3490} INFO - Setting next_dagrun for third_dag to 2023-06-02T00:00:00+00:00, run_after=2023-06-03T00:00:00+00:00
[2023-06-03T15:11:02.943+0000] {processor.py:178} INFO - Processing /opt/airflow/dags/dag3.py took 25.377 seconds
